27/10/2023 14:29:34 INFO 
27/10/2023 14:29:34 INFO 
27/10/2023 14:29:34 INFO =========================================================================================================
27/10/2023 14:29:34 INFO =                             PROCESSANDO IMAGENS GOES AS 27/10/2023-14:29:34                           =
27/10/2023 14:29:34 INFO =========================================================================================================
27/10/2023 14:29:34 INFO 
27/10/2023 14:29:34 INFO VERIFICANDO NOVAS IMAGENS
27/10/2023 14:29:34 INFO Sem imagens para o dia band01
27/10/2023 14:29:34 INFO Sem imagens para o dia band02
27/10/2023 14:29:34 INFO Sem imagens para o dia band03
27/10/2023 14:29:34 INFO Sem imagens para o dia band04
27/10/2023 14:29:34 INFO Sem imagens para o dia band05
27/10/2023 14:29:34 INFO Sem imagens para o dia band06
27/10/2023 14:29:34 INFO Sem imagens para o dia band07
27/10/2023 14:29:34 INFO Sem imagens para o dia band08
27/10/2023 14:29:34 INFO Sem imagens para o dia band09
27/10/2023 14:29:34 INFO Sem imagens para o dia band10
27/10/2023 14:29:34 INFO Sem imagens para o dia band11
27/10/2023 14:29:34 INFO Sem imagens para o dia band12
27/10/2023 14:29:34 INFO Sem imagens para o dia band13
27/10/2023 14:29:34 INFO Sem imagens para o dia band14
27/10/2023 14:29:34 INFO Sem imagens para o dia band15
27/10/2023 14:29:34 INFO Sem imagens para o dia band16
27/10/2023 14:29:34 INFO Sem novas imagens TRUECOLOR
27/10/2023 14:29:34 INFO Sem novas imagens RRQPEF
27/10/2023 14:29:34 INFO Sem novas imagens GLM
27/10/2023 14:29:34 INFO Sem novas imagens FDCF
27/10/2023 14:29:34 INFO Sem novas imagens AIRMASS
27/10/2023 14:29:34 INFO Novas imagens para Land Surface Temperature
27/10/2023 14:29:34 INFO 
27/10/2023 14:29:34 INFO PROCESSANDO IMAGENS "BR"...
27/10/2023 14:29:34 INFO 
27/10/2023 14:29:34 INFO PROCESSANDO IMAGENS "SP"...
27/10/2023 14:29:34 INFO 
27/10/2023 14:29:34 INFO Sem imagens correspondentes a data para glm 
27/10/2023 14:29:34 INFO 
27/10/2023 14:29:34 INFO 
27/10/2023 14:29:34 INFO PROCESSANDO IMAGENS LAND SURFACE TEMPERATURE "BR"...
27/10/2023 14:29:35 ERROR Erro ao criar processo: 'NoneType' object has no attribute 'GetGeoTransform'
27/10/2023 14:29:35 INFO 
27/10/2023 14:29:35 INFO PROCESSANDO IMAGENS LAND SURFACE TEMPERATURE "SP"...
27/10/2023 14:29:35 ERROR Erro ao criar processo: 'NoneType' object has no attribute 'GetGeoTransform'
27/10/2023 14:29:35 INFO 
27/10/2023 14:29:35 INFO PROCESSAMENTO ENCERRADO
27/10/2023 14:29:35 INFO 
27/10/2023 14:29:35 INFO REMOVENDO IMAGENS PROCESSADAS
27/10/2023 14:29:35 INFO Removendo imagens LST
27/10/2023 14:29:35 INFO 
27/10/2023 14:29:35 INFO VERIFICANDO NUMERO DE PRODUTOS...
27/10/2023 14:29:36 INFO Quantidade de produtos dentro do limite
27/10/2023 14:29:36 INFO 
27/10/2023 14:29:36 INFO CRIANDO GIF ANIMADO "BR"...
27/10/2023 14:29:36 INFO 
27/10/2023 14:29:36 INFO CRIANDO GIF ANIMADO "SP"...
27/10/2023 14:29:36 INFO 
27/10/2023 14:29:36 INFO CRIANDO GIF ANIMADO lst "BR"...
27/10/2023 14:29:36 INFO 
27/10/2023 14:29:36 INFO CRIANDO GIF ANIMADO lst "BR"...
27/10/2023 14:29:36 INFO 
27/10/2023 14:29:36 INFO Tempo gasto 2.5129 segundos
27/10/2023 14:29:36 INFO 
27/10/2023 14:29:36 INFO =========================================================================================================
27/10/2023 14:29:36 INFO =                         PROCESSAMENTO ENCERRADO GOES AS 27/10/2023-14:29:36                           =
27/10/2023 14:29:36 INFO =========================================================================================================
27/10/2023 14:29:36 INFO 
27/10/2023 14:29:36 INFO 
27/10/2023 14:35:35 INFO 
27/10/2023 14:35:35 INFO 
27/10/2023 14:35:35 INFO =========================================================================================================
27/10/2023 14:35:35 INFO =                             PROCESSANDO IMAGENS GOES AS 27/10/2023-14:35:35                           =
27/10/2023 14:35:35 INFO =========================================================================================================
27/10/2023 14:35:35 INFO 
27/10/2023 14:35:35 INFO VERIFICANDO NOVAS IMAGENS
27/10/2023 14:35:35 INFO Sem imagens para o dia band01
27/10/2023 14:35:35 INFO Sem imagens para o dia band02
27/10/2023 14:35:35 INFO Sem imagens para o dia band03
27/10/2023 14:35:35 INFO Sem imagens para o dia band04
27/10/2023 14:35:35 INFO Sem imagens para o dia band05
27/10/2023 14:35:35 INFO Sem imagens para o dia band06
27/10/2023 14:35:35 INFO Sem imagens para o dia band07
27/10/2023 14:35:35 INFO Sem imagens para o dia band08
27/10/2023 14:35:35 INFO Sem imagens para o dia band09
27/10/2023 14:35:35 INFO Sem imagens para o dia band10
27/10/2023 14:35:35 INFO Sem imagens para o dia band11
27/10/2023 14:35:35 INFO Sem imagens para o dia band12
27/10/2023 14:35:36 INFO Sem imagens para o dia band13
27/10/2023 14:35:36 INFO Sem imagens para o dia band14
27/10/2023 14:35:36 INFO Sem imagens para o dia band15
27/10/2023 14:35:36 INFO Sem imagens para o dia band16
27/10/2023 14:35:36 INFO Sem novas imagens TRUECOLOR
27/10/2023 14:35:36 INFO Sem novas imagens RRQPEF
27/10/2023 14:35:36 INFO Sem novas imagens GLM
27/10/2023 14:35:36 INFO Sem novas imagens FDCF
27/10/2023 14:35:36 INFO Sem novas imagens AIRMASS
27/10/2023 14:35:36 INFO Sem imagens para Land Surface Temperature
27/10/2023 14:35:36 INFO Sem arquivos para processamento. 

27/10/2023 14:35:36 INFO 
27/10/2023 14:35:36 INFO Tempo gasto 0.2224 segundos
27/10/2023 14:35:36 INFO 
27/10/2023 14:35:36 INFO =========================================================================================================
27/10/2023 14:35:36 INFO =                         PROCESSAMENTO ENCERRADO GOES AS 27/10/2023-14:35:36                           =
27/10/2023 14:35:36 INFO =========================================================================================================
27/10/2023 14:35:36 INFO 
27/10/2023 14:35:36 INFO 
27/10/2023 14:37:44 INFO 
27/10/2023 14:37:44 INFO 
27/10/2023 14:37:44 INFO =========================================================================================================
27/10/2023 14:37:44 INFO =                             PROCESSANDO IMAGENS GOES AS 27/10/2023-14:37:44                           =
27/10/2023 14:37:44 INFO =========================================================================================================
27/10/2023 14:37:44 INFO 
27/10/2023 14:37:44 INFO VERIFICANDO NOVAS IMAGENS
27/10/2023 14:37:44 INFO Sem imagens para o dia band01
27/10/2023 14:37:44 INFO Sem imagens para o dia band02
27/10/2023 14:37:44 INFO Sem imagens para o dia band03
27/10/2023 14:37:44 INFO Sem imagens para o dia band04
27/10/2023 14:37:44 INFO Sem imagens para o dia band05
27/10/2023 14:37:44 INFO Sem imagens para o dia band06
27/10/2023 14:37:44 INFO Sem imagens para o dia band07
27/10/2023 14:37:44 INFO Sem imagens para o dia band08
27/10/2023 14:37:44 INFO Sem imagens para o dia band09
27/10/2023 14:37:44 INFO Sem imagens para o dia band10
27/10/2023 14:37:44 INFO Sem imagens para o dia band11
27/10/2023 14:37:44 INFO Sem imagens para o dia band12
27/10/2023 14:37:44 INFO Sem imagens para o dia band13
27/10/2023 14:37:44 INFO Sem imagens para o dia band14
27/10/2023 14:37:44 INFO Sem imagens para o dia band15
27/10/2023 14:37:44 INFO Sem imagens para o dia band16
27/10/2023 14:37:44 INFO Sem novas imagens TRUECOLOR
27/10/2023 14:37:44 INFO Sem novas imagens RRQPEF
27/10/2023 14:37:44 INFO Sem novas imagens GLM
27/10/2023 14:37:44 INFO Sem novas imagens FDCF
27/10/2023 14:37:44 INFO Sem novas imagens AIRMASS
27/10/2023 14:37:44 INFO Novas imagens para Land Surface Temperature
27/10/2023 14:37:44 INFO 
27/10/2023 14:37:44 INFO PROCESSANDO IMAGENS "BR"...
27/10/2023 14:37:44 INFO 
27/10/2023 14:37:44 INFO PROCESSANDO IMAGENS "SP"...
27/10/2023 14:37:44 INFO 
27/10/2023 14:37:44 INFO Sem imagens correspondentes a data para glm 
27/10/2023 14:37:44 INFO 
27/10/2023 14:37:44 INFO 
27/10/2023 14:37:44 INFO PROCESSANDO IMAGENS LAND SURFACE TEMPERATURE "BR"...
27/10/2023 14:37:55 INFO Total processing time: 10.77 seconds.
27/10/2023 14:37:55 INFO 
27/10/2023 14:37:55 INFO PROCESSANDO IMAGENS LAND SURFACE TEMPERATURE "SP"...
27/10/2023 14:38:01 INFO Total processing time: 6.22 seconds.
27/10/2023 14:38:01 INFO 
27/10/2023 14:38:01 INFO PROCESSAMENTO ENCERRADO
27/10/2023 14:38:01 INFO 
27/10/2023 14:38:01 INFO REMOVENDO IMAGENS PROCESSADAS
27/10/2023 14:38:01 INFO Removendo imagens LST
27/10/2023 14:38:01 INFO 
27/10/2023 14:38:01 INFO VERIFICANDO NUMERO DE PRODUTOS...
27/10/2023 14:38:03 INFO Quantidade de produtos dentro do limite
27/10/2023 14:38:03 INFO 
27/10/2023 14:38:03 INFO CRIANDO GIF ANIMADO "BR"...
27/10/2023 14:38:03 INFO 
27/10/2023 14:38:03 INFO CRIANDO GIF ANIMADO "SP"...
27/10/2023 14:38:03 INFO 
27/10/2023 14:38:03 INFO CRIANDO GIF ANIMADO lst "BR"...
27/10/2023 14:38:03 INFO 
27/10/2023 14:38:03 INFO CRIANDO GIF ANIMADO lst "BR"...
27/10/2023 14:38:03 INFO 
27/10/2023 14:38:03 INFO Tempo gasto 18.9646 segundos
27/10/2023 14:38:03 INFO 
27/10/2023 14:38:03 INFO =========================================================================================================
27/10/2023 14:38:03 INFO =                         PROCESSAMENTO ENCERRADO GOES AS 27/10/2023-14:38:03                           =
27/10/2023 14:38:03 INFO =========================================================================================================
27/10/2023 14:38:03 INFO 
27/10/2023 14:38:03 INFO 
