11/08/2023 12:13:18 INFO 
11/08/2023 12:13:18 INFO 
11/08/2023 12:13:18 INFO =========================================================================================================
11/08/2023 12:13:18 INFO =                             PROCESSANDO IMAGENS GOES AS 11/08/2023-12:13:18                           =
11/08/2023 12:13:18 INFO =========================================================================================================
11/08/2023 12:13:18 INFO 
11/08/2023 12:13:18 INFO VERIFICANDO NOVAS IMAGENS
11/08/2023 12:13:18 INFO Sem novas imagens Banda 01
11/08/2023 12:14:54 INFO 
11/08/2023 12:14:54 INFO 
11/08/2023 12:14:54 INFO =========================================================================================================
11/08/2023 12:14:54 INFO =                             PROCESSANDO IMAGENS GOES AS 11/08/2023-12:14:54                           =
11/08/2023 12:14:54 INFO =========================================================================================================
11/08/2023 12:14:54 INFO 
11/08/2023 12:14:54 INFO VERIFICANDO NOVAS IMAGENS
11/08/2023 12:14:54 INFO Sem novas imagens Banda 01
11/08/2023 12:15:36 INFO 
11/08/2023 12:15:36 INFO 
11/08/2023 12:15:36 INFO =========================================================================================================
11/08/2023 12:15:36 INFO =                             PROCESSANDO IMAGENS GOES AS 11/08/2023-12:15:36                           =
11/08/2023 12:15:36 INFO =========================================================================================================
11/08/2023 12:15:36 INFO 
11/08/2023 12:15:36 INFO VERIFICANDO NOVAS IMAGENS
11/08/2023 12:15:36 INFO Sem novas imagens Banda 01
11/08/2023 12:26:33 INFO 
11/08/2023 12:26:33 INFO 
11/08/2023 12:26:33 INFO =========================================================================================================
11/08/2023 12:26:33 INFO =                             PROCESSANDO IMAGENS GOES AS 11/08/2023-12:26:33                           =
11/08/2023 12:26:33 INFO =========================================================================================================
11/08/2023 12:26:33 INFO 
11/08/2023 12:26:33 INFO VERIFICANDO NOVAS IMAGENS
11/08/2023 12:26:33 INFO Sem novas imagens Banda 01
11/08/2023 12:26:58 INFO 
11/08/2023 12:26:58 INFO 
11/08/2023 12:26:58 INFO =========================================================================================================
11/08/2023 12:26:58 INFO =                             PROCESSANDO IMAGENS GOES AS 11/08/2023-12:26:58                           =
11/08/2023 12:26:58 INFO =========================================================================================================
11/08/2023 12:26:58 INFO 
11/08/2023 12:26:58 INFO VERIFICANDO NOVAS IMAGENS
11/08/2023 12:26:58 INFO Sem novas imagens Banda 01
11/08/2023 12:27:29 INFO 
11/08/2023 12:27:29 INFO 
11/08/2023 12:27:29 INFO =========================================================================================================
11/08/2023 12:27:29 INFO =                             PROCESSANDO IMAGENS GOES AS 11/08/2023-12:27:29                           =
11/08/2023 12:27:29 INFO =========================================================================================================
11/08/2023 12:27:29 INFO 
11/08/2023 12:27:29 INFO VERIFICANDO NOVAS IMAGENS
11/08/2023 12:27:29 INFO Sem novas imagens Banda 01
11/08/2023 12:35:39 INFO 
11/08/2023 12:35:39 INFO 
11/08/2023 12:35:39 INFO =========================================================================================================
11/08/2023 12:35:39 INFO =                             PROCESSANDO IMAGENS GOES AS 11/08/2023-12:35:39                           =
11/08/2023 12:35:39 INFO =========================================================================================================
11/08/2023 12:35:39 INFO 
11/08/2023 12:35:39 INFO VERIFICANDO NOVAS IMAGENS
11/08/2023 12:35:39 INFO Sem novas imagens Banda 01
11/08/2023 12:37:57 INFO 
11/08/2023 12:37:57 INFO 
11/08/2023 12:37:57 INFO =========================================================================================================
11/08/2023 12:37:57 INFO =                             PROCESSANDO IMAGENS GOES AS 11/08/2023-12:37:57                           =
11/08/2023 12:37:57 INFO =========================================================================================================
11/08/2023 12:37:57 INFO 
11/08/2023 12:37:57 INFO VERIFICANDO NOVAS IMAGENS
11/08/2023 12:37:57 INFO Sem novas imagens Banda 01
11/08/2023 12:39:43 INFO 
11/08/2023 12:39:43 INFO 
11/08/2023 12:39:43 INFO =========================================================================================================
11/08/2023 12:39:43 INFO =                             PROCESSANDO IMAGENS GOES AS 11/08/2023-12:39:43                           =
11/08/2023 12:39:43 INFO =========================================================================================================
11/08/2023 12:39:43 INFO 
11/08/2023 12:39:43 INFO VERIFICANDO NOVAS IMAGENS
11/08/2023 12:39:43 INFO Sem novas imagens Banda 01
11/08/2023 12:39:43 INFO Sem novas imagens Banda 02
11/08/2023 12:39:43 INFO Sem novas imagens Banda 03
11/08/2023 12:39:43 INFO Sem novas imagens Banda 04
11/08/2023 12:39:43 INFO Sem novas imagens Banda 05
11/08/2023 12:39:43 INFO Sem novas imagens Banda 06
11/08/2023 12:39:43 INFO Sem novas imagens Banda 07
11/08/2023 12:39:43 INFO Sem novas imagens Banda 08
11/08/2023 12:39:43 INFO Sem novas imagens Banda 09
11/08/2023 12:39:43 INFO Sem novas imagens Banda 10
11/08/2023 12:39:43 INFO Sem novas imagens Banda 11
11/08/2023 12:39:43 INFO Sem novas imagens Banda 12
11/08/2023 12:39:43 INFO Sem novas imagens Banda 13
11/08/2023 12:39:43 INFO Sem novas imagens Banda 14
11/08/2023 12:39:43 INFO Sem novas imagens Banda 15
11/08/2023 12:39:43 INFO Sem novas imagens Banda 16
11/08/2023 12:39:43 INFO Sem novas imagens TRUECOLOR
11/08/2023 12:39:43 INFO Sem novas imagens RRQPEF
11/08/2023 12:39:43 INFO Sem novas imagens GLM
11/08/2023 12:39:43 INFO Sem novas imagens NDVI
11/08/2023 12:39:43 INFO Sem novas imagens FDCF
11/08/2023 12:39:43 INFO 
11/08/2023 12:39:43 INFO SEM NOVAS IMAGENS PARA PROCESSAMENTO
11/08/2023 12:39:43 INFO 
11/08/2023 12:39:43 INFO Tempo gasto 0.0014 segundos
11/08/2023 12:39:43 INFO 
11/08/2023 12:39:43 INFO =========================================================================================================
11/08/2023 12:39:43 INFO =                         PROCESSAMENTO ENCERRADO GOES AS 11/08/2023-12:39:43                           =
11/08/2023 12:39:43 INFO =========================================================================================================
11/08/2023 12:39:43 INFO 
11/08/2023 12:39:43 INFO 
11/08/2023 12:39:51 INFO 
11/08/2023 12:39:51 INFO 
11/08/2023 12:39:51 INFO =========================================================================================================
11/08/2023 12:39:51 INFO =                             PROCESSANDO IMAGENS GOES AS 11/08/2023-12:39:51                           =
11/08/2023 12:39:51 INFO =========================================================================================================
11/08/2023 12:39:51 INFO 
11/08/2023 12:39:51 INFO VERIFICANDO NOVAS IMAGENS
11/08/2023 12:39:51 INFO Sem novas imagens Banda 01
11/08/2023 12:39:51 INFO Sem novas imagens Banda 02
11/08/2023 12:39:51 INFO Sem novas imagens Banda 03
11/08/2023 12:39:51 INFO Sem novas imagens Banda 04
11/08/2023 12:39:51 INFO Sem novas imagens Banda 05
11/08/2023 12:39:51 INFO Sem novas imagens Banda 06
11/08/2023 12:39:51 INFO Sem novas imagens Banda 07
11/08/2023 12:39:51 INFO Sem novas imagens Banda 08
11/08/2023 12:39:51 INFO Sem novas imagens Banda 09
11/08/2023 12:39:51 INFO Sem novas imagens Banda 10
11/08/2023 12:39:51 INFO Sem novas imagens Banda 11
11/08/2023 12:39:51 INFO Sem novas imagens Banda 12
11/08/2023 12:39:51 INFO Sem novas imagens Banda 13
11/08/2023 12:39:51 INFO Sem novas imagens Banda 14
11/08/2023 12:39:51 INFO Sem novas imagens Banda 15
11/08/2023 12:39:51 INFO Sem novas imagens Banda 16
11/08/2023 12:39:51 INFO Sem novas imagens TRUECOLOR
11/08/2023 12:39:51 INFO Sem novas imagens RRQPEF
11/08/2023 12:39:51 INFO Sem novas imagens GLM
11/08/2023 12:39:51 INFO Sem novas imagens NDVI
11/08/2023 12:39:51 INFO Sem novas imagens FDCF
11/08/2023 12:39:51 INFO 
11/08/2023 12:39:51 INFO SEM NOVAS IMAGENS PARA PROCESSAMENTO
11/08/2023 12:39:51 INFO 
11/08/2023 12:39:51 INFO Tempo gasto 0.0013 segundos
11/08/2023 12:39:51 INFO 
11/08/2023 12:39:51 INFO =========================================================================================================
11/08/2023 12:39:51 INFO =                         PROCESSAMENTO ENCERRADO GOES AS 11/08/2023-12:39:51                           =
11/08/2023 12:39:51 INFO =========================================================================================================
11/08/2023 12:39:51 INFO 
11/08/2023 12:39:51 INFO 
11/08/2023 12:41:25 INFO 
11/08/2023 12:41:25 INFO 
11/08/2023 12:41:25 INFO =========================================================================================================
11/08/2023 12:41:25 INFO =                             PROCESSANDO IMAGENS GOES AS 11/08/2023-12:41:25                           =
11/08/2023 12:41:25 INFO =========================================================================================================
11/08/2023 12:41:25 INFO 
11/08/2023 12:41:25 INFO VERIFICANDO NOVAS IMAGENS
11/08/2023 12:41:25 INFO Sem novas imagens Banda 01
11/08/2023 12:41:25 INFO Sem novas imagens Banda 02
11/08/2023 12:41:25 INFO Sem novas imagens Banda 03
11/08/2023 12:41:25 INFO Sem novas imagens Banda 04
11/08/2023 12:41:25 INFO Sem novas imagens Banda 05
11/08/2023 12:41:25 INFO Sem novas imagens Banda 06
11/08/2023 12:41:25 INFO Sem novas imagens Banda 07
11/08/2023 12:41:25 INFO Sem novas imagens Banda 08
11/08/2023 12:41:25 INFO Sem novas imagens Banda 09
11/08/2023 12:41:25 INFO Sem novas imagens Banda 10
11/08/2023 12:41:25 INFO Sem novas imagens Banda 11
11/08/2023 12:41:25 INFO Sem novas imagens Banda 12
11/08/2023 12:41:25 INFO Sem novas imagens Banda 13
11/08/2023 12:41:25 INFO Sem novas imagens Banda 14
11/08/2023 12:41:25 INFO Sem novas imagens Banda 15
11/08/2023 12:41:25 INFO Sem novas imagens Banda 16
11/08/2023 12:41:25 INFO Sem novas imagens TRUECOLOR
11/08/2023 12:41:25 INFO Sem novas imagens RRQPEF
11/08/2023 12:41:25 INFO Sem novas imagens GLM
11/08/2023 12:41:25 INFO Sem novas imagens NDVI
11/08/2023 12:41:25 INFO Sem novas imagens FDCF
11/08/2023 12:41:25 INFO 
11/08/2023 12:41:25 INFO SEM NOVAS IMAGENS PARA PROCESSAMENTO
11/08/2023 12:41:25 INFO 
11/08/2023 12:41:25 INFO Tempo gasto 0.0015 segundos
11/08/2023 12:41:25 INFO 
11/08/2023 12:41:25 INFO =========================================================================================================
11/08/2023 12:41:25 INFO =                         PROCESSAMENTO ENCERRADO GOES AS 11/08/2023-12:41:25                           =
11/08/2023 12:41:25 INFO =========================================================================================================
11/08/2023 12:41:25 INFO 
11/08/2023 12:41:25 INFO 
11/08/2023 12:42:07 INFO 
11/08/2023 12:42:07 INFO 
11/08/2023 12:42:07 INFO =========================================================================================================
11/08/2023 12:42:07 INFO =                             PROCESSANDO IMAGENS GOES AS 11/08/2023-12:42:07                           =
11/08/2023 12:42:07 INFO =========================================================================================================
11/08/2023 12:42:07 INFO 
11/08/2023 12:42:07 INFO VERIFICANDO NOVAS IMAGENS
11/08/2023 12:42:07 INFO Sem novas imagens Banda 01
11/08/2023 12:42:07 INFO Sem novas imagens Banda 02
11/08/2023 12:42:07 INFO Sem novas imagens Banda 03
11/08/2023 12:42:07 INFO Sem novas imagens Banda 04
11/08/2023 12:42:07 INFO Sem novas imagens Banda 05
11/08/2023 12:42:07 INFO Sem novas imagens Banda 06
11/08/2023 12:42:07 INFO Sem novas imagens Banda 07
11/08/2023 12:42:07 INFO Sem novas imagens Banda 08
11/08/2023 12:42:07 INFO Sem novas imagens Banda 09
11/08/2023 12:42:07 INFO Sem novas imagens Banda 10
11/08/2023 12:42:07 INFO Sem novas imagens Banda 11
11/08/2023 12:42:07 INFO Sem novas imagens Banda 12
11/08/2023 12:42:07 INFO Sem novas imagens Banda 13
11/08/2023 12:42:07 INFO Sem novas imagens Banda 14
11/08/2023 12:42:07 INFO Sem novas imagens Banda 15
11/08/2023 12:42:07 INFO Sem novas imagens Banda 16
11/08/2023 12:42:07 INFO Sem novas imagens TRUECOLOR
11/08/2023 12:42:07 INFO Sem novas imagens RRQPEF
11/08/2023 12:42:07 INFO Sem novas imagens GLM
11/08/2023 12:42:07 INFO Sem novas imagens NDVI
11/08/2023 12:42:07 INFO Sem novas imagens FDCF
11/08/2023 12:42:07 INFO 
11/08/2023 12:42:07 INFO SEM NOVAS IMAGENS PARA PROCESSAMENTO
11/08/2023 12:42:07 INFO 
11/08/2023 12:42:07 INFO Tempo gasto 0.0015 segundos
11/08/2023 12:42:07 INFO 
11/08/2023 12:42:07 INFO =========================================================================================================
11/08/2023 12:42:07 INFO =                         PROCESSAMENTO ENCERRADO GOES AS 11/08/2023-12:42:07                           =
11/08/2023 12:42:07 INFO =========================================================================================================
11/08/2023 12:42:07 INFO 
11/08/2023 12:42:07 INFO 
11/08/2023 12:43:28 INFO 
11/08/2023 12:43:28 INFO 
11/08/2023 12:43:28 INFO =========================================================================================================
11/08/2023 12:43:28 INFO =                             PROCESSANDO IMAGENS GOES AS 11/08/2023-12:43:28                           =
11/08/2023 12:43:28 INFO =========================================================================================================
11/08/2023 12:43:28 INFO 
11/08/2023 12:43:28 INFO 
11/08/2023 12:43:28 INFO PROCESSANDO IMAGENS "BR"...
11/08/2023 12:43:28 INFO 
11/08/2023 12:43:28 INFO PROCESSANDO IMAGENS "SP"...
11/08/2023 12:43:28 INFO 
11/08/2023 12:43:28 INFO PROCESSAMENTO ENCERRADO
11/08/2023 12:43:28 INFO 
11/08/2023 12:43:28 INFO REMOVENDO IMAGENS PROCESSADAS
11/08/2023 12:43:28 INFO Removendo imagens banda 01
11/08/2023 12:43:28 INFO Erro Arquivo - FileNotFoundError - CG_ABI-L2-CMIPF-M6C01_G16_s20230761510209_e20230761519517_c20230761519591.nc
11/08/2023 12:43:28 INFO [Errno 2] No such file or directory: '/home/guimoura/download_amazon/goes/band01/CG_ABI-L2-CMIPF-M6C01_G16_s20230761510209_e20230761519517_c20230761519591.nc'
11/08/2023 12:43:28 INFO Erro Arquivo - FileNotFoundError - CG_ABI-L2-CMIPF-M6C01_G16_s20230761510209_e20230761519517_c20230761519591_reproj_br.nc
11/08/2023 12:43:28 INFO [Errno 2] No such file or directory: '/home/guimoura/download_amazon/goes/band01/CG_ABI-L2-CMIPF-M6C01_G16_s20230761510209_e20230761519517_c20230761519591_reproj_br.nc'
11/08/2023 12:43:28 INFO Erro Arquivo - FileNotFoundError - CG_ABI-L2-CMIPF-M6C01_G16_s20230761510209_e20230761519517_c20230761519591_reproj_sp.nc
11/08/2023 12:43:28 INFO [Errno 2] No such file or directory: '/home/guimoura/download_amazon/goes/band01/CG_ABI-L2-CMIPF-M6C01_G16_s20230761510209_e20230761519517_c20230761519591_reproj_sp.nc'
11/08/2023 12:43:28 INFO Erro Arquivo - FileNotFoundError - CG_ABI-L2-CMIPF-M6C01_G16_s20230761510209_e20230761519517_c20230761519591_reproj_br.nc
11/08/2023 12:43:28 INFO [Errno 2] No such file or directory: '/home/guimoura/download_amazon/goes/band01/CG_ABI-L2-CMIPF-M6C01_G16_s20230761510209_e20230761519517_c20230761519591_reproj_br.nc'
11/08/2023 12:43:28 INFO Erro Arquivo - FileNotFoundError - CG_ABI-L2-CMIPF-M6C01_G16_s20230761510209_e20230761519517_c20230761519591_reproj_br_reproj_br.nc
11/08/2023 12:43:28 INFO [Errno 2] No such file or directory: '/home/guimoura/download_amazon/goes/band01/CG_ABI-L2-CMIPF-M6C01_G16_s20230761510209_e20230761519517_c20230761519591_reproj_br_reproj_br.nc'
11/08/2023 12:43:28 INFO Erro Arquivo - FileNotFoundError - CG_ABI-L2-CMIPF-M6C01_G16_s20230761510209_e20230761519517_c20230761519591_reproj_br_reproj_sp.nc
11/08/2023 12:43:28 INFO [Errno 2] No such file or directory: '/home/guimoura/download_amazon/goes/band01/CG_ABI-L2-CMIPF-M6C01_G16_s20230761510209_e20230761519517_c20230761519591_reproj_br_reproj_sp.nc'
11/08/2023 12:43:28 INFO Removendo arquivo de processamento da banda 01
11/08/2023 12:43:28 INFO 
11/08/2023 12:43:28 INFO VERIFICANDO NUMERO DE PRODUTOS...
11/08/2023 12:43:28 INFO Quantidade de produtos dentro do limite
11/08/2023 12:43:28 INFO 
11/08/2023 12:43:28 INFO CRIANDO GIF ANIMADO "BR"...
11/08/2023 12:43:28 INFO Gif BR banda 01
11/08/2023 12:43:29 INFO 
11/08/2023 12:43:29 INFO CRIANDO GIF ANIMADO "SP"...
11/08/2023 12:43:29 INFO Gif SP banda 01
11/08/2023 12:43:29 INFO 
11/08/2023 12:43:29 INFO ENVIANDO PRODUTOS PARA O SITE
11/08/2023 12:43:55 INFO 
11/08/2023 12:43:55 INFO 
11/08/2023 12:43:55 INFO =========================================================================================================
11/08/2023 12:43:55 INFO =                             PROCESSANDO IMAGENS GOES AS 11/08/2023-12:43:55                           =
11/08/2023 12:43:55 INFO =========================================================================================================
11/08/2023 12:43:55 INFO 
11/08/2023 12:43:55 INFO VERIFICANDO NOVAS IMAGENS
11/08/2023 12:43:55 INFO Sem novas imagens Banda 01
11/08/2023 12:43:55 INFO Sem novas imagens Banda 02
11/08/2023 12:43:55 INFO Sem novas imagens Banda 03
11/08/2023 12:43:55 INFO Sem novas imagens Banda 04
11/08/2023 12:43:55 INFO Sem novas imagens Banda 05
11/08/2023 12:43:55 INFO Sem novas imagens Banda 06
11/08/2023 12:43:55 INFO Sem novas imagens Banda 07
11/08/2023 12:43:55 INFO Sem novas imagens Banda 08
11/08/2023 12:43:55 INFO Sem novas imagens Banda 09
11/08/2023 12:43:55 INFO Sem novas imagens Banda 10
11/08/2023 12:43:55 INFO Sem novas imagens Banda 11
11/08/2023 12:43:55 INFO Sem novas imagens Banda 12
11/08/2023 12:43:55 INFO Sem novas imagens Banda 13
11/08/2023 12:43:55 INFO Sem novas imagens Banda 14
11/08/2023 12:43:55 INFO Sem novas imagens Banda 15
11/08/2023 12:43:55 INFO Sem novas imagens Banda 16
11/08/2023 12:43:55 INFO Sem novas imagens TRUECOLOR
11/08/2023 12:43:55 INFO Sem novas imagens RRQPEF
11/08/2023 12:43:55 INFO Sem novas imagens GLM
11/08/2023 12:43:55 INFO Sem novas imagens NDVI
11/08/2023 12:43:55 INFO Sem novas imagens FDCF
11/08/2023 12:43:55 INFO 
11/08/2023 12:43:55 INFO SEM NOVAS IMAGENS PARA PROCESSAMENTO
11/08/2023 12:43:55 INFO 
11/08/2023 12:43:55 INFO Tempo gasto 0.0016 segundos
11/08/2023 12:43:55 INFO 
11/08/2023 12:43:55 INFO =========================================================================================================
11/08/2023 12:43:55 INFO =                         PROCESSAMENTO ENCERRADO GOES AS 11/08/2023-12:43:55                           =
11/08/2023 12:43:55 INFO =========================================================================================================
11/08/2023 12:43:55 INFO 
11/08/2023 12:43:55 INFO 
11/08/2023 12:49:45 INFO 
11/08/2023 12:49:45 INFO 
11/08/2023 12:49:45 INFO =========================================================================================================
11/08/2023 12:49:45 INFO =                             PROCESSANDO IMAGENS GOES AS 11/08/2023-12:49:45                           =
11/08/2023 12:49:45 INFO =========================================================================================================
11/08/2023 12:49:45 INFO 
11/08/2023 12:49:45 INFO VERIFICANDO NOVAS IMAGENS
11/08/2023 12:49:45 INFO Sem novas imagens Banda 01
11/08/2023 12:49:45 INFO Sem novas imagens Banda 02
11/08/2023 12:49:45 INFO Sem novas imagens Banda 03
11/08/2023 12:49:45 INFO Sem novas imagens Banda 04
11/08/2023 12:49:45 INFO Sem novas imagens Banda 05
11/08/2023 12:49:45 INFO Sem novas imagens Banda 06
11/08/2023 12:49:45 INFO Sem novas imagens Banda 07
11/08/2023 12:49:45 INFO Sem novas imagens Banda 08
11/08/2023 12:49:45 INFO Sem novas imagens Banda 09
11/08/2023 12:49:45 INFO Sem novas imagens Banda 10
11/08/2023 12:49:45 INFO Sem novas imagens Banda 11
11/08/2023 12:49:45 INFO Sem novas imagens Banda 12
11/08/2023 12:49:45 INFO Sem novas imagens Banda 13
11/08/2023 12:49:45 INFO Sem novas imagens Banda 14
11/08/2023 12:49:45 INFO Sem novas imagens Banda 15
11/08/2023 12:49:45 INFO Sem novas imagens Banda 16
11/08/2023 12:49:45 INFO Sem novas imagens TRUECOLOR
11/08/2023 12:49:45 INFO Sem novas imagens RRQPEF
11/08/2023 12:49:45 INFO Sem novas imagens GLM
11/08/2023 12:49:45 INFO Sem novas imagens NDVI
11/08/2023 12:49:45 INFO Sem novas imagens FDCF
11/08/2023 12:49:45 INFO 
11/08/2023 12:49:45 INFO SEM NOVAS IMAGENS PARA PROCESSAMENTO
11/08/2023 12:49:45 INFO 
11/08/2023 12:49:45 INFO Tempo gasto 0.0015 segundos
11/08/2023 12:49:45 INFO 
11/08/2023 12:49:45 INFO =========================================================================================================
11/08/2023 12:49:45 INFO =                         PROCESSAMENTO ENCERRADO GOES AS 11/08/2023-12:49:45                           =
11/08/2023 12:49:45 INFO =========================================================================================================
11/08/2023 12:49:45 INFO 
11/08/2023 12:49:45 INFO 
11/08/2023 12:50:26 INFO 
11/08/2023 12:50:26 INFO 
11/08/2023 12:50:26 INFO =========================================================================================================
11/08/2023 12:50:26 INFO =                             PROCESSANDO IMAGENS GOES AS 11/08/2023-12:50:26                           =
11/08/2023 12:50:26 INFO =========================================================================================================
11/08/2023 12:50:26 INFO 
11/08/2023 12:50:26 INFO 
11/08/2023 12:50:26 INFO PROCESSANDO IMAGENS "BR"...
11/08/2023 12:51:46 INFO 
11/08/2023 12:51:46 INFO 
11/08/2023 12:51:46 INFO =========================================================================================================
11/08/2023 12:51:46 INFO =                             PROCESSANDO IMAGENS GOES AS 11/08/2023-12:51:46                           =
11/08/2023 12:51:46 INFO =========================================================================================================
11/08/2023 12:51:46 INFO 
11/08/2023 12:51:46 INFO VERIFICANDO NOVAS IMAGENS
11/08/2023 12:51:46 INFO Sem novas imagens Banda 01
11/08/2023 12:51:46 INFO Sem novas imagens TRUECOLOR
11/08/2023 12:51:46 INFO Sem novas imagens RRQPEF
11/08/2023 12:51:46 INFO Sem novas imagens GLM
11/08/2023 12:51:46 INFO Sem novas imagens NDVI
11/08/2023 12:51:46 INFO Sem novas imagens FDCF
11/08/2023 12:51:46 INFO 
11/08/2023 12:51:46 INFO SEM NOVAS IMAGENS PARA PROCESSAMENTO
11/08/2023 12:51:46 INFO 
11/08/2023 12:51:46 INFO Tempo gasto 0.0007 segundos
11/08/2023 12:51:46 INFO 
11/08/2023 12:51:46 INFO =========================================================================================================
11/08/2023 12:51:46 INFO =                         PROCESSAMENTO ENCERRADO GOES AS 11/08/2023-12:51:46                           =
11/08/2023 12:51:46 INFO =========================================================================================================
11/08/2023 12:51:46 INFO 
11/08/2023 12:51:46 INFO 
11/08/2023 12:51:56 INFO 
11/08/2023 12:51:56 INFO 
11/08/2023 12:51:56 INFO =========================================================================================================
11/08/2023 12:51:56 INFO =                             PROCESSANDO IMAGENS GOES AS 11/08/2023-12:51:56                           =
11/08/2023 12:51:56 INFO =========================================================================================================
11/08/2023 12:51:56 INFO 
11/08/2023 12:51:56 INFO VERIFICANDO NOVAS IMAGENS
11/08/2023 12:51:56 INFO Sem novas imagens Banda 01
11/08/2023 12:53:41 INFO 
11/08/2023 12:53:41 INFO 
11/08/2023 12:53:41 INFO =========================================================================================================
11/08/2023 12:53:41 INFO =                             PROCESSANDO IMAGENS GOES AS 11/08/2023-12:53:41                           =
11/08/2023 12:53:41 INFO =========================================================================================================
11/08/2023 12:53:41 INFO 
11/08/2023 12:53:41 INFO VERIFICANDO NOVAS IMAGENS
11/08/2023 12:53:41 INFO Sem novas imagens Banda 01
11/08/2023 12:54:06 INFO 
11/08/2023 12:54:06 INFO 
11/08/2023 12:54:06 INFO =========================================================================================================
11/08/2023 12:54:06 INFO =                             PROCESSANDO IMAGENS GOES AS 11/08/2023-12:54:06                           =
11/08/2023 12:54:06 INFO =========================================================================================================
11/08/2023 12:54:06 INFO 
11/08/2023 12:54:06 INFO VERIFICANDO NOVAS IMAGENS
11/08/2023 12:54:06 INFO Sem novas imagens Banda 01
11/08/2023 12:54:06 INFO Sem novas imagens RRQPEF
11/08/2023 12:54:06 INFO Sem novas imagens GLM
11/08/2023 12:54:06 INFO Sem novas imagens NDVI
11/08/2023 12:54:06 INFO Sem novas imagens FDCF
11/08/2023 12:54:06 INFO 
11/08/2023 12:54:06 INFO SEM NOVAS IMAGENS PARA PROCESSAMENTO
11/08/2023 12:54:06 INFO 
11/08/2023 12:54:06 INFO Tempo gasto 0.0006 segundos
11/08/2023 12:54:06 INFO 
11/08/2023 12:54:06 INFO =========================================================================================================
11/08/2023 12:54:06 INFO =                         PROCESSAMENTO ENCERRADO GOES AS 11/08/2023-12:54:06                           =
11/08/2023 12:54:06 INFO =========================================================================================================
11/08/2023 12:54:06 INFO 
11/08/2023 12:54:06 INFO 
11/08/2023 12:54:23 INFO 
11/08/2023 12:54:23 INFO 
11/08/2023 12:54:23 INFO =========================================================================================================
11/08/2023 12:54:23 INFO =                             PROCESSANDO IMAGENS GOES AS 11/08/2023-12:54:23                           =
11/08/2023 12:54:23 INFO =========================================================================================================
11/08/2023 12:54:23 INFO 
11/08/2023 12:54:23 INFO VERIFICANDO NOVAS IMAGENS
11/08/2023 12:54:23 INFO Sem novas imagens Banda 01
11/08/2023 12:54:23 INFO Sem novas imagens GLM
11/08/2023 12:54:23 INFO Sem novas imagens NDVI
11/08/2023 12:54:23 INFO Sem novas imagens FDCF
11/08/2023 12:54:23 INFO 
11/08/2023 12:54:23 INFO SEM NOVAS IMAGENS PARA PROCESSAMENTO
11/08/2023 12:54:23 INFO 
11/08/2023 12:54:23 INFO Tempo gasto 0.0007 segundos
11/08/2023 12:54:23 INFO 
11/08/2023 12:54:23 INFO =========================================================================================================
11/08/2023 12:54:23 INFO =                         PROCESSAMENTO ENCERRADO GOES AS 11/08/2023-12:54:23                           =
11/08/2023 12:54:23 INFO =========================================================================================================
11/08/2023 12:54:23 INFO 
11/08/2023 12:54:23 INFO 
11/08/2023 12:54:37 INFO 
11/08/2023 12:54:37 INFO 
11/08/2023 12:54:37 INFO =========================================================================================================
11/08/2023 12:54:37 INFO =                             PROCESSANDO IMAGENS GOES AS 11/08/2023-12:54:37                           =
11/08/2023 12:54:37 INFO =========================================================================================================
11/08/2023 12:54:37 INFO 
11/08/2023 12:54:37 INFO VERIFICANDO NOVAS IMAGENS
11/08/2023 12:54:37 INFO Sem novas imagens Banda 01
11/08/2023 12:54:37 INFO Sem novas imagens NDVI
11/08/2023 12:54:37 INFO Sem novas imagens FDCF
11/08/2023 12:54:37 INFO 
11/08/2023 12:54:37 INFO SEM NOVAS IMAGENS PARA PROCESSAMENTO
11/08/2023 12:54:37 INFO 
11/08/2023 12:54:37 INFO Tempo gasto 0.0005 segundos
11/08/2023 12:54:37 INFO 
11/08/2023 12:54:37 INFO =========================================================================================================
11/08/2023 12:54:37 INFO =                         PROCESSAMENTO ENCERRADO GOES AS 11/08/2023-12:54:37                           =
11/08/2023 12:54:37 INFO =========================================================================================================
11/08/2023 12:54:37 INFO 
11/08/2023 12:54:37 INFO 
11/08/2023 12:54:53 INFO 
11/08/2023 12:54:53 INFO 
11/08/2023 12:54:53 INFO =========================================================================================================
11/08/2023 12:54:53 INFO =                             PROCESSANDO IMAGENS GOES AS 11/08/2023-12:54:53                           =
11/08/2023 12:54:53 INFO =========================================================================================================
11/08/2023 12:54:53 INFO 
11/08/2023 12:54:53 INFO VERIFICANDO NOVAS IMAGENS
11/08/2023 12:54:53 INFO Sem novas imagens Banda 01
11/08/2023 12:54:53 INFO Sem novas imagens FDCF
11/08/2023 12:54:53 INFO 
11/08/2023 12:54:53 INFO SEM NOVAS IMAGENS PARA PROCESSAMENTO
11/08/2023 12:54:53 INFO 
11/08/2023 12:54:53 INFO Tempo gasto 0.0005 segundos
11/08/2023 12:54:53 INFO 
11/08/2023 12:54:53 INFO =========================================================================================================
11/08/2023 12:54:53 INFO =                         PROCESSAMENTO ENCERRADO GOES AS 11/08/2023-12:54:53                           =
11/08/2023 12:54:53 INFO =========================================================================================================
11/08/2023 12:54:53 INFO 
11/08/2023 12:54:53 INFO 
11/08/2023 12:55:09 INFO 
11/08/2023 12:55:09 INFO 
11/08/2023 12:55:09 INFO =========================================================================================================
11/08/2023 12:55:09 INFO =                             PROCESSANDO IMAGENS GOES AS 11/08/2023-12:55:09                           =
11/08/2023 12:55:09 INFO =========================================================================================================
11/08/2023 12:55:09 INFO 
11/08/2023 12:55:09 INFO VERIFICANDO NOVAS IMAGENS
11/08/2023 12:55:09 INFO Sem novas imagens Banda 01
11/08/2023 12:55:09 INFO 
11/08/2023 12:55:09 INFO SEM NOVAS IMAGENS PARA PROCESSAMENTO
11/08/2023 12:55:09 INFO 
11/08/2023 12:55:09 INFO Tempo gasto 0.0005 segundos
11/08/2023 12:55:09 INFO 
11/08/2023 12:55:09 INFO =========================================================================================================
11/08/2023 12:55:09 INFO =                         PROCESSAMENTO ENCERRADO GOES AS 11/08/2023-12:55:09                           =
11/08/2023 12:55:09 INFO =========================================================================================================
11/08/2023 12:55:09 INFO 
11/08/2023 12:55:09 INFO 
11/08/2023 12:55:39 INFO 
11/08/2023 12:55:39 INFO 
11/08/2023 12:55:39 INFO =========================================================================================================
11/08/2023 12:55:39 INFO =                             PROCESSANDO IMAGENS GOES AS 11/08/2023-12:55:39                           =
11/08/2023 12:55:39 INFO =========================================================================================================
11/08/2023 12:55:39 INFO 
11/08/2023 12:55:39 INFO VERIFICANDO NOVAS IMAGENS
11/08/2023 12:55:39 INFO Sem novas imagens Banda 01
11/08/2023 12:55:39 INFO 
11/08/2023 12:55:39 INFO SEM NOVAS IMAGENS PARA PROCESSAMENTO
11/08/2023 12:55:39 INFO 
11/08/2023 12:55:39 INFO Tempo gasto 0.0004 segundos
11/08/2023 12:55:39 INFO 
11/08/2023 12:55:39 INFO =========================================================================================================
11/08/2023 12:55:39 INFO =                         PROCESSAMENTO ENCERRADO GOES AS 11/08/2023-12:55:39                           =
11/08/2023 12:55:39 INFO =========================================================================================================
11/08/2023 12:55:39 INFO 
11/08/2023 12:55:39 INFO 
11/08/2023 12:57:10 INFO 
11/08/2023 12:57:10 INFO 
11/08/2023 12:57:10 INFO =========================================================================================================
11/08/2023 12:57:10 INFO =                             PROCESSANDO IMAGENS GOES AS 11/08/2023-12:57:10                           =
11/08/2023 12:57:10 INFO =========================================================================================================
11/08/2023 12:57:10 INFO 
11/08/2023 12:57:10 INFO VERIFICANDO NOVAS IMAGENS
11/08/2023 12:57:10 INFO Sem novas imagens Banda 01
11/08/2023 12:57:10 INFO 
11/08/2023 12:57:10 INFO SEM NOVAS IMAGENS PARA PROCESSAMENTO
11/08/2023 12:57:10 INFO 
11/08/2023 12:57:10 INFO Tempo gasto 0.0005 segundos
11/08/2023 12:57:10 INFO 
11/08/2023 12:57:10 INFO =========================================================================================================
11/08/2023 12:57:10 INFO =                         PROCESSAMENTO ENCERRADO GOES AS 11/08/2023-12:57:10                           =
11/08/2023 12:57:10 INFO =========================================================================================================
11/08/2023 12:57:10 INFO 
11/08/2023 12:57:10 INFO 
11/08/2023 12:57:43 INFO 
11/08/2023 12:57:43 INFO 
11/08/2023 12:57:43 INFO =========================================================================================================
11/08/2023 12:57:43 INFO =                             PROCESSANDO IMAGENS GOES AS 11/08/2023-12:57:43                           =
11/08/2023 12:57:43 INFO =========================================================================================================
11/08/2023 12:57:43 INFO 
11/08/2023 12:57:43 INFO VERIFICANDO NOVAS IMAGENS
11/08/2023 12:57:43 INFO Sem novas imagens Banda 01
11/08/2023 12:57:43 INFO 
11/08/2023 12:57:43 INFO SEM NOVAS IMAGENS PARA PROCESSAMENTO
11/08/2023 12:57:43 INFO 
11/08/2023 12:57:43 INFO Tempo gasto 0.0005 segundos
11/08/2023 12:57:43 INFO 
11/08/2023 12:57:43 INFO =========================================================================================================
11/08/2023 12:57:43 INFO =                         PROCESSAMENTO ENCERRADO GOES AS 11/08/2023-12:57:43                           =
11/08/2023 12:57:43 INFO =========================================================================================================
11/08/2023 12:57:43 INFO 
11/08/2023 12:57:43 INFO 
11/08/2023 12:58:24 INFO 
11/08/2023 12:58:24 INFO 
11/08/2023 12:58:24 INFO =========================================================================================================
11/08/2023 12:58:24 INFO =                             PROCESSANDO IMAGENS GOES AS 11/08/2023-12:58:24                           =
11/08/2023 12:58:24 INFO =========================================================================================================
11/08/2023 12:58:24 INFO 
11/08/2023 12:58:24 INFO VERIFICANDO NOVAS IMAGENS
11/08/2023 12:58:24 INFO Sem novas imagens Banda 01
11/08/2023 12:58:24 INFO 
11/08/2023 12:58:24 INFO SEM NOVAS IMAGENS PARA PROCESSAMENTO
11/08/2023 12:58:24 INFO 
11/08/2023 12:58:24 INFO Tempo gasto 0.0005 segundos
11/08/2023 12:58:24 INFO 
11/08/2023 12:58:24 INFO =========================================================================================================
11/08/2023 12:58:24 INFO =                         PROCESSAMENTO ENCERRADO GOES AS 11/08/2023-12:58:24                           =
11/08/2023 12:58:24 INFO =========================================================================================================
11/08/2023 12:58:24 INFO 
11/08/2023 12:58:24 INFO 
11/08/2023 12:58:53 INFO 
11/08/2023 12:58:53 INFO 
11/08/2023 12:58:53 INFO =========================================================================================================
11/08/2023 12:58:53 INFO =                             PROCESSANDO IMAGENS GOES AS 11/08/2023-12:58:53                           =
11/08/2023 12:58:53 INFO =========================================================================================================
11/08/2023 12:58:53 INFO 
11/08/2023 12:58:53 INFO VERIFICANDO NOVAS IMAGENS
11/08/2023 12:58:53 INFO Sem novas imagens Banda 01
11/08/2023 12:58:53 INFO 
11/08/2023 12:58:53 INFO PROCESSANDO IMAGENS "BR"...
11/08/2023 12:59:21 INFO 
11/08/2023 12:59:21 INFO 
11/08/2023 12:59:21 INFO =========================================================================================================
11/08/2023 12:59:21 INFO =                             PROCESSANDO IMAGENS GOES AS 11/08/2023-12:59:21                           =
11/08/2023 12:59:21 INFO =========================================================================================================
11/08/2023 12:59:21 INFO 
11/08/2023 12:59:21 INFO VERIFICANDO NOVAS IMAGENS
11/08/2023 12:59:21 INFO Sem novas imagens Banda 01
11/08/2023 12:59:21 INFO 
11/08/2023 12:59:21 INFO PROCESSANDO IMAGENS "BR"...
11/08/2023 13:02:18 INFO 
11/08/2023 13:02:18 INFO 
11/08/2023 13:02:18 INFO =========================================================================================================
11/08/2023 13:02:18 INFO =                             PROCESSANDO IMAGENS GOES AS 11/08/2023-13:02:18                           =
11/08/2023 13:02:18 INFO =========================================================================================================
11/08/2023 13:02:18 INFO 
11/08/2023 13:02:18 INFO VERIFICANDO NOVAS IMAGENS
11/08/2023 13:02:18 INFO Sem novas imagens Banda 01
11/08/2023 13:02:18 INFO 
11/08/2023 13:02:18 INFO SEM NOVAS IMAGENS PARA PROCESSAMENTO
11/08/2023 13:02:18 INFO 
11/08/2023 13:02:18 INFO Tempo gasto 0.0005 segundos
11/08/2023 13:02:18 INFO 
11/08/2023 13:02:18 INFO =========================================================================================================
11/08/2023 13:02:18 INFO =                         PROCESSAMENTO ENCERRADO GOES AS 11/08/2023-13:02:18                           =
11/08/2023 13:02:18 INFO =========================================================================================================
11/08/2023 13:02:18 INFO 
11/08/2023 13:02:18 INFO 
