29/01/2024 08:57:54 INFO 
29/01/2024 08:57:54 INFO 
29/01/2024 08:57:54 INFO ===========================================================================================
29/01/2024 08:57:54 INFO =                         DOWNLOAD IMAGENS GOES AS 29/01/2024-08:57:54                         =
29/01/2024 08:57:54 INFO ===========================================================================================
29/01/2024 08:57:54 INFO 
29/01/2024 08:57:54 INFO Downloading file UTC dmw_202401291000.nc
29/01/2024 08:57:59 INFO 
29/01/2024 08:57:59 INFO Tempo gasto 4.5261 segundos
29/01/2024 08:57:59 INFO 
29/01/2024 08:57:59 INFO ==========================================================================================
29/01/2024 08:57:59 INFO =                         DOWNLOAD ENCERRADO GOES AS 29/01/2024-08:57:59                         =
29/01/2024 08:57:59 INFO ==========================================================================================
29/01/2024 08:57:59 INFO 
29/01/2024 08:57:59 INFO 
29/01/2024 08:58:59 INFO 
29/01/2024 08:58:59 INFO 
29/01/2024 08:58:59 INFO ==============================================================================================
29/01/2024 08:58:59 INFO =                         PROCESSANDO IMAGENS GOES AS 29/01/2024-08:58:59                         =
29/01/2024 08:58:59 INFO ==============================================================================================
29/01/2024 08:58:59 INFO 
29/01/2024 08:58:59 INFO VERIFICANDO NOVAS IMAGENS
29/01/2024 08:58:59 INFO Novas imagens DMW
29/01/2024 08:58:59 INFO 
29/01/2024 08:58:59 INFO PROCESSANDO IMAGENS "BR"...
29/01/2024 08:58:59 INFO 
29/01/2024 08:58:59 INFO PROCESSANDO IMAGENS "SP"...
29/01/2024 08:58:59 INFO 
29/01/2024 08:58:59 INFO Sem imagens correspondentes a data para glm 
29/01/2024 08:58:59 INFO 
29/01/2024 08:58:59 INFO 
29/01/2024 08:58:59 INFO PROCESSANDO IMAGENS DMW "BR"...
29/01/2024 08:59:07 INFO DMW - Tempo de Processamento: 8.03 segundos.
29/01/2024 08:59:07 INFO 
29/01/2024 08:59:07 INFO PROCESSAMENTO ENCERRADO
29/01/2024 08:59:07 INFO 
29/01/2024 08:59:07 INFO REMOVENDO IMAGENS PROCESSADAS
29/01/2024 08:59:07 INFO Removendo imagens DMW
29/01/2024 08:59:07 INFO 
29/01/2024 08:59:07 INFO VERIFICANDO NUMERO DE PRODUTOS...
29/01/2024 08:59:07 INFO Quantidade de produtos dentro do limite
29/01/2024 08:59:07 INFO 
29/01/2024 08:59:07 INFO CRIANDO GIF ANIMADO "BR"...
29/01/2024 08:59:07 INFO 
29/01/2024 08:59:07 INFO CRIANDO GIF ANIMADO "SP"...
29/01/2024 08:59:07 INFO 
29/01/2024 08:59:07 INFO CRIANDO GIF ANIMADO dmw "BR"...
29/01/2024 08:59:08 INFO 
29/01/2024 08:59:08 INFO CRIANDO GIF ANIMADO dmw "SP"...
29/01/2024 08:59:08 ERROR Erro ao criar GIF: list index out of range
29/01/2024 08:59:08 INFO Tempo de Processamento Gifs: 0.36 segundos.
29/01/2024 08:59:08 INFO 
29/01/2024 08:59:08 INFO Tempo gasto 8.4291 segundos
29/01/2024 08:59:08 INFO 
29/01/2024 08:59:08 INFO ===============================================================================================
29/01/2024 08:59:08 INFO =                         PROCESSAMENTO ENCERRADO GOES AS 29/01/2024-08:59:08                         =
29/01/2024 08:59:08 INFO ===============================================================================================
29/01/2024 08:59:08 INFO 
29/01/2024 08:59:08 INFO 
29/01/2024 08:59:28 INFO 
29/01/2024 08:59:28 INFO 
29/01/2024 08:59:28 INFO ===========================================================================================
29/01/2024 08:59:28 INFO =                         DOWNLOAD IMAGENS GOES AS 29/01/2024-08:59:28                         =
29/01/2024 08:59:28 INFO ===========================================================================================
29/01/2024 08:59:28 INFO 
29/01/2024 08:59:28 INFO 
29/01/2024 08:59:28 INFO Tentando download Band01...
29/01/2024 08:59:29 INFO Downloading file /home/guimoura/processamento/goes/band01/OR_ABI-L2-CMIPF-M6C01_G16_s20240291140208_e20240291149516_c20240291149586.nc
29/01/2024 08:59:42 INFO 
29/01/2024 08:59:42 INFO Tentando download Band02...
29/01/2024 08:59:43 INFO Downloading file /home/guimoura/processamento/goes/band02/OR_ABI-L2-CMIPF-M6C02_G16_s20240291140208_e20240291149516_c20240291149579.nc
29/01/2024 09:00:10 INFO 
29/01/2024 09:00:10 INFO Tentando download Band03...
29/01/2024 09:00:11 INFO Downloading file /home/guimoura/processamento/goes/band03/OR_ABI-L2-CMIPF-M6C03_G16_s20240291140208_e20240291149516_c20240291149588.nc
29/01/2024 09:00:21 INFO Downloading file UTC dmw_202401291000.nc
29/01/2024 09:00:26 INFO 
29/01/2024 09:00:26 INFO Tempo gasto 57.4756 segundos
29/01/2024 09:00:26 INFO 
29/01/2024 09:00:26 INFO ==========================================================================================
29/01/2024 09:00:26 INFO =                         DOWNLOAD ENCERRADO GOES AS 29/01/2024-09:00:26                         =
29/01/2024 09:00:26 INFO ==========================================================================================
29/01/2024 09:00:26 INFO 
29/01/2024 09:00:26 INFO 
29/01/2024 09:01:24 INFO 
29/01/2024 09:01:24 INFO 
29/01/2024 09:01:24 INFO ==============================================================================================
29/01/2024 09:01:24 INFO =                         PROCESSANDO IMAGENS GOES AS 29/01/2024-09:01:24                         =
29/01/2024 09:01:24 INFO ==============================================================================================
29/01/2024 09:01:24 INFO 
29/01/2024 09:01:24 INFO VERIFICANDO NOVAS IMAGENS
29/01/2024 09:01:24 INFO Novas imagens para o dia band01
29/01/2024 09:01:24 INFO Novas imagens para o dia band02
29/01/2024 09:01:25 INFO Novas imagens para o dia band03
29/01/2024 09:01:25 INFO Sem imagens para o dia band04
29/01/2024 09:01:25 INFO Sem imagens para o dia band05
29/01/2024 09:01:25 INFO Sem imagens para o dia band06
29/01/2024 09:01:25 INFO Sem imagens para o dia band07
29/01/2024 09:01:25 INFO Sem imagens para o dia band08
29/01/2024 09:01:25 INFO Sem imagens para o dia band09
29/01/2024 09:01:25 INFO Sem imagens para o dia band10
29/01/2024 09:01:25 INFO Sem imagens para o dia band11
29/01/2024 09:01:25 INFO Sem imagens para o dia band12
29/01/2024 09:01:25 INFO Sem imagens para o dia band13
29/01/2024 09:01:25 INFO Sem imagens para o dia band14
29/01/2024 09:01:25 INFO Sem imagens para o dia band15
29/01/2024 09:01:25 INFO Sem imagens para o dia band16
29/01/2024 09:01:25 INFO Sem novas imagens TRUECOLOR
29/01/2024 09:01:25 INFO Sem novas imagens DMW
29/01/2024 09:01:25 INFO 
29/01/2024 09:01:25 INFO PROCESSANDO IMAGENS "BR"...
29/01/2024 09:01:32 INFO /home/guimoura/processamento/goes/band01/CG_ABI-L2-CMIPF-M6C01_G16_s20240291140208_e20240291149516_c20240291149586.nc - br - 7.5557 segundos
29/01/2024 09:01:32 INFO /home/guimoura/processamento/goes/band03/CG_ABI-L2-CMIPF-M6C03_G16_s20240291140208_e20240291149516_c20240291149588.nc - br - 7.5988 segundos
29/01/2024 09:01:34 INFO /home/guimoura/processamento/goes/band02/CG_ABI-L2-CMIPF-M6C02_G16_s20240291140208_e20240291149516_c20240291149579.nc - br - 9.2083 segundos
29/01/2024 09:01:34 INFO 
29/01/2024 09:01:34 INFO PROCESSANDO IMAGENS "SP"...
29/01/2024 09:01:39 INFO /home/guimoura/processamento/goes/band01/CG_ABI-L2-CMIPF-M6C01_G16_s20240291140208_e20240291149516_c20240291149586.nc - sp - 5.0958 segundos
29/01/2024 09:01:39 INFO /home/guimoura/processamento/goes/band02/CG_ABI-L2-CMIPF-M6C02_G16_s20240291140208_e20240291149516_c20240291149579.nc - sp - 5.2195 segundos
29/01/2024 09:01:39 INFO /home/guimoura/processamento/goes/band03/CG_ABI-L2-CMIPF-M6C03_G16_s20240291140208_e20240291149516_c20240291149588.nc - sp - 5.2336 segundos
29/01/2024 09:01:39 INFO 
29/01/2024 09:01:39 INFO Sem imagens correspondentes a data para glm 
29/01/2024 09:01:39 INFO 
29/01/2024 09:01:39 INFO 
29/01/2024 09:01:39 INFO PROCESSAMENTO ENCERRADO
29/01/2024 09:01:39 INFO 
29/01/2024 09:01:39 INFO REMOVENDO IMAGENS PROCESSADAS
29/01/2024 09:01:39 INFO Arquivo CG_ABI-L2-CMIPF-M6C01_G16_s20240291140208_e20240291149516_c20240291149586.nc removido com sucesso!
29/01/2024 09:01:39 INFO Arquivo CG_ABI-L2-CMIPF-M6C02_G16_s20240291140208_e20240291149516_c20240291149579.nc removido com sucesso!
29/01/2024 09:01:39 INFO Arquivo CG_ABI-L2-CMIPF-M6C03_G16_s20240291140208_e20240291149516_c20240291149588.nc removido com sucesso!
29/01/2024 09:01:39 INFO 
29/01/2024 09:01:39 INFO VERIFICANDO NUMERO DE PRODUTOS...
29/01/2024 09:01:39 INFO Quantidade de produtos dentro do limite
29/01/2024 09:01:39 INFO 
29/01/2024 09:01:39 INFO CRIANDO GIF ANIMADO "BR"...
29/01/2024 09:01:39 INFO Gif BR banda 01
29/01/2024 09:01:39 INFO Gif BR banda 02
29/01/2024 09:01:39 INFO Gif BR banda 03
29/01/2024 09:01:47 INFO 
29/01/2024 09:01:47 INFO CRIANDO GIF ANIMADO "SP"...
29/01/2024 09:01:47 INFO Gif SP banda 01
29/01/2024 09:01:47 INFO Gif SP banda 02
29/01/2024 09:01:47 INFO Gif SP banda 03
29/01/2024 09:01:54 INFO Tempo de Processamento Gifs: 14.62 segundos.
29/01/2024 09:01:54 INFO 
29/01/2024 09:01:54 INFO Tempo gasto 29.1997 segundos
29/01/2024 09:01:54 INFO 
29/01/2024 09:01:54 INFO ===============================================================================================
29/01/2024 09:01:54 INFO =                         PROCESSAMENTO ENCERRADO GOES AS 29/01/2024-09:01:54                         =
29/01/2024 09:01:54 INFO ===============================================================================================
29/01/2024 09:01:54 INFO 
29/01/2024 09:01:54 INFO 
29/01/2024 09:03:04 INFO 
29/01/2024 09:03:04 INFO 
29/01/2024 09:03:04 INFO ===========================================================================================
29/01/2024 09:03:04 INFO =                         DOWNLOAD IMAGENS GOES AS 29/01/2024-09:03:04                         =
29/01/2024 09:03:04 INFO ===========================================================================================
29/01/2024 09:03:04 INFO 
29/01/2024 09:03:04 INFO 
29/01/2024 09:03:04 INFO Tentando download Band01...
29/01/2024 09:03:05 INFO Downloading file /home/guimoura/processamento/goes/band01/OR_ABI-L2-CMIPF-M6C01_G16_s20240291150208_e20240291159516_c20240291159578.nc
29/01/2024 09:03:18 INFO 
29/01/2024 09:03:18 INFO Tentando download Band02...
29/01/2024 09:03:19 INFO Downloading file /home/guimoura/processamento/goes/band02/OR_ABI-L2-CMIPF-M6C02_G16_s20240291150208_e20240291159516_c20240291159571.nc
29/01/2024 09:03:54 INFO 
29/01/2024 09:03:54 INFO Tentando download Band03...
29/01/2024 09:03:55 INFO Downloading file /home/guimoura/processamento/goes/band03/OR_ABI-L2-CMIPF-M6C03_G16_s20240291150208_e20240291159516_c20240291159598.nc
29/01/2024 09:04:08 INFO Downloading file UTC dmw_202401291100.nc
29/01/2024 09:04:16 INFO 
29/01/2024 09:04:16 INFO Tempo gasto 72.0672 segundos
29/01/2024 09:04:16 INFO 
29/01/2024 09:04:16 INFO ==========================================================================================
29/01/2024 09:04:16 INFO =                         DOWNLOAD ENCERRADO GOES AS 29/01/2024-09:04:16                         =
29/01/2024 09:04:16 INFO ==========================================================================================
29/01/2024 09:04:16 INFO 
29/01/2024 09:04:16 INFO 
29/01/2024 09:06:12 INFO 
29/01/2024 09:06:12 INFO 
29/01/2024 09:06:12 INFO ==============================================================================================
29/01/2024 09:06:12 INFO =                         PROCESSANDO IMAGENS GOES AS 29/01/2024-09:06:12                         =
29/01/2024 09:06:12 INFO ==============================================================================================
29/01/2024 09:06:12 INFO 
29/01/2024 09:06:12 INFO VERIFICANDO NOVAS IMAGENS
29/01/2024 09:06:12 INFO Novas imagens para o dia band01
29/01/2024 09:06:12 INFO Novas imagens para o dia band02
29/01/2024 09:06:12 INFO Novas imagens para o dia band03
29/01/2024 09:06:12 INFO Sem imagens para o dia band04
29/01/2024 09:06:12 INFO Sem imagens para o dia band05
29/01/2024 09:06:12 INFO Sem imagens para o dia band06
29/01/2024 09:06:12 INFO Sem imagens para o dia band07
29/01/2024 09:06:12 INFO Sem imagens para o dia band08
29/01/2024 09:06:12 INFO Sem imagens para o dia band09
29/01/2024 09:06:12 INFO Sem imagens para o dia band10
29/01/2024 09:06:12 INFO Sem imagens para o dia band11
29/01/2024 09:06:12 INFO Sem imagens para o dia band12
29/01/2024 09:06:12 INFO Sem imagens para o dia band13
29/01/2024 09:06:12 INFO Sem imagens para o dia band14
29/01/2024 09:06:12 INFO Sem imagens para o dia band15
29/01/2024 09:06:12 INFO Sem imagens para o dia band16
29/01/2024 09:06:12 INFO Sem novas imagens TRUECOLOR
29/01/2024 09:06:12 INFO Novas imagens DMW
29/01/2024 09:06:12 INFO 
29/01/2024 09:06:12 INFO PROCESSANDO IMAGENS "BR"...
29/01/2024 09:06:20 INFO /home/guimoura/processamento/goes/band01/CG_ABI-L2-CMIPF-M6C01_G16_s20240291150208_e20240291159516_c20240291159578.nc - br - 7.5454 segundos
29/01/2024 09:06:20 INFO /home/guimoura/processamento/goes/band03/CG_ABI-L2-CMIPF-M6C03_G16_s20240291150208_e20240291159516_c20240291159598.nc - br - 7.6038 segundos
29/01/2024 09:06:21 INFO /home/guimoura/processamento/goes/band02/CG_ABI-L2-CMIPF-M6C02_G16_s20240291150208_e20240291159516_c20240291159571.nc - br - 9.2483 segundos
29/01/2024 09:06:21 INFO 
29/01/2024 09:06:21 INFO PROCESSANDO IMAGENS "SP"...
29/01/2024 09:06:26 INFO /home/guimoura/processamento/goes/band01/CG_ABI-L2-CMIPF-M6C01_G16_s20240291150208_e20240291159516_c20240291159578.nc - sp - 4.8543 segundos
29/01/2024 09:06:26 INFO /home/guimoura/processamento/goes/band02/CG_ABI-L2-CMIPF-M6C02_G16_s20240291150208_e20240291159516_c20240291159571.nc - sp - 4.9045 segundos
29/01/2024 09:06:26 INFO /home/guimoura/processamento/goes/band03/CG_ABI-L2-CMIPF-M6C03_G16_s20240291150208_e20240291159516_c20240291159598.nc - sp - 5.0198 segundos
29/01/2024 09:06:26 INFO 
29/01/2024 09:06:26 INFO Sem imagens correspondentes a data para glm 
29/01/2024 09:06:26 INFO 
29/01/2024 09:06:26 INFO 
29/01/2024 09:06:26 INFO PROCESSANDO IMAGENS DMW "BR"...
29/01/2024 09:06:26 INFO Erro Arquivo DMW
29/01/2024 09:06:26 INFO [Errno 2] No such file or directory: '/home/guimoura/processamento/output/dmw/truecolor.png'
29/01/2024 09:06:26 INFO 
29/01/2024 09:06:26 INFO PROCESSAMENTO ENCERRADO
29/01/2024 09:06:26 INFO 
29/01/2024 09:06:26 INFO REMOVENDO IMAGENS PROCESSADAS
29/01/2024 09:06:26 INFO Arquivo CG_ABI-L2-CMIPF-M6C01_G16_s20240291150208_e20240291159516_c20240291159578.nc removido com sucesso!
29/01/2024 09:06:27 INFO Arquivo CG_ABI-L2-CMIPF-M6C02_G16_s20240291150208_e20240291159516_c20240291159571.nc removido com sucesso!
29/01/2024 09:06:27 INFO Arquivo CG_ABI-L2-CMIPF-M6C03_G16_s20240291150208_e20240291159516_c20240291159598.nc removido com sucesso!
29/01/2024 09:06:27 INFO Removendo imagens DMW
29/01/2024 09:06:27 INFO 
29/01/2024 09:06:27 INFO VERIFICANDO NUMERO DE PRODUTOS...
29/01/2024 09:06:27 INFO Quantidade de produtos dentro do limite
29/01/2024 09:06:27 INFO 
29/01/2024 09:06:27 INFO CRIANDO GIF ANIMADO "BR"...
29/01/2024 09:06:27 INFO Gif BR banda 01
29/01/2024 09:06:27 INFO Gif BR banda 02
29/01/2024 09:06:27 INFO Gif BR banda 03
29/01/2024 09:06:31 INFO 
29/01/2024 09:06:31 INFO CRIANDO GIF ANIMADO "SP"...
29/01/2024 09:06:31 INFO Gif SP banda 01
29/01/2024 09:06:31 INFO Gif SP banda 02
29/01/2024 09:06:31 INFO Gif SP banda 03
29/01/2024 09:06:35 INFO 
29/01/2024 09:06:35 INFO CRIANDO GIF ANIMADO dmw "BR"...
29/01/2024 09:06:35 INFO 
29/01/2024 09:06:35 INFO CRIANDO GIF ANIMADO dmw "SP"...
29/01/2024 09:06:35 ERROR Erro ao criar GIF: list index out of range
29/01/2024 09:06:35 INFO Tempo de Processamento Gifs: 8.53 segundos.
29/01/2024 09:06:35 INFO 
29/01/2024 09:06:35 INFO Tempo gasto 23.0005 segundos
29/01/2024 09:06:35 INFO 
29/01/2024 09:06:35 INFO ===============================================================================================
29/01/2024 09:06:35 INFO =                         PROCESSAMENTO ENCERRADO GOES AS 29/01/2024-09:06:35                         =
29/01/2024 09:06:35 INFO ===============================================================================================
29/01/2024 09:06:35 INFO 
29/01/2024 09:06:35 INFO 
29/01/2024 09:19:38 INFO 
29/01/2024 09:19:38 INFO 
29/01/2024 09:19:38 INFO ===========================================================================================
29/01/2024 09:19:38 INFO =                         DOWNLOAD IMAGENS GOES AS 29/01/2024-09:19:38                         =
29/01/2024 09:19:38 INFO ===========================================================================================
29/01/2024 09:19:38 INFO 
29/01/2024 09:19:38 INFO 
29/01/2024 09:19:38 INFO Tentando download Band01...
29/01/2024 09:19:38 INFO Downloading file /home/guimoura/processamento/goes/band01/OR_ABI-L2-CMIPF-M6C01_G16_s20240291200208_e20240291209516_c20240291209596.nc
29/01/2024 09:19:50 INFO 
29/01/2024 09:19:50 INFO Tentando download Band02...
29/01/2024 09:19:50 INFO Downloading file /home/guimoura/processamento/goes/band02/OR_ABI-L2-CMIPF-M6C02_G16_s20240291200208_e20240291209516_c20240291209581.nc
29/01/2024 09:20:24 INFO 
29/01/2024 09:20:24 INFO Tentando download Band03...
29/01/2024 09:20:25 INFO Downloading file /home/guimoura/processamento/goes/band03/OR_ABI-L2-CMIPF-M6C03_G16_s20240291200208_e20240291209516_c20240291209587.nc
29/01/2024 09:20:38 INFO 
29/01/2024 09:20:38 INFO Tentando download Band13...
29/01/2024 09:20:39 INFO Downloading file /home/guimoura/processamento/goes/band13/OR_ABI-L2-CMIPF-M6C13_G16_s20240291200208_e20240291209527_c20240291209596.nc
29/01/2024 09:20:48 INFO Downloading file UTC dmw_202401291100.nc
29/01/2024 09:20:53 INFO 
29/01/2024 09:20:53 INFO Tempo gasto 75.1566 segundos
29/01/2024 09:20:53 INFO 
29/01/2024 09:20:53 INFO ==========================================================================================
29/01/2024 09:20:53 INFO =                         DOWNLOAD ENCERRADO GOES AS 29/01/2024-09:20:53                         =
29/01/2024 09:20:53 INFO ==========================================================================================
29/01/2024 09:20:53 INFO 
29/01/2024 09:20:53 INFO 
29/01/2024 09:25:47 INFO 
29/01/2024 09:25:47 INFO 
29/01/2024 09:25:47 INFO ==============================================================================================
29/01/2024 09:25:47 INFO =                         PROCESSANDO IMAGENS GOES AS 29/01/2024-09:25:47                         =
29/01/2024 09:25:47 INFO ==============================================================================================
29/01/2024 09:25:47 INFO 
29/01/2024 09:25:47 INFO VERIFICANDO NOVAS IMAGENS
29/01/2024 09:25:47 INFO Novas imagens para o dia band01
29/01/2024 09:25:47 INFO Novas imagens para o dia band02
29/01/2024 09:25:47 INFO Novas imagens para o dia band03
29/01/2024 09:25:47 INFO Sem imagens para o dia band04
29/01/2024 09:25:47 INFO Sem imagens para o dia band05
29/01/2024 09:25:47 INFO Sem imagens para o dia band06
29/01/2024 09:25:47 INFO Sem imagens para o dia band07
29/01/2024 09:25:47 INFO Sem imagens para o dia band08
29/01/2024 09:25:47 INFO Sem imagens para o dia band09
29/01/2024 09:25:47 INFO Sem imagens para o dia band10
29/01/2024 09:25:47 INFO Sem imagens para o dia band11
29/01/2024 09:25:47 INFO Sem imagens para o dia band12
29/01/2024 09:25:47 INFO Novas imagens para o dia band13
29/01/2024 09:25:47 INFO Sem imagens para o dia band14
29/01/2024 09:25:47 INFO Sem imagens para o dia band15
29/01/2024 09:25:47 INFO Sem imagens para o dia band16
29/01/2024 09:25:47 INFO Novas imagens TRUECOLOR
29/01/2024 09:25:47 INFO Novas imagens DMW
29/01/2024 09:25:47 INFO 
29/01/2024 09:25:47 INFO PROCESSANDO IMAGENS "BR"...
29/01/2024 09:25:55 INFO /home/guimoura/processamento/goes/band13/CG_ABI-L2-CMIPF-M6C13_G16_s20240291200208_e20240291209527_c20240291209596.nc - br - 7.4585 segundos
29/01/2024 09:25:55 INFO /home/guimoura/processamento/goes/band01/CG_ABI-L2-CMIPF-M6C01_G16_s20240291200208_e20240291209516_c20240291209596.nc - br - 8.0811 segundos
29/01/2024 09:25:55 INFO /home/guimoura/processamento/goes/band03/CG_ABI-L2-CMIPF-M6C03_G16_s20240291200208_e20240291209516_c20240291209587.nc - br - 8.0891 segundos
29/01/2024 09:25:57 INFO /home/guimoura/processamento/goes/band02/CG_ABI-L2-CMIPF-M6C02_G16_s20240291200208_e20240291209516_c20240291209581.nc - br - 9.7268 segundos
29/01/2024 09:25:57 INFO 
29/01/2024 09:25:57 INFO PROCESSANDO IMAGENS "SP"...
29/01/2024 09:26:02 INFO /home/guimoura/processamento/goes/band13/CG_ABI-L2-CMIPF-M6C13_G16_s20240291200208_e20240291209527_c20240291209596.nc - sp - 5.0663 segundos
29/01/2024 09:26:02 INFO /home/guimoura/processamento/goes/band01/CG_ABI-L2-CMIPF-M6C01_G16_s20240291200208_e20240291209516_c20240291209596.nc - sp - 5.0881 segundos
29/01/2024 09:26:02 INFO /home/guimoura/processamento/goes/band02/CG_ABI-L2-CMIPF-M6C02_G16_s20240291200208_e20240291209516_c20240291209581.nc - sp - 5.1665 segundos
29/01/2024 09:26:02 INFO /home/guimoura/processamento/goes/band03/CG_ABI-L2-CMIPF-M6C03_G16_s20240291200208_e20240291209516_c20240291209587.nc - sp - 5.1626 segundos
29/01/2024 09:26:02 INFO 
29/01/2024 09:26:02 INFO PROCESSANDO IMAGENS TRUECOLOR WITH NIGHT "BR"...
29/01/2024 09:26:09 INFO Atmosphere chosen: us-standard
29/01/2024 09:26:12 WARNING Clipping input data to the valid range for imshow with RGB data ([0..1] for floats or [0..255] for integers).
29/01/2024 09:26:23 INFO True Color - Tempo de Processamento: 21.23 segundos.
29/01/2024 09:26:23 INFO 
29/01/2024 09:26:23 INFO PROCESSANDO IMAGENS TRUECOLOR WITH NIGHT "BR"...
29/01/2024 09:26:24 INFO Atmosphere chosen: us-standard
29/01/2024 09:26:25 WARNING Clipping input data to the valid range for imshow with RGB data ([0..1] for floats or [0..255] for integers).
29/01/2024 09:26:34 INFO True Color - Tempo de Processamento: 10.5 segundos.
29/01/2024 09:26:34 INFO 
29/01/2024 09:26:34 INFO Sem imagens correspondentes a data para glm 
29/01/2024 09:26:34 INFO 
29/01/2024 09:26:34 INFO 
29/01/2024 09:26:34 INFO PROCESSANDO IMAGENS DMW "BR"...
29/01/2024 09:26:42 INFO DMW - Tempo de Processamento: 7.87 segundos.
29/01/2024 09:26:42 INFO 
29/01/2024 09:26:42 INFO PROCESSAMENTO ENCERRADO
29/01/2024 09:26:42 INFO 
29/01/2024 09:26:42 INFO REMOVENDO IMAGENS PROCESSADAS
29/01/2024 09:26:42 INFO Arquivo CG_ABI-L2-CMIPF-M6C01_G16_s20240291200208_e20240291209516_c20240291209596.nc removido com sucesso!
29/01/2024 09:26:42 INFO Arquivo CG_ABI-L2-CMIPF-M6C02_G16_s20240291200208_e20240291209516_c20240291209581.nc removido com sucesso!
29/01/2024 09:26:42 INFO Arquivo CG_ABI-L2-CMIPF-M6C03_G16_s20240291200208_e20240291209516_c20240291209587.nc removido com sucesso!
29/01/2024 09:26:42 INFO Arquivo CG_ABI-L2-CMIPF-M6C13_G16_s20240291200208_e20240291209527_c20240291209596.nc removido com sucesso!
29/01/2024 09:26:42 INFO Removendo imagens GLM
29/01/2024 09:26:42 INFO Quantidade de produtos glm dentro do limite
29/01/2024 09:26:42 INFO Removendo imagens DMW
29/01/2024 09:26:42 INFO 
29/01/2024 09:26:42 INFO VERIFICANDO NUMERO DE PRODUTOS...
29/01/2024 09:26:42 INFO Quantidade de produtos dentro do limite
29/01/2024 09:26:42 INFO 
29/01/2024 09:26:42 INFO CRIANDO GIF ANIMADO "BR"...
29/01/2024 09:26:42 INFO Gif BR banda 01
29/01/2024 09:26:42 INFO Gif BR banda 02
29/01/2024 09:26:42 INFO Gif BR banda 03
29/01/2024 09:26:42 INFO Gif BR banda 13
29/01/2024 09:26:47 INFO 
29/01/2024 09:26:47 INFO CRIANDO GIF ANIMADO "SP"...
29/01/2024 09:26:47 INFO Gif SP banda 01
29/01/2024 09:26:47 INFO Gif SP banda 02
29/01/2024 09:26:47 INFO Gif SP banda 03
29/01/2024 09:26:47 INFO Gif SP banda 13
29/01/2024 09:26:51 INFO 
29/01/2024 09:26:51 INFO CRIANDO GIF ANIMADO TRUECOLOR "BR"...
29/01/2024 09:26:53 INFO 
29/01/2024 09:26:53 INFO CRIANDO GIF ANIMADO TRUECOLOR "SP"...
29/01/2024 09:26:56 INFO 
29/01/2024 09:26:56 INFO CRIANDO GIF ANIMADO dmw "BR"...
29/01/2024 09:26:56 INFO 
29/01/2024 09:26:56 INFO CRIANDO GIF ANIMADO dmw "SP"...
29/01/2024 09:26:56 ERROR Erro ao criar GIF: list index out of range
29/01/2024 09:26:56 INFO 
29/01/2024 09:26:56 INFO CRIANDO GIF ANIMADO LOW QUALITY TRUECOLOR "BR"...
29/01/2024 09:26:57 ERROR Error creating GIF: [Errno 2] No such file or directory: '/home/guimoura/processamento/output/index_gif/truecolor_br.gif'
29/01/2024 09:26:57 INFO Tempo de Processamento Gifs: 15.24 segundos.
29/01/2024 09:26:57 INFO 
29/01/2024 09:26:57 INFO Tempo gasto 69.9002 segundos
29/01/2024 09:26:57 INFO 
29/01/2024 09:26:57 INFO ===============================================================================================
29/01/2024 09:26:57 INFO =                         PROCESSAMENTO ENCERRADO GOES AS 29/01/2024-09:26:57                         =
29/01/2024 09:26:57 INFO ===============================================================================================
29/01/2024 09:26:57 INFO 
29/01/2024 09:26:57 INFO 
29/01/2024 09:32:19 INFO 
29/01/2024 09:32:19 INFO 
29/01/2024 09:32:19 INFO ===========================================================================================
29/01/2024 09:32:19 INFO =                         DOWNLOAD IMAGENS GOES AS 29/01/2024-09:32:19                         =
29/01/2024 09:32:19 INFO ===========================================================================================
29/01/2024 09:32:19 INFO 
29/01/2024 09:32:19 INFO 
29/01/2024 09:32:19 INFO Tentando download Band01...
29/01/2024 09:32:20 INFO Downloading file /home/guimoura/processamento/goes/band01/OR_ABI-L2-CMIPF-M6C01_G16_s20240291220208_e20240291229516_c20240291229577.nc
29/01/2024 09:32:32 INFO 
29/01/2024 09:32:32 INFO Tentando download Band02...
29/01/2024 09:32:33 INFO Downloading file /home/guimoura/processamento/goes/band02/OR_ABI-L2-CMIPF-M6C02_G16_s20240291220208_e20240291229516_c20240291229578.nc
29/01/2024 09:33:10 INFO 
29/01/2024 09:33:10 INFO Tentando download Band03...
29/01/2024 09:33:11 INFO Downloading file /home/guimoura/processamento/goes/band03/OR_ABI-L2-CMIPF-M6C03_G16_s20240291220208_e20240291229516_c20240291229586.nc
29/01/2024 09:33:23 INFO 
29/01/2024 09:33:23 INFO Tentando download Band13...
29/01/2024 09:33:24 INFO Downloading file /home/guimoura/processamento/goes/band13/OR_ABI-L2-CMIPF-M6C13_G16_s20240291220208_e20240291229528_c20240291230006.nc
29/01/2024 09:33:30 INFO Downloading file UTC dmw_202401291100.nc
29/01/2024 09:33:34 INFO 
29/01/2024 09:33:34 INFO Tempo gasto 75.1172 segundos
29/01/2024 09:33:34 INFO 
29/01/2024 09:33:34 INFO ==========================================================================================
29/01/2024 09:33:34 INFO =                         DOWNLOAD ENCERRADO GOES AS 29/01/2024-09:33:34                         =
29/01/2024 09:33:34 INFO ==========================================================================================
29/01/2024 09:33:34 INFO 
29/01/2024 09:33:34 INFO 
29/01/2024 09:34:18 INFO 
29/01/2024 09:34:18 INFO 
29/01/2024 09:34:18 INFO ==============================================================================================
29/01/2024 09:34:18 INFO =                         PROCESSANDO IMAGENS GOES AS 29/01/2024-09:34:18                         =
29/01/2024 09:34:18 INFO ==============================================================================================
29/01/2024 09:34:18 INFO 
29/01/2024 09:34:18 INFO VERIFICANDO NOVAS IMAGENS
29/01/2024 09:34:18 INFO Novas imagens para o dia band01
29/01/2024 09:34:18 INFO Novas imagens para o dia band02
29/01/2024 09:34:18 INFO Novas imagens para o dia band03
29/01/2024 09:34:18 INFO Sem imagens para o dia band04
29/01/2024 09:34:18 INFO Sem imagens para o dia band05
29/01/2024 09:34:18 INFO Sem imagens para o dia band06
29/01/2024 09:34:18 INFO Sem imagens para o dia band07
29/01/2024 09:34:18 INFO Sem imagens para o dia band08
29/01/2024 09:34:18 INFO Sem imagens para o dia band09
29/01/2024 09:34:18 INFO Sem imagens para o dia band10
29/01/2024 09:34:18 INFO Sem imagens para o dia band11
29/01/2024 09:34:18 INFO Sem imagens para o dia band12
29/01/2024 09:34:18 INFO Novas imagens para o dia band13
29/01/2024 09:34:18 INFO Sem imagens para o dia band14
29/01/2024 09:34:18 INFO Sem imagens para o dia band15
29/01/2024 09:34:18 INFO Sem imagens para o dia band16
29/01/2024 09:34:18 INFO Novas imagens TRUECOLOR
29/01/2024 09:34:18 INFO Novas imagens DMW
29/01/2024 09:34:18 INFO 
29/01/2024 09:34:18 INFO PROCESSANDO IMAGENS "BR"...
29/01/2024 09:34:25 INFO /home/guimoura/processamento/goes/band13/CG_ABI-L2-CMIPF-M6C13_G16_s20240291220208_e20240291229528_c20240291230006.nc - br - 7.4917 segundos
29/01/2024 09:34:26 INFO /home/guimoura/processamento/goes/band01/CG_ABI-L2-CMIPF-M6C01_G16_s20240291220208_e20240291229516_c20240291229577.nc - br - 8.1199 segundos
29/01/2024 09:34:26 INFO /home/guimoura/processamento/goes/band03/CG_ABI-L2-CMIPF-M6C03_G16_s20240291220208_e20240291229516_c20240291229586.nc - br - 8.1376 segundos
29/01/2024 09:34:28 INFO /home/guimoura/processamento/goes/band02/CG_ABI-L2-CMIPF-M6C02_G16_s20240291220208_e20240291229516_c20240291229578.nc - br - 9.8531 segundos
29/01/2024 09:34:28 INFO 
29/01/2024 09:34:28 INFO PROCESSANDO IMAGENS "SP"...
29/01/2024 09:34:33 INFO /home/guimoura/processamento/goes/band01/CG_ABI-L2-CMIPF-M6C01_G16_s20240291220208_e20240291229516_c20240291229577.nc - sp - 5.5293 segundos
29/01/2024 09:34:34 INFO /home/guimoura/processamento/goes/band13/CG_ABI-L2-CMIPF-M6C13_G16_s20240291220208_e20240291229528_c20240291230006.nc - sp - 5.6339 segundos
29/01/2024 09:34:34 INFO /home/guimoura/processamento/goes/band02/CG_ABI-L2-CMIPF-M6C02_G16_s20240291220208_e20240291229516_c20240291229578.nc - sp - 5.7376 segundos
29/01/2024 09:34:34 INFO /home/guimoura/processamento/goes/band03/CG_ABI-L2-CMIPF-M6C03_G16_s20240291220208_e20240291229516_c20240291229586.nc - sp - 5.9016 segundos
29/01/2024 09:34:34 INFO 
29/01/2024 09:34:34 INFO PROCESSANDO IMAGENS TRUECOLOR WITH NIGHT "BR"...
29/01/2024 09:34:41 INFO Atmosphere chosen: us-standard
29/01/2024 09:34:43 WARNING Clipping input data to the valid range for imshow with RGB data ([0..1] for floats or [0..255] for integers).
29/01/2024 09:34:55 INFO True Color - Tempo de Processamento: 21.05 segundos.
29/01/2024 09:34:55 INFO 
29/01/2024 09:34:55 INFO PROCESSANDO IMAGENS TRUECOLOR WITH NIGHT "BR"...
29/01/2024 09:34:56 INFO Atmosphere chosen: us-standard
29/01/2024 09:34:56 WARNING Clipping input data to the valid range for imshow with RGB data ([0..1] for floats or [0..255] for integers).
29/01/2024 09:35:02 INFO True Color - Tempo de Processamento: 7.17 segundos.
29/01/2024 09:35:02 INFO 
29/01/2024 09:35:02 INFO Sem imagens correspondentes a data para glm 
29/01/2024 09:35:02 INFO 
29/01/2024 09:35:02 INFO 
29/01/2024 09:35:02 INFO PROCESSANDO IMAGENS DMW "BR"...
29/01/2024 09:35:10 INFO DMW - Tempo de Processamento: 7.7 segundos.
29/01/2024 09:35:10 INFO 
29/01/2024 09:35:10 INFO PROCESSAMENTO ENCERRADO
29/01/2024 09:35:10 INFO 
29/01/2024 09:35:10 INFO REMOVENDO IMAGENS PROCESSADAS
29/01/2024 09:35:10 INFO Arquivo CG_ABI-L2-CMIPF-M6C01_G16_s20240291220208_e20240291229516_c20240291229577.nc removido com sucesso!
29/01/2024 09:35:10 INFO Arquivo CG_ABI-L2-CMIPF-M6C02_G16_s20240291220208_e20240291229516_c20240291229578.nc removido com sucesso!
29/01/2024 09:35:10 INFO Arquivo CG_ABI-L2-CMIPF-M6C03_G16_s20240291220208_e20240291229516_c20240291229586.nc removido com sucesso!
29/01/2024 09:35:10 INFO Arquivo CG_ABI-L2-CMIPF-M6C13_G16_s20240291220208_e20240291229528_c20240291230006.nc removido com sucesso!
29/01/2024 09:35:10 INFO Removendo imagens GLM
29/01/2024 09:35:10 INFO Quantidade de produtos glm dentro do limite
29/01/2024 09:35:10 INFO Removendo imagens DMW
29/01/2024 09:35:10 INFO 
29/01/2024 09:35:10 INFO VERIFICANDO NUMERO DE PRODUTOS...
29/01/2024 09:35:10 INFO Quantidade de produtos dentro do limite
29/01/2024 09:35:10 INFO 
29/01/2024 09:35:10 INFO CRIANDO GIF ANIMADO "BR"...
29/01/2024 09:35:10 INFO Gif BR banda 01
29/01/2024 09:35:10 INFO Gif BR banda 02
29/01/2024 09:35:10 INFO Gif BR banda 03
29/01/2024 09:35:10 INFO Gif BR banda 13
29/01/2024 09:35:15 INFO 
29/01/2024 09:35:15 INFO CRIANDO GIF ANIMADO "SP"...
29/01/2024 09:35:15 INFO Gif SP banda 01
29/01/2024 09:35:15 INFO Gif SP banda 02
29/01/2024 09:35:15 INFO Gif SP banda 03
29/01/2024 09:35:15 INFO Gif SP banda 13
29/01/2024 09:35:20 INFO 
29/01/2024 09:35:20 INFO CRIANDO GIF ANIMADO TRUECOLOR "BR"...
29/01/2024 09:35:22 INFO 
29/01/2024 09:35:22 INFO CRIANDO GIF ANIMADO TRUECOLOR "SP"...
29/01/2024 09:35:24 INFO 
29/01/2024 09:35:24 INFO CRIANDO GIF ANIMADO dmw "BR"...
29/01/2024 09:35:25 INFO 
29/01/2024 09:35:25 INFO CRIANDO GIF ANIMADO dmw "SP"...
29/01/2024 09:35:25 ERROR Erro ao criar GIF: list index out of range
29/01/2024 09:35:25 INFO 
29/01/2024 09:35:25 INFO CRIANDO GIF ANIMADO LOW QUALITY TRUECOLOR "BR"...
29/01/2024 09:35:26 ERROR Error creating GIF: [Errno 2] No such file or directory: '/home/guimoura/processamento/output/index_gif/truecolor_br.gif'
29/01/2024 09:35:26 INFO Tempo de Processamento Gifs: 16.09 segundos.
29/01/2024 09:35:26 INFO 
29/01/2024 09:35:26 INFO Tempo gasto 67.9277 segundos
29/01/2024 09:35:26 INFO 
29/01/2024 09:35:26 INFO ===============================================================================================
29/01/2024 09:35:26 INFO =                         PROCESSAMENTO ENCERRADO GOES AS 29/01/2024-09:35:26                         =
29/01/2024 09:35:26 INFO ===============================================================================================
29/01/2024 09:35:26 INFO 
29/01/2024 09:35:26 INFO 
