14/08/2023 08:19:28 INFO 
14/08/2023 08:19:28 INFO 
14/08/2023 08:19:28 INFO =========================================================================================================
14/08/2023 08:19:28 INFO =                             PROCESSANDO IMAGENS GOES AS 14/08/2023-08:19:28                           =
14/08/2023 08:19:28 INFO =========================================================================================================
14/08/2023 08:19:28 INFO 
14/08/2023 08:19:28 INFO VERIFICANDO NOVAS IMAGENS
14/08/2023 08:19:28 INFO Sem novas imagens Banda 01
14/08/2023 08:19:28 INFO 
14/08/2023 08:19:28 INFO SEM NOVAS IMAGENS PARA PROCESSAMENTO
14/08/2023 08:19:28 INFO 
14/08/2023 08:19:28 INFO Tempo gasto 0.0004 segundos
14/08/2023 08:19:28 INFO 
14/08/2023 08:19:28 INFO =========================================================================================================
14/08/2023 08:19:28 INFO =                         PROCESSAMENTO ENCERRADO GOES AS 14/08/2023-08:19:28                           =
14/08/2023 08:19:28 INFO =========================================================================================================
14/08/2023 08:19:28 INFO 
14/08/2023 08:19:28 INFO 
14/08/2023 08:20:14 INFO 
14/08/2023 08:20:14 INFO 
14/08/2023 08:20:14 INFO =========================================================================================================
14/08/2023 08:20:14 INFO =                             PROCESSANDO IMAGENS GOES AS 14/08/2023-08:20:14                           =
14/08/2023 08:20:14 INFO =========================================================================================================
14/08/2023 08:20:14 INFO 
14/08/2023 08:20:14 INFO VERIFICANDO NOVAS IMAGENS
14/08/2023 08:20:14 INFO Sem novas imagens Banda 01
14/08/2023 08:20:14 INFO 
14/08/2023 08:20:14 INFO SEM NOVAS IMAGENS PARA PROCESSAMENTO
14/08/2023 08:20:14 INFO 
14/08/2023 08:20:14 INFO Tempo gasto 0.0005 segundos
14/08/2023 08:20:14 INFO 
14/08/2023 08:20:14 INFO =========================================================================================================
14/08/2023 08:20:14 INFO =                         PROCESSAMENTO ENCERRADO GOES AS 14/08/2023-08:20:14                           =
14/08/2023 08:20:14 INFO =========================================================================================================
14/08/2023 08:20:14 INFO 
14/08/2023 08:20:14 INFO 
14/08/2023 08:21:40 INFO 
14/08/2023 08:21:40 INFO 
14/08/2023 08:21:40 INFO =========================================================================================================
14/08/2023 08:21:40 INFO =                             PROCESSANDO IMAGENS GOES AS 14/08/2023-08:21:40                           =
14/08/2023 08:21:40 INFO =========================================================================================================
14/08/2023 08:21:40 INFO 
14/08/2023 08:21:40 INFO VERIFICANDO NOVAS IMAGENS
14/08/2023 08:21:40 INFO Sem novas imagens Banda 01
14/08/2023 08:21:40 INFO Sem novas imagens Banda 02
14/08/2023 08:21:40 INFO Sem novas imagens Banda 03
14/08/2023 08:21:40 INFO Sem novas imagens Banda 04
14/08/2023 08:21:40 INFO Sem novas imagens Banda 05
14/08/2023 08:21:40 INFO Sem novas imagens Banda 06
14/08/2023 08:21:40 INFO Sem novas imagens Banda 07
14/08/2023 08:21:40 INFO Sem novas imagens Banda 08
14/08/2023 08:21:40 INFO Sem novas imagens Banda 09
14/08/2023 08:21:40 INFO Sem novas imagens Banda 10
14/08/2023 08:21:40 INFO Sem novas imagens Banda 11
14/08/2023 08:21:40 INFO Sem novas imagens Banda 12
14/08/2023 08:21:40 INFO Sem novas imagens Banda 13
14/08/2023 08:21:40 INFO Sem novas imagens Banda 14
14/08/2023 08:21:40 INFO Sem novas imagens Banda 15
14/08/2023 08:21:40 INFO Sem novas imagens Banda 16
14/08/2023 08:21:40 INFO Sem novas imagens TRUECOLOR
14/08/2023 08:21:40 INFO Sem novas imagens RRQPEF
14/08/2023 08:21:40 INFO Sem novas imagens GLM
14/08/2023 08:21:40 INFO Sem novas imagens NDVI
14/08/2023 08:21:40 INFO Sem novas imagens FDCF
14/08/2023 08:21:40 INFO 
14/08/2023 08:21:40 INFO SEM NOVAS IMAGENS PARA PROCESSAMENTO
14/08/2023 08:21:40 INFO 
14/08/2023 08:21:40 INFO Tempo gasto 0.0017 segundos
14/08/2023 08:21:40 INFO 
14/08/2023 08:21:40 INFO =========================================================================================================
14/08/2023 08:21:40 INFO =                         PROCESSAMENTO ENCERRADO GOES AS 14/08/2023-08:21:40                           =
14/08/2023 08:21:40 INFO =========================================================================================================
14/08/2023 08:21:40 INFO 
14/08/2023 08:21:40 INFO 
14/08/2023 08:23:54 INFO 
14/08/2023 08:23:54 INFO 
14/08/2023 08:23:54 INFO =========================================================================================================
14/08/2023 08:23:54 INFO =                             PROCESSANDO IMAGENS GOES AS 14/08/2023-08:23:54                           =
14/08/2023 08:23:54 INFO =========================================================================================================
14/08/2023 08:23:54 INFO 
14/08/2023 08:23:54 INFO VERIFICANDO NOVAS IMAGENS
14/08/2023 08:23:54 INFO Sem novas imagens Banda 01
14/08/2023 08:23:54 INFO 
14/08/2023 08:23:54 INFO SEM NOVAS IMAGENS PARA PROCESSAMENTO
14/08/2023 08:23:54 INFO 
14/08/2023 08:23:54 INFO Tempo gasto 0.0005 segundos
14/08/2023 08:23:54 INFO 
14/08/2023 08:23:54 INFO =========================================================================================================
14/08/2023 08:23:54 INFO =                         PROCESSAMENTO ENCERRADO GOES AS 14/08/2023-08:23:54                           =
14/08/2023 08:23:54 INFO =========================================================================================================
14/08/2023 08:23:54 INFO 
14/08/2023 08:23:54 INFO 
14/08/2023 08:25:15 INFO 
14/08/2023 08:25:15 INFO 
14/08/2023 08:25:15 INFO =========================================================================================================
14/08/2023 08:25:15 INFO =                             PROCESSANDO IMAGENS GOES AS 14/08/2023-08:25:15                           =
14/08/2023 08:25:15 INFO =========================================================================================================
14/08/2023 08:25:15 INFO 
14/08/2023 08:25:15 INFO VERIFICANDO NOVAS IMAGENS
14/08/2023 08:25:15 INFO Sem novas imagens Banda 01
14/08/2023 08:25:15 INFO 
14/08/2023 08:25:15 INFO SEM NOVAS IMAGENS PARA PROCESSAMENTO
14/08/2023 08:25:15 INFO 
14/08/2023 08:25:15 INFO Tempo gasto 0.0005 segundos
14/08/2023 08:25:15 INFO 
14/08/2023 08:25:15 INFO =========================================================================================================
14/08/2023 08:25:15 INFO =                         PROCESSAMENTO ENCERRADO GOES AS 14/08/2023-08:25:15                           =
14/08/2023 08:25:15 INFO =========================================================================================================
14/08/2023 08:25:15 INFO 
14/08/2023 08:25:15 INFO 
14/08/2023 08:26:22 INFO 
14/08/2023 08:26:22 INFO 
14/08/2023 08:26:22 INFO =========================================================================================================
14/08/2023 08:26:22 INFO =                             PROCESSANDO IMAGENS GOES AS 14/08/2023-08:26:22                           =
14/08/2023 08:26:22 INFO =========================================================================================================
14/08/2023 08:26:22 INFO 
14/08/2023 08:26:22 INFO VERIFICANDO NOVAS IMAGENS
14/08/2023 08:26:22 INFO Novas imagens Banda 01
14/08/2023 08:26:22 INFO 
14/08/2023 08:26:22 INFO PROCESSANDO IMAGENS "BR"...
14/08/2023 08:26:31 INFO /home/guimoura/download_amazon/goes/band01/CG_ABI-L2-CMIPF-M6C01_G16_s20232271009512_e20232240009512_c20232240009584.nc - br - 8.4609 segundos
14/08/2023 08:26:31 INFO /home/guimoura/download_amazon/goes/band01/CG_ABI-L2-CMIPF-M6C01_G16_s20232261009512_e20232240009512_c20232240009584.nc - br - 8.4783 segundos
14/08/2023 08:26:31 INFO 
14/08/2023 08:26:31 INFO PROCESSANDO IMAGENS "SP"...
14/08/2023 08:26:37 INFO /home/guimoura/download_amazon/goes/band01/CG_ABI-L2-CMIPF-M6C01_G16_s20232271009512_e20232240009512_c20232240009584.nc - sp - 5.8325 segundos
14/08/2023 08:26:37 INFO /home/guimoura/download_amazon/goes/band01/CG_ABI-L2-CMIPF-M6C01_G16_s20232261009512_e20232240009512_c20232240009584.nc - sp - 5.8671 segundos
14/08/2023 08:26:37 INFO 
14/08/2023 08:26:37 INFO PROCESSAMENTO ENCERRADO
14/08/2023 08:26:37 INFO 
14/08/2023 08:26:37 INFO VERIFICANDO NUMERO DE PRODUTOS...
14/08/2023 08:26:37 INFO Quantidade de produtos dentro do limite
14/08/2023 08:26:37 INFO 
14/08/2023 08:26:37 INFO CRIANDO GIF ANIMADO "BR"...
14/08/2023 08:26:37 INFO Gif BR banda 01
14/08/2023 08:26:37 INFO 
14/08/2023 08:26:37 INFO CRIANDO GIF ANIMADO "SP"...
14/08/2023 08:26:37 INFO Gif SP banda 01
14/08/2023 08:26:37 INFO 
14/08/2023 08:26:37 INFO Tempo gasto 14.679 segundos
14/08/2023 08:26:37 INFO 
14/08/2023 08:26:37 INFO =========================================================================================================
14/08/2023 08:26:37 INFO =                         PROCESSAMENTO ENCERRADO GOES AS 14/08/2023-08:26:37                           =
14/08/2023 08:26:37 INFO =========================================================================================================
14/08/2023 08:26:37 INFO 
14/08/2023 08:26:37 INFO 
14/08/2023 08:39:27 INFO 
14/08/2023 08:39:27 INFO 
14/08/2023 08:39:27 INFO =========================================================================================================
14/08/2023 08:39:27 INFO =                             PROCESSANDO IMAGENS GOES AS 14/08/2023-08:39:27                           =
14/08/2023 08:39:27 INFO =========================================================================================================
14/08/2023 08:39:27 INFO 
14/08/2023 08:39:27 INFO VERIFICANDO NOVAS IMAGENS
14/08/2023 08:39:27 INFO Novas imagens Banda 01
14/08/2023 08:39:27 INFO 
14/08/2023 08:39:27 INFO PROCESSANDO IMAGENS "BR"...
14/08/2023 08:39:35 INFO /home/guimoura/download_amazon/goes/band01/CG_ABI-L2-CMIPF-M6C01_G16_s20232261009512_e20232240009512_c20232240009584.nc - br - 8.3745 segundos
14/08/2023 08:39:35 INFO /home/guimoura/download_amazon/goes/band01/CG_ABI-L2-CMIPF-M6C01_G16_s20232271009512_e20232240009512_c20232240009584.nc - br - 8.5035 segundos
14/08/2023 08:39:35 INFO 
14/08/2023 08:39:35 INFO PROCESSANDO IMAGENS "SP"...
14/08/2023 08:39:41 INFO /home/guimoura/download_amazon/goes/band01/CG_ABI-L2-CMIPF-M6C01_G16_s20232271009512_e20232240009512_c20232240009584.nc - sp - 6.1471 segundos
14/08/2023 08:39:41 INFO /home/guimoura/download_amazon/goes/band01/CG_ABI-L2-CMIPF-M6C01_G16_s20232261009512_e20232240009512_c20232240009584.nc - sp - 6.1811 segundos
14/08/2023 08:39:41 INFO 
14/08/2023 08:39:41 INFO PROCESSAMENTO ENCERRADO
14/08/2023 08:39:41 INFO 
14/08/2023 08:39:41 INFO VERIFICANDO NUMERO DE PRODUTOS...
14/08/2023 08:39:41 INFO Quantidade de produtos dentro do limite
14/08/2023 08:39:41 INFO 
14/08/2023 08:39:41 INFO CRIANDO GIF ANIMADO "BR"...
14/08/2023 08:39:41 INFO Gif BR banda 01
14/08/2023 08:39:41 INFO 
14/08/2023 08:39:41 INFO CRIANDO GIF ANIMADO "SP"...
14/08/2023 08:39:41 INFO Gif SP banda 01
14/08/2023 08:39:41 INFO 
14/08/2023 08:39:41 INFO Tempo gasto 14.9226 segundos
14/08/2023 08:39:41 INFO 
14/08/2023 08:39:41 INFO =========================================================================================================
14/08/2023 08:39:41 INFO =                         PROCESSAMENTO ENCERRADO GOES AS 14/08/2023-08:39:41                           =
14/08/2023 08:39:41 INFO =========================================================================================================
14/08/2023 08:39:41 INFO 
14/08/2023 08:39:41 INFO 
