08/11/2023 08:10:55 INFO 
08/11/2023 08:10:55 INFO 
08/11/2023 08:10:55 INFO ==================================================================================================================
08/11/2023 08:10:55 INFO =                                  DOWNLOAD IMAGENS GOES AS 08/11/2023-08:10:55                                  =
08/11/2023 08:10:55 INFO ==================================================================================================================
08/11/2023 08:10:55 INFO 
08/11/2023 08:10:55 INFO 
08/11/2023 08:10:55 INFO Tentando download Band01...
08/11/2023 08:10:56 INFO Downloading file /home/guimoura/processamento/goes/band01/OR_ABI-L2-CMIPF-M6C01_G16_s20233121100210_e20233121109518_c20233121109578.nc
08/11/2023 08:11:08 INFO 
08/11/2023 08:11:08 INFO Tentando download Band02...
08/11/2023 08:11:09 INFO Downloading file /home/guimoura/processamento/goes/band02/OR_ABI-L2-CMIPF-M6C02_G16_s20233121100210_e20233121109518_c20233121109578.nc
08/11/2023 08:11:38 INFO 
08/11/2023 08:11:38 INFO Tentando download Band03...
08/11/2023 08:11:38 INFO Downloading file /home/guimoura/processamento/goes/band03/OR_ABI-L2-CMIPF-M6C03_G16_s20233121100210_e20233121109518_c20233121109568.nc
08/11/2023 08:11:47 INFO 
08/11/2023 08:11:47 INFO Tentando download Band04...
08/11/2023 08:11:47 INFO Downloading file /home/guimoura/processamento/goes/band04/OR_ABI-L2-CMIPF-M6C04_G16_s20233121100210_e20233121109518_c20233121109558.nc
08/11/2023 08:11:54 INFO 
08/11/2023 08:11:54 INFO Tentando download Band05...
08/11/2023 08:11:54 INFO Downloading file /home/guimoura/processamento/goes/band05/OR_ABI-L2-CMIPF-M6C05_G16_s20233121100210_e20233121109518_c20233121109568.nc
08/11/2023 08:12:05 INFO 
08/11/2023 08:12:05 INFO Tentando download Band06...
08/11/2023 08:12:06 INFO Downloading file /home/guimoura/processamento/goes/band06/OR_ABI-L2-CMIPF-M6C06_G16_s20233121100210_e20233121109524_c20233121109578.nc
08/11/2023 08:12:10 INFO 
08/11/2023 08:12:10 INFO Tentando download Band07...
08/11/2023 08:12:10 INFO Downloading file /home/guimoura/processamento/goes/band07/OR_ABI-L2-CMIPF-M6C07_G16_s20233121100210_e20233121109530_c20233121109584.nc
08/11/2023 08:12:19 INFO 
08/11/2023 08:12:19 INFO Tentando download Band08...
08/11/2023 08:12:20 INFO Downloading file /home/guimoura/processamento/goes/band08/OR_ABI-L2-CMIPF-M6C08_G16_s20233121100210_e20233121109518_c20233121109584.nc
08/11/2023 08:12:27 INFO 
08/11/2023 08:12:27 INFO Tentando download Band09...
08/11/2023 08:12:28 INFO Downloading file /home/guimoura/processamento/goes/band09/OR_ABI-L2-CMIPF-M6C09_G16_s20233121100210_e20233121109523_c20233121109588.nc
08/11/2023 08:12:33 INFO 
08/11/2023 08:12:33 INFO Tentando download Band10...
08/11/2023 08:12:34 INFO Downloading file /home/guimoura/processamento/goes/band10/OR_ABI-L2-CMIPF-M6C10_G16_s20233121100210_e20233121109529_c20233121109578.nc
08/11/2023 08:12:39 INFO 
08/11/2023 08:12:39 INFO Tentando download Band11...
08/11/2023 08:12:40 INFO Downloading file /home/guimoura/processamento/goes/band11/OR_ABI-L2-CMIPF-M6C11_G16_s20233121100210_e20233121109518_c20233121109578.nc
08/11/2023 08:12:54 INFO 
08/11/2023 08:12:54 INFO Tentando download Band12...
08/11/2023 08:12:55 INFO Downloading file /home/guimoura/processamento/goes/band12/OR_ABI-L2-CMIPF-M6C12_G16_s20233121100210_e20233121109524_c20233121109578.nc
08/11/2023 08:13:06 INFO 
08/11/2023 08:13:06 INFO Tentando download Band13...
08/11/2023 08:13:06 INFO Downloading file /home/guimoura/processamento/goes/band13/OR_ABI-L2-CMIPF-M6C13_G16_s20233121100210_e20233121109529_c20233121109588.nc
08/11/2023 08:13:14 INFO 
08/11/2023 08:13:14 INFO Tentando download Band14...
08/11/2023 08:13:14 INFO Downloading file /home/guimoura/processamento/goes/band14/OR_ABI-L2-CMIPF-M6C14_G16_s20233121100210_e20233121109518_c20233121109588.nc
08/11/2023 08:13:24 INFO 
08/11/2023 08:13:24 INFO Tentando download Band15...
08/11/2023 08:13:25 INFO Downloading file /home/guimoura/processamento/goes/band15/OR_ABI-L2-CMIPF-M6C15_G16_s20233121100210_e20233121109524_c20233121109584.nc
08/11/2023 08:13:33 INFO 
08/11/2023 08:13:33 INFO Tentando download Band16...
08/11/2023 08:13:33 INFO Downloading file /home/guimoura/processamento/goes/band16/OR_ABI-L2-CMIPF-M6C16_G16_s20233121100210_e20233121109530_c20233121109594.nc
08/11/2023 08:54:50 INFO 
08/11/2023 08:54:50 INFO 
08/11/2023 08:54:50 INFO =========================================================================================================
08/11/2023 08:54:50 INFO =                             PROCESSANDO IMAGENS GOES AS 08/11/2023-08:54:50                           =
08/11/2023 08:54:50 INFO =========================================================================================================
08/11/2023 08:54:50 INFO 
08/11/2023 08:54:50 INFO VERIFICANDO NOVAS IMAGENS
08/11/2023 08:54:50 INFO Novas imagens para o dia band01
08/11/2023 08:54:50 INFO Novas imagens para o dia band02
08/11/2023 08:54:50 INFO Novas imagens para o dia band03
08/11/2023 08:54:50 INFO Novas imagens para o dia band04
08/11/2023 08:54:50 INFO Novas imagens para o dia band05
08/11/2023 08:54:50 INFO Novas imagens para o dia band06
08/11/2023 08:54:50 INFO Novas imagens para o dia band07
08/11/2023 08:54:50 INFO Novas imagens para o dia band08
08/11/2023 08:54:50 INFO Novas imagens para o dia band09
08/11/2023 08:54:50 INFO Novas imagens para o dia band10
08/11/2023 08:54:50 INFO Novas imagens para o dia band11
08/11/2023 08:54:50 INFO Novas imagens para o dia band12
08/11/2023 08:54:50 INFO Novas imagens para o dia band13
08/11/2023 08:54:50 INFO Novas imagens para o dia band14
08/11/2023 08:54:50 INFO Novas imagens para o dia band15
08/11/2023 08:54:50 INFO Novas imagens para o dia band16
08/11/2023 08:54:50 INFO Novas imagens TRUECOLOR
08/11/2023 08:54:52 INFO Novas imagens RRQPEF
08/11/2023 08:54:52 INFO Novas imagens GLM
08/11/2023 08:54:52 INFO Sem novas imagens NDVI
08/11/2023 08:54:56 INFO Novas imagens FDCF
08/11/2023 08:54:56 INFO Novas imagens AIRMASS
08/11/2023 08:54:56 INFO Novas imagens para Land Surface Temperature
08/11/2023 08:54:56 INFO 
08/11/2023 08:54:56 INFO PROCESSANDO IMAGENS "BR"...
08/11/2023 08:55:29 INFO /home/guimoura/processamento/goes/band07/CG_ABI-L2-CMIPF-M6C07_G16_s20233121100210_e20233121109530_c20233121109584.nc - br - 32.4249 segundos
08/11/2023 08:55:29 INFO /home/guimoura/processamento/goes/band16/CG_ABI-L2-CMIPF-M6C16_G16_s20233121100210_e20233121109530_c20233121109594.nc - br - 32.6619 segundos
08/11/2023 08:55:29 INFO /home/guimoura/processamento/goes/band12/CG_ABI-L2-CMIPF-M6C12_G16_s20233121100210_e20233121109524_c20233121109578.nc - br - 32.8798 segundos
08/11/2023 08:55:29 INFO /home/guimoura/processamento/goes/band08/CG_ABI-L2-CMIPF-M6C08_G16_s20233121100210_e20233121109518_c20233121109584.nc - br - 32.9852 segundos
08/11/2023 08:55:30 INFO /home/guimoura/processamento/goes/band04/CG_ABI-L2-CMIPF-M6C04_G16_s20233121100210_e20233121109518_c20233121109558.nc - br - 33.301 segundos
08/11/2023 08:55:30 INFO /home/guimoura/processamento/goes/band11/CG_ABI-L2-CMIPF-M6C11_G16_s20233121100210_e20233121109518_c20233121109578.nc - br - 33.2189 segundos
08/11/2023 08:55:30 INFO /home/guimoura/processamento/goes/band10/CG_ABI-L2-CMIPF-M6C10_G16_s20233121100210_e20233121109529_c20233121109578.nc - br - 33.2979 segundos
08/11/2023 08:55:30 INFO /home/guimoura/processamento/goes/band15/CG_ABI-L2-CMIPF-M6C15_G16_s20233121100210_e20233121109524_c20233121109584.nc - br - 33.3385 segundos
08/11/2023 08:55:30 INFO /home/guimoura/processamento/goes/band13/CG_ABI-L2-CMIPF-M6C13_G16_s20233121100210_e20233121109529_c20233121109588.nc - br - 33.5191 segundos
08/11/2023 08:55:30 INFO /home/guimoura/processamento/goes/band09/CG_ABI-L2-CMIPF-M6C09_G16_s20233121100210_e20233121109523_c20233121109588.nc - br - 33.6248 segundos
08/11/2023 08:55:30 INFO /home/guimoura/processamento/goes/band14/CG_ABI-L2-CMIPF-M6C14_G16_s20233121100210_e20233121109518_c20233121109588.nc - br - 33.5447 segundos
08/11/2023 08:55:30 INFO /home/guimoura/processamento/goes/band06/CG_ABI-L2-CMIPF-M6C06_G16_s20233121100210_e20233121109524_c20233121109578.nc - br - 33.7787 segundos
08/11/2023 08:55:31 INFO /home/guimoura/processamento/goes/band01/CG_ABI-L2-CMIPF-M6C01_G16_s20233121100210_e20233121109518_c20233121109578.nc - br - 34.1337 segundos
08/11/2023 08:55:31 INFO /home/guimoura/processamento/goes/band05/CG_ABI-L2-CMIPF-M6C05_G16_s20233121100210_e20233121109518_c20233121109568.nc - br - 34.1636 segundos
08/11/2023 08:55:31 INFO /home/guimoura/processamento/goes/band03/CG_ABI-L2-CMIPF-M6C03_G16_s20233121100210_e20233121109518_c20233121109568.nc - br - 34.2761 segundos
08/11/2023 08:55:33 INFO /home/guimoura/processamento/goes/band02/CG_ABI-L2-CMIPF-M6C02_G16_s20233121100210_e20233121109518_c20233121109578.nc - br - 36.5282 segundos
08/11/2023 08:55:33 INFO 
08/11/2023 08:55:33 INFO PROCESSANDO IMAGENS "SP"...
08/11/2023 08:55:52 INFO /home/guimoura/processamento/goes/band10/CG_ABI-L2-CMIPF-M6C10_G16_s20233121100210_e20233121109529_c20233121109578.nc - sp - 19.0633 segundos
08/11/2023 08:55:52 INFO /home/guimoura/processamento/goes/band04/CG_ABI-L2-CMIPF-M6C04_G16_s20233121100210_e20233121109518_c20233121109558.nc - sp - 19.1843 segundos
08/11/2023 08:55:52 INFO /home/guimoura/processamento/goes/band11/CG_ABI-L2-CMIPF-M6C11_G16_s20233121100210_e20233121109518_c20233121109578.nc - sp - 19.3191 segundos
08/11/2023 08:55:53 INFO /home/guimoura/processamento/goes/band09/CG_ABI-L2-CMIPF-M6C09_G16_s20233121100210_e20233121109523_c20233121109588.nc - sp - 20.3353 segundos
08/11/2023 08:55:54 INFO /home/guimoura/processamento/goes/band08/CG_ABI-L2-CMIPF-M6C08_G16_s20233121100210_e20233121109518_c20233121109584.nc - sp - 20.9045 segundos
08/11/2023 08:55:54 INFO /home/guimoura/processamento/goes/band16/CG_ABI-L2-CMIPF-M6C16_G16_s20233121100210_e20233121109530_c20233121109594.nc - sp - 20.8288 segundos
08/11/2023 08:55:54 INFO /home/guimoura/processamento/goes/band07/CG_ABI-L2-CMIPF-M6C07_G16_s20233121100210_e20233121109530_c20233121109584.nc - sp - 21.0122 segundos
08/11/2023 08:55:54 INFO /home/guimoura/processamento/goes/band15/CG_ABI-L2-CMIPF-M6C15_G16_s20233121100210_e20233121109524_c20233121109584.nc - sp - 20.9585 segundos
08/11/2023 08:55:54 INFO /home/guimoura/processamento/goes/band13/CG_ABI-L2-CMIPF-M6C13_G16_s20233121100210_e20233121109529_c20233121109588.nc - sp - 21.0374 segundos
08/11/2023 08:55:54 INFO /home/guimoura/processamento/goes/band12/CG_ABI-L2-CMIPF-M6C12_G16_s20233121100210_e20233121109524_c20233121109578.nc - sp - 21.099 segundos
08/11/2023 08:55:54 INFO /home/guimoura/processamento/goes/band14/CG_ABI-L2-CMIPF-M6C14_G16_s20233121100210_e20233121109518_c20233121109588.nc - sp - 21.0967 segundos
08/11/2023 08:55:54 INFO /home/guimoura/processamento/goes/band06/CG_ABI-L2-CMIPF-M6C06_G16_s20233121100210_e20233121109524_c20233121109578.nc - sp - 21.2474 segundos
08/11/2023 08:55:54 INFO /home/guimoura/processamento/goes/band01/CG_ABI-L2-CMIPF-M6C01_G16_s20233121100210_e20233121109518_c20233121109578.nc - sp - 21.284 segundos
08/11/2023 08:55:54 INFO /home/guimoura/processamento/goes/band03/CG_ABI-L2-CMIPF-M6C03_G16_s20233121100210_e20233121109518_c20233121109568.nc - sp - 21.4795 segundos
08/11/2023 08:55:55 INFO /home/guimoura/processamento/goes/band02/CG_ABI-L2-CMIPF-M6C02_G16_s20233121100210_e20233121109518_c20233121109578.nc - sp - 21.5403 segundos
08/11/2023 08:55:55 INFO /home/guimoura/processamento/goes/band05/CG_ABI-L2-CMIPF-M6C05_G16_s20233121100210_e20233121109518_c20233121109568.nc - sp - 21.5467 segundos
08/11/2023 08:55:55 INFO 
08/11/2023 08:55:55 INFO PROCESSANDO IMAGENS TRUECOLOR WITH NIGHT "BR"...
08/11/2023 08:56:06 INFO Atmosphere chosen: us-standard
08/11/2023 08:56:10 WARNING Clipping input data to the valid range for imshow with RGB data ([0..1] for floats or [0..255] for integers).
08/11/2023 08:56:18 INFO True Color - Tempo de Processamento: 23.81 segundos.
08/11/2023 08:56:18 INFO 
08/11/2023 08:56:18 INFO PROCESSANDO IMAGENS TRUECOLOR WITH NIGHT "BR"...
08/11/2023 08:56:19 INFO Atmosphere chosen: us-standard
08/11/2023 08:56:20 WARNING Clipping input data to the valid range for imshow with RGB data ([0..1] for floats or [0..255] for integers).
08/11/2023 08:56:26 INFO True Color - Tempo de Processamento: 7.74 segundos.
08/11/2023 08:56:26 INFO 
08/11/2023 08:56:26 INFO PROCESSANDO IMAGENS RRQPEF "BR"...
08/11/2023 08:56:32 INFO /home/guimoura/processamento/goes/rrqpef/OR_ABI-L2-RRQPEF-M6_G16_s20233121100210_e20233121109518_c20233121110004.nc - br - 6.1339 segundos
08/11/2023 08:56:32 INFO 
08/11/2023 08:56:32 INFO PROCESSANDO IMAGENS RRQPEF "SP"...
08/11/2023 08:56:38 INFO /home/guimoura/processamento/goes/rrqpef/OR_ABI-L2-RRQPEF-M6_G16_s20233121100210_e20233121109518_c20233121110004.nc - sp - 5.5024 segundos
08/11/2023 08:56:38 INFO 
08/11/2023 08:56:38 INFO PROCESSANDO IMAGENS GLM "BR"...
08/11/2023 08:56:43 INFO /home/guimoura/processamento/goes/glm/OR_GLM-L2-LCFA_G16_s20233121100*.nc - br - 5.4339 segundos
08/11/2023 08:56:43 INFO 
08/11/2023 08:56:43 INFO PROCESSANDO IMAGENS FDCF "BR"...
08/11/2023 08:56:43 INFO fdcf_diario: False
08/11/2023 08:57:20 INFO tamanho control withopen: 63
08/11/2023 08:57:20 INFO Len matriz_pixels_fogo:21  int control:  63
08/11/2023 08:57:20 INFO /home/guimoura/processamento/goes/fdcf/OR_ABI-L2-FDCF-M6_G16_s20233121100210_e20233121109518_c20233121111028.nc - br - 36.3077 segundos
08/11/2023 08:57:20 INFO 
08/11/2023 08:57:20 INFO PROCESSANDO IMAGENS AIR MASS "BR"...
08/11/2023 08:57:23 WARNING Clipping input data to the valid range for imshow with RGB data ([0..1] for floats or [0..255] for integers).
08/11/2023 08:57:28 INFO Total processing time Airmass: 8.6 seconds.
08/11/2023 08:57:28 INFO 
08/11/2023 08:57:28 INFO PROCESSANDO IMAGENS AIRMASS "SP"...
08/11/2023 08:57:32 INFO Total processing time Airmass: 3.37 seconds.
08/11/2023 08:57:32 INFO 
08/11/2023 08:57:32 INFO PROCESSANDO IMAGENS LAND SURFACE TEMPERATURE "BR"...
08/11/2023 08:57:41 INFO Total processing time: 9.78 seconds.
08/11/2023 08:57:41 INFO 
08/11/2023 08:57:41 INFO PROCESSANDO IMAGENS LAND SURFACE TEMPERATURE "SP"...
08/11/2023 08:57:45 INFO Total processing time: 3.4 seconds.
08/11/2023 08:57:45 INFO 
08/11/2023 08:57:45 INFO PROCESSAMENTO ENCERRADO
08/11/2023 08:57:45 INFO 
08/11/2023 08:57:45 INFO REMOVENDO IMAGENS PROCESSADAS
08/11/2023 08:57:45 INFO Arquivo CG_ABI-L2-CMIPF-M6C01_G16_s20233121100210_e20233121109518_c20233121109578.nc removido com sucesso!
08/11/2023 08:57:45 INFO Arquivo CG_ABI-L2-CMIPF-M6C02_G16_s20233121100210_e20233121109518_c20233121109578.nc removido com sucesso!
08/11/2023 08:57:45 INFO Arquivo CG_ABI-L2-CMIPF-M6C03_G16_s20233121100210_e20233121109518_c20233121109568.nc removido com sucesso!
08/11/2023 08:57:45 INFO Arquivo CG_ABI-L2-CMIPF-M6C04_G16_s20233121100210_e20233121109518_c20233121109558.nc removido com sucesso!
08/11/2023 08:57:45 INFO Arquivo CG_ABI-L2-CMIPF-M6C05_G16_s20233121100210_e20233121109518_c20233121109568.nc removido com sucesso!
08/11/2023 08:57:45 INFO Arquivo CG_ABI-L2-CMIPF-M6C06_G16_s20233121100210_e20233121109524_c20233121109578.nc removido com sucesso!
08/11/2023 08:57:45 INFO Arquivo CG_ABI-L2-CMIPF-M6C07_G16_s20233121100210_e20233121109530_c20233121109584.nc removido com sucesso!
08/11/2023 08:57:45 INFO Arquivo CG_ABI-L2-CMIPF-M6C08_G16_s20233121100210_e20233121109518_c20233121109584.nc removido com sucesso!
08/11/2023 08:57:45 INFO Arquivo CG_ABI-L2-CMIPF-M6C09_G16_s20233121100210_e20233121109523_c20233121109588.nc removido com sucesso!
08/11/2023 08:57:45 INFO Arquivo CG_ABI-L2-CMIPF-M6C10_G16_s20233121100210_e20233121109529_c20233121109578.nc removido com sucesso!
08/11/2023 08:57:45 INFO Arquivo CG_ABI-L2-CMIPF-M6C11_G16_s20233121100210_e20233121109518_c20233121109578.nc removido com sucesso!
08/11/2023 08:57:45 INFO Arquivo CG_ABI-L2-CMIPF-M6C12_G16_s20233121100210_e20233121109524_c20233121109578.nc removido com sucesso!
08/11/2023 08:57:45 INFO Arquivo CG_ABI-L2-CMIPF-M6C13_G16_s20233121100210_e20233121109529_c20233121109588.nc removido com sucesso!
08/11/2023 08:57:45 INFO Arquivo CG_ABI-L2-CMIPF-M6C14_G16_s20233121100210_e20233121109518_c20233121109588.nc removido com sucesso!
08/11/2023 08:57:45 INFO Arquivo CG_ABI-L2-CMIPF-M6C15_G16_s20233121100210_e20233121109524_c20233121109584.nc removido com sucesso!
08/11/2023 08:57:45 INFO Arquivo CG_ABI-L2-CMIPF-M6C16_G16_s20233121100210_e20233121109530_c20233121109594.nc removido com sucesso!
08/11/2023 08:57:45 INFO Removendo imagens rrqpef
08/11/2023 08:57:45 INFO Removendo imagens GLM
08/11/2023 08:57:45 INFO Quantidade de produtos glm dentro do limite
08/11/2023 08:57:45 INFO Removendo imagens FDCF
08/11/2023 08:57:45 INFO Removendo imagens LST
08/11/2023 08:57:45 INFO 
08/11/2023 08:57:45 INFO VERIFICANDO NUMERO DE PRODUTOS...
08/11/2023 08:57:45 INFO Produtos em excesso removidos com sucesso
08/11/2023 08:57:45 INFO 
08/11/2023 08:57:45 INFO CRIANDO GIF ANIMADO "BR"...
08/11/2023 08:57:45 INFO Gif BR banda 01
08/11/2023 08:57:45 INFO Gif BR banda 02
08/11/2023 08:57:45 INFO Gif BR banda 03
08/11/2023 08:57:45 INFO Gif BR banda 04
08/11/2023 08:57:45 INFO Gif BR banda 05
08/11/2023 08:57:45 INFO Gif BR banda 06
08/11/2023 08:57:45 INFO Gif BR banda 07
08/11/2023 08:57:45 INFO Gif BR banda 08
08/11/2023 08:57:45 INFO Gif BR banda 09
08/11/2023 08:57:45 INFO Gif BR banda 10
08/11/2023 08:57:45 INFO Gif BR banda 11
08/11/2023 08:57:45 INFO Gif BR banda 12
08/11/2023 08:57:45 INFO Gif BR banda 13
08/11/2023 08:57:45 INFO Gif BR banda 14
08/11/2023 08:57:45 INFO Gif BR banda 15
08/11/2023 08:57:45 INFO Gif BR banda 16
08/11/2023 08:57:55 INFO 
08/11/2023 08:57:55 INFO CRIANDO GIF ANIMADO "SP"...
08/11/2023 08:57:55 INFO Gif SP banda 01
08/11/2023 08:57:55 INFO Gif SP banda 02
08/11/2023 08:57:55 INFO Gif SP banda 03
08/11/2023 08:57:55 INFO Gif SP banda 04
08/11/2023 08:57:55 INFO Gif SP banda 05
08/11/2023 08:57:55 INFO Gif SP banda 06
08/11/2023 08:57:55 INFO Gif SP banda 07
08/11/2023 08:57:56 INFO Gif SP banda 08
08/11/2023 08:57:56 INFO Gif SP banda 09
08/11/2023 08:57:56 INFO Gif SP banda 10
08/11/2023 08:57:56 INFO Gif SP banda 11
08/11/2023 08:57:56 INFO Gif SP banda 12
08/11/2023 08:57:56 INFO Gif SP banda 13
08/11/2023 08:57:56 INFO Gif SP banda 14
08/11/2023 08:57:56 INFO Gif SP banda 15
08/11/2023 08:57:56 INFO Gif SP banda 16
08/11/2023 08:58:05 INFO 
08/11/2023 08:58:05 INFO CRIANDO GIF ANIMADO TRUECOLOR "BR"...
08/11/2023 08:58:05 INFO 
08/11/2023 08:58:05 INFO CRIANDO GIF ANIMADO TRUECOLOR "SP"...
08/11/2023 08:58:06 INFO 
08/11/2023 08:58:06 INFO CRIANDO GIF ANIMADO RRQPEF "BR"...
08/11/2023 08:58:08 INFO 
08/11/2023 08:58:08 INFO CRIANDO GIF ANIMADO RRQPEF "SP"...
08/11/2023 08:58:11 INFO 
08/11/2023 08:58:11 INFO CRIANDO GIF ANIMADO GLM "BR"...
08/11/2023 08:58:17 INFO 
08/11/2023 08:58:17 INFO CRIANDO GIF ANIMADO FDCF "BR"...
08/11/2023 08:58:19 INFO 
08/11/2023 08:58:19 INFO CRIANDO GIF ANIMADO Airmass "BR"...
08/11/2023 08:58:21 INFO 
08/11/2023 08:58:21 INFO CRIANDO GIF ANIMADO Airmass "SP"...
08/11/2023 08:58:22 INFO 
08/11/2023 08:58:22 INFO CRIANDO GIF ANIMADO lst "BR"...
08/11/2023 08:58:23 INFO 
08/11/2023 08:58:23 INFO CRIANDO GIF ANIMADO lst "SP"...
08/11/2023 08:58:23 INFO Tempo de Processamento Gifs: 38.1 segundos.
08/11/2023 08:58:23 INFO 
08/11/2023 08:58:23 INFO Tempo gasto 213.0143 segundos
08/11/2023 08:58:23 INFO 
08/11/2023 08:58:23 INFO =========================================================================================================
08/11/2023 08:58:23 INFO =                         PROCESSAMENTO ENCERRADO GOES AS 08/11/2023-08:58:23                           =
08/11/2023 08:58:23 INFO =========================================================================================================
08/11/2023 08:58:23 INFO 
08/11/2023 08:58:23 INFO 
