25/10/2023 10:36:58 INFO 
25/10/2023 10:36:58 INFO 
25/10/2023 10:36:58 INFO ==================================================================================================================
25/10/2023 10:36:58 INFO =                                  DOWNLOAD IMAGENS GOES AS 25/10/2023-10:36:58                                  =
25/10/2023 10:36:58 INFO ==================================================================================================================
25/10/2023 10:36:58 INFO 
25/10/2023 10:36:58 INFO 
25/10/2023 10:36:58 INFO Tentando download Band01...
25/10/2023 10:36:59 INFO Downloading file /home/guimoura/processamento/goes/band01/OR_ABI-L2-CMIPF-M6C01_G16_s20232981320209_e20232981329517_c20232981329573.nc
25/10/2023 10:37:14 INFO 
25/10/2023 10:37:14 INFO Tentando download Band02...
25/10/2023 10:37:15 INFO Downloading file /home/guimoura/processamento/goes/band02/OR_ABI-L2-CMIPF-M6C02_G16_s20232981320209_e20232981329518_c20232981329572.nc
25/10/2023 10:38:08 INFO 
25/10/2023 10:38:08 INFO Tentando download Band03...
25/10/2023 10:38:09 INFO Downloading file /home/guimoura/processamento/goes/band03/OR_ABI-L2-CMIPF-M6C03_G16_s20232981320209_e20232981329518_c20232981329574.nc
25/10/2023 10:38:21 INFO 
25/10/2023 10:38:21 INFO Tentando download Band04...
25/10/2023 10:38:22 INFO Downloading file /home/guimoura/processamento/goes/band04/OR_ABI-L2-CMIPF-M6C04_G16_s20232981320209_e20232981329517_c20232981329556.nc
25/10/2023 10:38:26 INFO 
25/10/2023 10:38:26 INFO Tentando download Band05...
25/10/2023 10:38:26 INFO Downloading file /home/guimoura/processamento/goes/band05/OR_ABI-L2-CMIPF-M6C05_G16_s20232981320209_e20232981329517_c20232981329583.nc
25/10/2023 10:38:38 INFO 
25/10/2023 10:38:38 INFO Tentando download Band06...
25/10/2023 10:38:38 INFO Downloading file /home/guimoura/processamento/goes/band06/OR_ABI-L2-CMIPF-M6C06_G16_s20232981320209_e20232981329523_c20232981329583.nc
25/10/2023 10:38:46 INFO 
25/10/2023 10:38:46 INFO Tentando download Band07...
25/10/2023 10:38:47 INFO Downloading file /home/guimoura/processamento/goes/band07/OR_ABI-L2-CMIPF-M6C07_G16_s20232981320209_e20232981329529_c20232981329580.nc
25/10/2023 10:38:54 INFO 
25/10/2023 10:38:54 INFO Tentando download Band08...
25/10/2023 10:38:54 INFO Downloading file /home/guimoura/processamento/goes/band08/OR_ABI-L2-CMIPF-M6C08_G16_s20232981320209_e20232981329517_c20232981329590.nc
25/10/2023 10:39:02 INFO 
25/10/2023 10:39:02 INFO Tentando download Band09...
25/10/2023 10:39:03 INFO Downloading file /home/guimoura/processamento/goes/band09/OR_ABI-L2-CMIPF-M6C09_G16_s20232981320209_e20232981329523_c20232981330004.nc
25/10/2023 10:39:10 INFO 
25/10/2023 10:39:10 INFO Tentando download Band10...
25/10/2023 10:39:11 INFO Downloading file /home/guimoura/processamento/goes/band10/OR_ABI-L2-CMIPF-M6C10_G16_s20232981320209_e20232981329529_c20232981329582.nc
25/10/2023 10:39:20 INFO 
25/10/2023 10:39:20 INFO Tentando download Band11...
25/10/2023 10:39:21 INFO Downloading file /home/guimoura/processamento/goes/band11/OR_ABI-L2-CMIPF-M6C11_G16_s20232981320209_e20232981329517_c20232981329573.nc
25/10/2023 10:39:30 INFO 
25/10/2023 10:39:30 INFO Tentando download Band12...
25/10/2023 10:39:30 INFO Downloading file /home/guimoura/processamento/goes/band12/OR_ABI-L2-CMIPF-M6C12_G16_s20232981320209_e20232981329523_c20232981329583.nc
25/10/2023 10:39:35 INFO 
25/10/2023 10:39:35 INFO Tentando download Band13...
25/10/2023 10:39:36 INFO Downloading file /home/guimoura/processamento/goes/band13/OR_ABI-L2-CMIPF-M6C13_G16_s20232981320209_e20232981329529_c20232981330003.nc
25/10/2023 10:39:42 INFO 
25/10/2023 10:39:42 INFO Tentando download Band14...
25/10/2023 10:39:43 INFO Downloading file /home/guimoura/processamento/goes/band14/OR_ABI-L2-CMIPF-M6C14_G16_s20232981320209_e20232981329518_c20232981329592.nc
25/10/2023 10:39:51 INFO 
25/10/2023 10:39:51 INFO Tentando download Band15...
25/10/2023 10:39:51 INFO Downloading file /home/guimoura/processamento/goes/band15/OR_ABI-L2-CMIPF-M6C15_G16_s20232981320209_e20232981329524_c20232981329594.nc
25/10/2023 10:40:01 INFO 
25/10/2023 10:40:01 INFO Tentando download Band16...
25/10/2023 10:40:02 INFO Downloading file /home/guimoura/processamento/goes/band16/OR_ABI-L2-CMIPF-M6C16_G16_s20232981320209_e20232981329529_c20232981329583.nc
