10/11/2023 08:53:06 INFO 
10/11/2023 08:53:06 INFO 
10/11/2023 08:53:06 INFO ==================================================================================================================
10/11/2023 08:53:06 INFO =                                  DOWNLOAD IMAGENS GOES AS 10/11/2023-08:53:06                                  =
10/11/2023 08:53:06 INFO ==================================================================================================================
10/11/2023 08:53:06 INFO 
10/11/2023 08:53:06 INFO 
10/11/2023 08:53:06 INFO Tentando download Band01...
10/11/2023 08:53:07 INFO Downloading file /home/guimoura/processamento/goes/band01/OR_ABI-L2-CMIPF-M6C01_G16_s20233141140211_e20233141149519_c20233141149573.nc
10/11/2023 08:53:16 INFO 
10/11/2023 08:53:16 INFO Tentando download Band02...
10/11/2023 08:53:17 INFO Downloading file /home/guimoura/processamento/goes/band02/OR_ABI-L2-CMIPF-M6C02_G16_s20233141140211_e20233141149519_c20233141149569.nc
10/11/2023 08:54:00 INFO 
10/11/2023 08:54:00 INFO Tentando download Band03...
10/11/2023 08:54:01 INFO Downloading file /home/guimoura/processamento/goes/band03/OR_ABI-L2-CMIPF-M6C03_G16_s20233141140211_e20233141149519_c20233141149573.nc
10/11/2023 08:54:11 INFO 
10/11/2023 08:54:11 INFO Tentando download Band04...
10/11/2023 08:54:12 INFO Downloading file /home/guimoura/processamento/goes/band04/OR_ABI-L2-CMIPF-M6C04_G16_s20233141140211_e20233141149519_c20233141149559.nc
10/11/2023 08:54:15 INFO 
10/11/2023 08:54:15 INFO Tentando download Band05...
10/11/2023 08:54:16 INFO Downloading file /home/guimoura/processamento/goes/band05/OR_ABI-L2-CMIPF-M6C05_G16_s20233141140211_e20233141149519_c20233141149573.nc
10/11/2023 08:54:25 INFO 
10/11/2023 08:54:25 INFO Tentando download Band06...
10/11/2023 08:54:26 INFO Downloading file /home/guimoura/processamento/goes/band06/OR_ABI-L2-CMIPF-M6C06_G16_s20233141140211_e20233141149524_c20233141149563.nc
10/11/2023 08:54:30 INFO 
10/11/2023 08:54:30 INFO Tentando download Band07...
10/11/2023 08:54:31 INFO Downloading file /home/guimoura/processamento/goes/band07/OR_ABI-L2-CMIPF-M6C07_G16_s20233141140211_e20233141149530_c20233141149584.nc
10/11/2023 08:54:43 INFO 
10/11/2023 08:54:43 INFO Tentando download Band08...
10/11/2023 08:54:44 INFO Downloading file /home/guimoura/processamento/goes/band08/OR_ABI-L2-CMIPF-M6C08_G16_s20233141140211_e20233141149519_c20233141149584.nc
10/11/2023 08:54:55 INFO 
10/11/2023 08:54:55 INFO Tentando download Band09...
10/11/2023 08:54:55 INFO Downloading file /home/guimoura/processamento/goes/band09/OR_ABI-L2-CMIPF-M6C09_G16_s20233141140211_e20233141149524_c20233141150003.nc
10/11/2023 08:55:02 INFO 
10/11/2023 08:55:02 INFO Tentando download Band10...
10/11/2023 08:55:02 INFO Downloading file /home/guimoura/processamento/goes/band10/OR_ABI-L2-CMIPF-M6C10_G16_s20233141140211_e20233141149530_c20233141149584.nc
10/11/2023 08:55:08 INFO 
10/11/2023 08:55:08 INFO Tentando download Band11...
10/11/2023 08:55:09 INFO Downloading file /home/guimoura/processamento/goes/band11/OR_ABI-L2-CMIPF-M6C11_G16_s20233141140211_e20233141149519_c20233141149573.nc
10/11/2023 08:55:16 INFO 
10/11/2023 08:55:16 INFO Tentando download Band12...
10/11/2023 08:55:17 INFO Downloading file /home/guimoura/processamento/goes/band12/OR_ABI-L2-CMIPF-M6C12_G16_s20233141140211_e20233141149524_c20233141150003.nc
10/11/2023 08:55:23 INFO 
10/11/2023 08:55:23 INFO Tentando download Band13...
10/11/2023 08:55:23 INFO Downloading file /home/guimoura/processamento/goes/band13/OR_ABI-L2-CMIPF-M6C13_G16_s20233141140211_e20233141149530_c20233141150003.nc
10/11/2023 08:55:30 INFO 
10/11/2023 08:55:30 INFO Tentando download Band14...
10/11/2023 08:55:31 INFO Downloading file /home/guimoura/processamento/goes/band14/OR_ABI-L2-CMIPF-M6C14_G16_s20233141140211_e20233141149519_c20233141149574.nc
10/11/2023 08:55:36 INFO 
10/11/2023 08:55:36 INFO Tentando download Band15...
10/11/2023 08:55:37 INFO Downloading file /home/guimoura/processamento/goes/band15/OR_ABI-L2-CMIPF-M6C15_G16_s20233141140211_e20233141149524_c20233141149594.nc
10/11/2023 08:55:42 INFO 
10/11/2023 08:55:42 INFO Tentando download Band16...
10/11/2023 08:55:42 INFO Downloading file /home/guimoura/processamento/goes/band16/OR_ABI-L2-CMIPF-M6C16_G16_s20233141140211_e20233141149530_c20233141149584.nc
10/11/2023 08:58:07 INFO 
10/11/2023 08:58:07 INFO 
10/11/2023 08:58:07 INFO =========================================================================================================
10/11/2023 08:58:07 INFO =                             PROCESSANDO IMAGENS GOES AS 10/11/2023-08:58:07                           =
10/11/2023 08:58:07 INFO =========================================================================================================
10/11/2023 08:58:07 INFO 
10/11/2023 08:58:07 INFO VERIFICANDO NOVAS IMAGENS
10/11/2023 08:58:07 INFO Novas imagens para o dia band01
10/11/2023 08:58:07 INFO Novas imagens para o dia band02
10/11/2023 08:58:07 INFO Novas imagens para o dia band03
10/11/2023 08:58:07 INFO Novas imagens para o dia band04
10/11/2023 08:58:07 INFO Novas imagens para o dia band05
10/11/2023 08:58:07 INFO Novas imagens para o dia band06
10/11/2023 08:58:07 INFO Novas imagens para o dia band07
10/11/2023 08:58:07 INFO Novas imagens para o dia band08
10/11/2023 08:58:07 INFO Novas imagens para o dia band09
10/11/2023 08:58:07 INFO Novas imagens para o dia band10
10/11/2023 08:58:07 INFO Novas imagens para o dia band11
10/11/2023 08:58:07 INFO Novas imagens para o dia band12
10/11/2023 08:58:07 INFO Novas imagens para o dia band13
10/11/2023 08:58:07 INFO Novas imagens para o dia band14
10/11/2023 08:58:07 INFO Novas imagens para o dia band15
10/11/2023 08:58:07 INFO Novas imagens para o dia band16
10/11/2023 08:58:07 INFO Novas imagens TRUECOLOR
10/11/2023 08:58:10 INFO Novas imagens RRQPEF
10/11/2023 08:58:10 INFO Sem novas imagens GLM
10/11/2023 08:58:10 INFO Sem novas imagens NDVI
10/11/2023 08:58:12 INFO Novas imagens FDCF
10/11/2023 08:58:12 INFO Novas imagens AIRMASS
10/11/2023 08:58:12 INFO Novas imagens para Land Surface Temperature
10/11/2023 08:58:12 INFO 
10/11/2023 08:58:12 INFO PROCESSANDO IMAGENS FDCF "BR"...
10/11/2023 08:58:12 INFO fdcf_diario: True
10/11/2023 08:58:12 INFO Erro Arquivo fdcf
10/11/2023 08:58:12 INFO 'MASK'
10/11/2023 08:58:12 INFO 
10/11/2023 08:58:12 INFO PROCESSAMENTO ENCERRADO
10/11/2023 08:58:12 INFO 
10/11/2023 08:58:12 INFO Tempo gasto 4.8016 segundos
10/11/2023 08:58:12 INFO 
10/11/2023 08:58:12 INFO =========================================================================================================
10/11/2023 08:58:12 INFO =                         PROCESSAMENTO ENCERRADO GOES AS 10/11/2023-08:58:12                           =
10/11/2023 08:58:12 INFO =========================================================================================================
10/11/2023 08:58:12 INFO 
10/11/2023 08:58:12 INFO 
10/11/2023 09:20:15 INFO 
10/11/2023 09:20:15 INFO 
10/11/2023 09:20:15 INFO =========================================================================================================
10/11/2023 09:20:15 INFO =                             PROCESSANDO IMAGENS GOES AS 10/11/2023-09:20:15                           =
10/11/2023 09:20:15 INFO =========================================================================================================
10/11/2023 09:20:15 INFO 
10/11/2023 09:20:15 INFO VERIFICANDO NOVAS IMAGENS
10/11/2023 09:20:15 INFO Sem imagens para o dia band01
10/11/2023 09:20:15 INFO Sem imagens para o dia band02
10/11/2023 09:20:15 INFO Sem imagens para o dia band03
10/11/2023 09:20:15 INFO Sem imagens para o dia band04
10/11/2023 09:20:15 INFO Sem imagens para o dia band05
10/11/2023 09:20:15 INFO Sem imagens para o dia band06
10/11/2023 09:20:15 INFO Sem imagens para o dia band07
10/11/2023 09:20:15 INFO Sem imagens para o dia band08
10/11/2023 09:20:15 INFO Sem imagens para o dia band09
10/11/2023 09:20:15 INFO Sem imagens para o dia band10
10/11/2023 09:20:15 INFO Sem imagens para o dia band11
10/11/2023 09:20:15 INFO Sem imagens para o dia band12
10/11/2023 09:20:15 INFO Sem imagens para o dia band13
10/11/2023 09:20:15 INFO Sem imagens para o dia band14
10/11/2023 09:20:15 INFO Sem imagens para o dia band15
10/11/2023 09:20:15 INFO Sem imagens para o dia band16
10/11/2023 09:20:15 INFO Sem novas imagens TRUECOLOR
10/11/2023 09:20:15 INFO Sem novas imagens RRQPEF
10/11/2023 09:20:15 INFO Sem novas imagens GLM
10/11/2023 09:20:15 INFO Sem novas imagens FDCF
10/11/2023 09:20:15 INFO Sem novas imagens AIRMASS
10/11/2023 09:20:15 INFO Sem imagens para Land Surface Temperature
10/11/2023 09:20:15 INFO Sem arquivos para processamento. 

10/11/2023 09:20:15 INFO 
10/11/2023 09:20:15 INFO Tempo gasto 0.0021 segundos
10/11/2023 09:20:15 INFO 
10/11/2023 09:20:15 INFO =========================================================================================================
10/11/2023 09:20:15 INFO =                         PROCESSAMENTO ENCERRADO GOES AS 10/11/2023-09:20:15                           =
10/11/2023 09:20:15 INFO =========================================================================================================
10/11/2023 09:20:15 INFO 
10/11/2023 09:20:15 INFO 
10/11/2023 09:20:31 INFO 
10/11/2023 09:20:31 INFO 
10/11/2023 09:20:31 INFO =========================================================================================================
10/11/2023 09:20:31 INFO =                             PROCESSANDO IMAGENS GOES AS 10/11/2023-09:20:31                           =
10/11/2023 09:20:31 INFO =========================================================================================================
10/11/2023 09:20:31 INFO 
10/11/2023 09:20:31 INFO VERIFICANDO NOVAS IMAGENS
10/11/2023 09:20:31 INFO Novas imagens para o dia band01
10/11/2023 09:20:31 INFO Novas imagens para o dia band02
10/11/2023 09:20:31 INFO Novas imagens para o dia band03
10/11/2023 09:20:31 INFO Novas imagens para o dia band04
10/11/2023 09:20:31 INFO Novas imagens para o dia band05
10/11/2023 09:20:31 INFO Novas imagens para o dia band06
10/11/2023 09:20:31 INFO Novas imagens para o dia band07
10/11/2023 09:20:31 INFO Novas imagens para o dia band08
10/11/2023 09:20:31 INFO Novas imagens para o dia band09
10/11/2023 09:20:31 INFO Novas imagens para o dia band10
10/11/2023 09:20:31 INFO Novas imagens para o dia band11
10/11/2023 09:20:31 INFO Novas imagens para o dia band12
10/11/2023 09:20:31 INFO Novas imagens para o dia band13
10/11/2023 09:20:31 INFO Novas imagens para o dia band14
10/11/2023 09:20:31 INFO Novas imagens para o dia band15
10/11/2023 09:20:31 INFO Novas imagens para o dia band16
10/11/2023 09:20:31 INFO Novas imagens TRUECOLOR
10/11/2023 09:20:32 INFO Novas imagens RRQPEF
10/11/2023 09:20:32 INFO Sem novas imagens GLM
10/11/2023 09:20:32 INFO Sem novas imagens NDVI
10/11/2023 09:20:32 INFO Novas imagens FDCF
10/11/2023 09:20:32 INFO Novas imagens AIRMASS
10/11/2023 09:20:32 INFO Novas imagens para Land Surface Temperature
10/11/2023 09:20:32 INFO 
10/11/2023 09:20:32 INFO PROCESSANDO IMAGENS FDCF "BR"...
10/11/2023 09:20:32 INFO fdcf_diario: True
10/11/2023 09:21:08 INFO tamanho control withopen: 189
10/11/2023 09:21:08 INFO Len matriz_pixels_fogo:35  int control:  189
10/11/2023 09:21:20 INFO Atmosphere chosen: us-standard
10/11/2023 09:21:23 WARNING Clipping input data to the valid range for imshow with RGB data ([0..1] for floats or [0..255] for integers).
10/11/2023 09:21:24 INFO save_txt: matriz_diaria
10/11/2023 09:21:24 INFO fdcf_20231108_br vazia
10/11/2023 09:21:29 INFO Removendo os arquivos fdcf do dia do diretório
10/11/2023 09:21:29 INFO /home/guimoura/processamento/goes/fdcf/OR_ABI-L2-FDCF-M6_G16_s20233141140211_e20233141149519_c20233141150028.nc - br - 56.1178 segundos
10/11/2023 09:21:29 INFO 
10/11/2023 09:21:29 INFO PROCESSAMENTO ENCERRADO
10/11/2023 09:21:29 INFO 
10/11/2023 09:21:29 INFO Tempo gasto 58.0253 segundos
10/11/2023 09:21:29 INFO 
10/11/2023 09:21:29 INFO =========================================================================================================
10/11/2023 09:21:29 INFO =                         PROCESSAMENTO ENCERRADO GOES AS 10/11/2023-09:21:29                           =
10/11/2023 09:21:29 INFO =========================================================================================================
10/11/2023 09:21:29 INFO 
10/11/2023 09:21:29 INFO 
10/11/2023 09:36:02 INFO 
10/11/2023 09:36:02 INFO 
10/11/2023 09:36:02 INFO =========================================================================================================
10/11/2023 09:36:02 INFO =                             PROCESSANDO IMAGENS GOES AS 10/11/2023-09:36:02                           =
10/11/2023 09:36:02 INFO =========================================================================================================
10/11/2023 09:36:02 INFO 
10/11/2023 09:36:02 INFO VERIFICANDO NOVAS IMAGENS
10/11/2023 09:36:02 INFO Sem imagens para o dia band01
10/11/2023 09:36:02 INFO Sem imagens para o dia band02
10/11/2023 09:36:02 INFO Sem imagens para o dia band03
10/11/2023 09:36:02 INFO Sem imagens para o dia band04
10/11/2023 09:36:02 INFO Sem imagens para o dia band05
10/11/2023 09:36:02 INFO Sem imagens para o dia band06
10/11/2023 09:36:02 INFO Sem imagens para o dia band07
10/11/2023 09:36:02 INFO Sem imagens para o dia band08
10/11/2023 09:36:02 INFO Sem imagens para o dia band09
10/11/2023 09:36:02 INFO Sem imagens para o dia band10
10/11/2023 09:36:02 INFO Sem imagens para o dia band11
10/11/2023 09:36:02 INFO Sem imagens para o dia band12
10/11/2023 09:36:02 INFO Sem imagens para o dia band13
10/11/2023 09:36:02 INFO Sem imagens para o dia band14
10/11/2023 09:36:02 INFO Sem imagens para o dia band15
10/11/2023 09:36:02 INFO Sem imagens para o dia band16
10/11/2023 09:36:02 INFO Sem novas imagens TRUECOLOR
10/11/2023 09:36:02 INFO Sem novas imagens RRQPEF
10/11/2023 09:36:02 INFO Sem novas imagens GLM
10/11/2023 09:36:02 INFO Sem novas imagens FDCF
10/11/2023 09:36:02 INFO Sem novas imagens AIRMASS
10/11/2023 09:36:02 INFO Sem imagens para Land Surface Temperature
10/11/2023 09:36:02 INFO Sem arquivos para processamento. 

10/11/2023 09:36:02 INFO 
10/11/2023 09:36:02 INFO Tempo gasto 0.002 segundos
10/11/2023 09:36:02 INFO 
10/11/2023 09:36:02 INFO =========================================================================================================
10/11/2023 09:36:02 INFO =                         PROCESSAMENTO ENCERRADO GOES AS 10/11/2023-09:36:02                           =
10/11/2023 09:36:02 INFO =========================================================================================================
10/11/2023 09:36:02 INFO 
10/11/2023 09:36:02 INFO 
10/11/2023 09:36:15 INFO 
10/11/2023 09:36:15 INFO 
10/11/2023 09:36:15 INFO =========================================================================================================
10/11/2023 09:36:15 INFO =                             PROCESSANDO IMAGENS GOES AS 10/11/2023-09:36:15                           =
10/11/2023 09:36:15 INFO =========================================================================================================
10/11/2023 09:36:15 INFO 
10/11/2023 09:36:15 INFO VERIFICANDO NOVAS IMAGENS
10/11/2023 09:36:15 INFO Novas imagens para o dia band01
10/11/2023 09:36:15 INFO Novas imagens para o dia band02
10/11/2023 09:36:15 INFO Novas imagens para o dia band03
10/11/2023 09:36:15 INFO Novas imagens para o dia band04
10/11/2023 09:36:15 INFO Novas imagens para o dia band05
10/11/2023 09:36:15 INFO Novas imagens para o dia band06
10/11/2023 09:36:15 INFO Novas imagens para o dia band07
10/11/2023 09:36:15 INFO Novas imagens para o dia band08
10/11/2023 09:36:15 INFO Novas imagens para o dia band09
10/11/2023 09:36:15 INFO Novas imagens para o dia band10
10/11/2023 09:36:15 INFO Novas imagens para o dia band11
10/11/2023 09:36:15 INFO Novas imagens para o dia band12
10/11/2023 09:36:15 INFO Novas imagens para o dia band13
10/11/2023 09:36:15 INFO Novas imagens para o dia band14
10/11/2023 09:36:15 INFO Novas imagens para o dia band15
10/11/2023 09:36:15 INFO Novas imagens para o dia band16
10/11/2023 09:36:15 INFO Novas imagens TRUECOLOR
10/11/2023 09:36:16 INFO Novas imagens RRQPEF
10/11/2023 09:36:16 INFO Sem novas imagens GLM
10/11/2023 09:36:16 INFO Sem novas imagens NDVI
10/11/2023 09:36:16 INFO Novas imagens FDCF
10/11/2023 09:36:16 INFO Novas imagens AIRMASS
10/11/2023 09:36:16 INFO Novas imagens para Land Surface Temperature
10/11/2023 09:36:16 INFO 
10/11/2023 09:36:16 INFO PROCESSANDO IMAGENS FDCF "BR"...
10/11/2023 09:36:16 INFO fdcf_diario: True
10/11/2023 09:36:25 INFO Erro Arquivo fdcf
10/11/2023 09:36:25 INFO boolean index did not match indexed array along dimension 0; dimension is 5424 but corresponding boolean dimension is 1391
10/11/2023 09:36:25 INFO 
10/11/2023 09:36:25 INFO PROCESSAMENTO ENCERRADO
10/11/2023 09:36:25 INFO 
10/11/2023 09:36:25 INFO Tempo gasto 9.9232 segundos
10/11/2023 09:36:25 INFO 
10/11/2023 09:36:25 INFO =========================================================================================================
10/11/2023 09:36:25 INFO =                         PROCESSAMENTO ENCERRADO GOES AS 10/11/2023-09:36:25                           =
10/11/2023 09:36:25 INFO =========================================================================================================
10/11/2023 09:36:25 INFO 
10/11/2023 09:36:25 INFO 
10/11/2023 09:46:14 INFO 
10/11/2023 09:46:14 INFO 
10/11/2023 09:46:14 INFO =========================================================================================================
10/11/2023 09:46:14 INFO =                             PROCESSANDO IMAGENS GOES AS 10/11/2023-09:46:14                           =
10/11/2023 09:46:14 INFO =========================================================================================================
10/11/2023 09:46:14 INFO 
10/11/2023 09:46:14 INFO VERIFICANDO NOVAS IMAGENS
10/11/2023 09:46:14 INFO Novas imagens para o dia band01
10/11/2023 09:46:14 INFO Novas imagens para o dia band02
10/11/2023 09:46:14 INFO Novas imagens para o dia band03
10/11/2023 09:46:14 INFO Novas imagens para o dia band04
10/11/2023 09:46:14 INFO Novas imagens para o dia band05
10/11/2023 09:46:14 INFO Novas imagens para o dia band06
10/11/2023 09:46:14 INFO Novas imagens para o dia band07
10/11/2023 09:46:14 INFO Novas imagens para o dia band08
10/11/2023 09:46:14 INFO Novas imagens para o dia band09
10/11/2023 09:46:14 INFO Novas imagens para o dia band10
10/11/2023 09:46:14 INFO Novas imagens para o dia band11
10/11/2023 09:46:14 INFO Novas imagens para o dia band12
10/11/2023 09:46:14 INFO Novas imagens para o dia band13
10/11/2023 09:46:14 INFO Novas imagens para o dia band14
10/11/2023 09:46:14 INFO Novas imagens para o dia band15
10/11/2023 09:46:14 INFO Novas imagens para o dia band16
10/11/2023 09:46:14 INFO Novas imagens TRUECOLOR
10/11/2023 09:46:15 INFO Novas imagens RRQPEF
10/11/2023 09:46:15 INFO Sem novas imagens GLM
10/11/2023 09:46:15 INFO Sem novas imagens NDVI
10/11/2023 09:46:16 INFO Novas imagens FDCF
10/11/2023 09:46:16 INFO Novas imagens AIRMASS
10/11/2023 09:46:16 INFO Novas imagens para Land Surface Temperature
10/11/2023 09:46:16 INFO 
10/11/2023 09:46:16 INFO PROCESSANDO IMAGENS FDCF "BR"...
10/11/2023 09:46:16 INFO fdcf_diario: True
10/11/2023 09:46:16 INFO Erro Arquivo fdcf
10/11/2023 09:46:16 INFO too many indices for array: array is 1-dimensional, but 2 were indexed
10/11/2023 09:46:16 INFO 
10/11/2023 09:46:16 INFO PROCESSAMENTO ENCERRADO
10/11/2023 09:46:16 INFO 
10/11/2023 09:46:16 INFO Tempo gasto 1.9968 segundos
10/11/2023 09:46:16 INFO 
10/11/2023 09:46:16 INFO =========================================================================================================
10/11/2023 09:46:16 INFO =                         PROCESSAMENTO ENCERRADO GOES AS 10/11/2023-09:46:16                           =
10/11/2023 09:46:16 INFO =========================================================================================================
10/11/2023 09:46:16 INFO 
10/11/2023 09:46:16 INFO 
10/11/2023 09:47:31 INFO 
10/11/2023 09:47:31 INFO 
10/11/2023 09:47:31 INFO =========================================================================================================
10/11/2023 09:47:31 INFO =                             PROCESSANDO IMAGENS GOES AS 10/11/2023-09:47:31                           =
10/11/2023 09:47:31 INFO =========================================================================================================
10/11/2023 09:47:31 INFO 
10/11/2023 09:47:31 INFO VERIFICANDO NOVAS IMAGENS
10/11/2023 09:47:31 INFO Novas imagens para o dia band01
10/11/2023 09:47:31 INFO Novas imagens para o dia band02
10/11/2023 09:47:31 INFO Novas imagens para o dia band03
10/11/2023 09:47:31 INFO Novas imagens para o dia band04
10/11/2023 09:47:31 INFO Novas imagens para o dia band05
10/11/2023 09:47:31 INFO Novas imagens para o dia band06
10/11/2023 09:47:31 INFO Novas imagens para o dia band07
10/11/2023 09:47:31 INFO Novas imagens para o dia band08
10/11/2023 09:47:31 INFO Novas imagens para o dia band09
10/11/2023 09:47:31 INFO Novas imagens para o dia band10
10/11/2023 09:47:31 INFO Novas imagens para o dia band11
10/11/2023 09:47:31 INFO Novas imagens para o dia band12
10/11/2023 09:47:31 INFO Novas imagens para o dia band13
10/11/2023 09:47:31 INFO Novas imagens para o dia band14
10/11/2023 09:47:31 INFO Novas imagens para o dia band15
10/11/2023 09:47:31 INFO Novas imagens para o dia band16
10/11/2023 09:47:31 INFO Novas imagens TRUECOLOR
10/11/2023 09:47:32 INFO Novas imagens RRQPEF
10/11/2023 09:47:32 INFO Sem novas imagens GLM
10/11/2023 09:47:32 INFO Sem novas imagens NDVI
10/11/2023 09:47:33 INFO Novas imagens FDCF
10/11/2023 09:47:33 INFO Novas imagens AIRMASS
10/11/2023 09:47:33 INFO Novas imagens para Land Surface Temperature
10/11/2023 09:47:33 INFO 
10/11/2023 09:47:33 INFO PROCESSANDO IMAGENS FDCF "BR"...
10/11/2023 09:47:33 INFO fdcf_diario: True
10/11/2023 09:47:33 INFO Erro Arquivo fdcf
10/11/2023 09:47:33 INFO too many indices for array: array is 1-dimensional, but 2 were indexed
10/11/2023 09:47:33 INFO 
10/11/2023 09:47:33 INFO PROCESSAMENTO ENCERRADO
10/11/2023 09:47:33 INFO 
10/11/2023 09:47:33 INFO Tempo gasto 2.0523 segundos
10/11/2023 09:47:33 INFO 
10/11/2023 09:47:33 INFO =========================================================================================================
10/11/2023 09:47:33 INFO =                         PROCESSAMENTO ENCERRADO GOES AS 10/11/2023-09:47:33                           =
10/11/2023 09:47:33 INFO =========================================================================================================
10/11/2023 09:47:33 INFO 
10/11/2023 09:47:33 INFO 
10/11/2023 09:49:05 INFO 
10/11/2023 09:49:05 INFO 
10/11/2023 09:49:05 INFO =========================================================================================================
10/11/2023 09:49:05 INFO =                             PROCESSANDO IMAGENS GOES AS 10/11/2023-09:49:05                           =
10/11/2023 09:49:05 INFO =========================================================================================================
10/11/2023 09:49:05 INFO 
10/11/2023 09:49:05 INFO VERIFICANDO NOVAS IMAGENS
10/11/2023 09:49:05 INFO Novas imagens para o dia band01
10/11/2023 09:49:05 INFO Novas imagens para o dia band02
10/11/2023 09:49:05 INFO Novas imagens para o dia band03
10/11/2023 09:49:05 INFO Novas imagens para o dia band04
10/11/2023 09:49:05 INFO Novas imagens para o dia band05
10/11/2023 09:49:05 INFO Novas imagens para o dia band06
10/11/2023 09:49:05 INFO Novas imagens para o dia band07
10/11/2023 09:49:05 INFO Novas imagens para o dia band08
10/11/2023 09:49:05 INFO Novas imagens para o dia band09
10/11/2023 09:49:05 INFO Novas imagens para o dia band10
10/11/2023 09:49:05 INFO Novas imagens para o dia band11
10/11/2023 09:49:05 INFO Novas imagens para o dia band12
10/11/2023 09:49:05 INFO Novas imagens para o dia band13
10/11/2023 09:49:05 INFO Novas imagens para o dia band14
10/11/2023 09:49:05 INFO Novas imagens para o dia band15
10/11/2023 09:49:05 INFO Novas imagens para o dia band16
10/11/2023 09:49:05 INFO Novas imagens TRUECOLOR
10/11/2023 09:49:06 INFO Novas imagens RRQPEF
10/11/2023 09:49:06 INFO Sem novas imagens GLM
10/11/2023 09:49:06 INFO Sem novas imagens NDVI
10/11/2023 09:49:06 INFO Novas imagens FDCF
10/11/2023 09:49:06 INFO Novas imagens AIRMASS
10/11/2023 09:49:06 INFO Novas imagens para Land Surface Temperature
10/11/2023 09:49:06 INFO 
10/11/2023 09:49:06 INFO PROCESSANDO IMAGENS FDCF "BR"...
10/11/2023 09:49:06 INFO fdcf_diario: True
10/11/2023 09:49:07 INFO Erro Arquivo fdcf
10/11/2023 09:49:07 INFO too many indices for array: array is 1-dimensional, but 2 were indexed
10/11/2023 09:49:07 INFO 
10/11/2023 09:49:07 INFO PROCESSAMENTO ENCERRADO
10/11/2023 09:49:07 INFO 
10/11/2023 09:49:07 INFO Tempo gasto 1.9818 segundos
10/11/2023 09:49:07 INFO 
10/11/2023 09:49:07 INFO =========================================================================================================
10/11/2023 09:49:07 INFO =                         PROCESSAMENTO ENCERRADO GOES AS 10/11/2023-09:49:07                           =
10/11/2023 09:49:07 INFO =========================================================================================================
10/11/2023 09:49:07 INFO 
10/11/2023 09:49:07 INFO 
10/11/2023 09:51:13 INFO 
10/11/2023 09:51:13 INFO 
10/11/2023 09:51:13 INFO =========================================================================================================
10/11/2023 09:51:13 INFO =                             PROCESSANDO IMAGENS GOES AS 10/11/2023-09:51:13                           =
10/11/2023 09:51:13 INFO =========================================================================================================
10/11/2023 09:51:13 INFO 
10/11/2023 09:51:13 INFO VERIFICANDO NOVAS IMAGENS
10/11/2023 09:51:13 INFO Novas imagens para o dia band01
10/11/2023 09:51:13 INFO Novas imagens para o dia band02
10/11/2023 09:51:13 INFO Novas imagens para o dia band03
10/11/2023 09:51:13 INFO Novas imagens para o dia band04
10/11/2023 09:51:13 INFO Novas imagens para o dia band05
10/11/2023 09:51:13 INFO Novas imagens para o dia band06
10/11/2023 09:51:13 INFO Novas imagens para o dia band07
10/11/2023 09:51:13 INFO Novas imagens para o dia band08
10/11/2023 09:51:13 INFO Novas imagens para o dia band09
10/11/2023 09:51:13 INFO Novas imagens para o dia band10
10/11/2023 09:51:13 INFO Novas imagens para o dia band11
10/11/2023 09:51:13 INFO Novas imagens para o dia band12
10/11/2023 09:51:13 INFO Novas imagens para o dia band13
10/11/2023 09:51:13 INFO Novas imagens para o dia band14
10/11/2023 09:51:13 INFO Novas imagens para o dia band15
10/11/2023 09:51:13 INFO Novas imagens para o dia band16
10/11/2023 09:51:13 INFO Novas imagens TRUECOLOR
10/11/2023 09:51:13 INFO Novas imagens RRQPEF
10/11/2023 09:51:13 INFO Sem novas imagens GLM
10/11/2023 09:51:13 INFO Sem novas imagens NDVI
10/11/2023 09:51:14 INFO Novas imagens FDCF
10/11/2023 09:51:14 INFO Novas imagens AIRMASS
10/11/2023 09:51:14 INFO Novas imagens para Land Surface Temperature
10/11/2023 09:51:14 INFO 
10/11/2023 09:51:14 INFO PROCESSANDO IMAGENS FDCF "BR"...
10/11/2023 09:51:14 INFO fdcf_diario: True
10/11/2023 09:51:15 INFO Erro Arquivo fdcf
10/11/2023 09:51:15 INFO too many indices for array: array is 1-dimensional, but 2 were indexed
10/11/2023 09:51:15 INFO 
10/11/2023 09:51:15 INFO PROCESSAMENTO ENCERRADO
10/11/2023 09:51:15 INFO 
10/11/2023 09:51:15 INFO Tempo gasto 1.9866 segundos
10/11/2023 09:51:15 INFO 
10/11/2023 09:51:15 INFO =========================================================================================================
10/11/2023 09:51:15 INFO =                         PROCESSAMENTO ENCERRADO GOES AS 10/11/2023-09:51:15                           =
10/11/2023 09:51:15 INFO =========================================================================================================
10/11/2023 09:51:15 INFO 
10/11/2023 09:51:15 INFO 
10/11/2023 09:53:43 INFO 
10/11/2023 09:53:43 INFO 
10/11/2023 09:53:43 INFO =========================================================================================================
10/11/2023 09:53:43 INFO =                             PROCESSANDO IMAGENS GOES AS 10/11/2023-09:53:43                           =
10/11/2023 09:53:43 INFO =========================================================================================================
10/11/2023 09:53:43 INFO 
10/11/2023 09:53:43 INFO VERIFICANDO NOVAS IMAGENS
10/11/2023 09:53:43 INFO Novas imagens para o dia band01
10/11/2023 09:53:43 INFO Novas imagens para o dia band02
10/11/2023 09:53:43 INFO Novas imagens para o dia band03
10/11/2023 09:53:43 INFO Novas imagens para o dia band04
10/11/2023 09:53:43 INFO Novas imagens para o dia band05
10/11/2023 09:53:43 INFO Novas imagens para o dia band06
10/11/2023 09:53:43 INFO Novas imagens para o dia band07
10/11/2023 09:53:43 INFO Novas imagens para o dia band08
10/11/2023 09:53:43 INFO Novas imagens para o dia band09
10/11/2023 09:53:43 INFO Novas imagens para o dia band10
10/11/2023 09:53:43 INFO Novas imagens para o dia band11
10/11/2023 09:53:43 INFO Novas imagens para o dia band12
10/11/2023 09:53:43 INFO Novas imagens para o dia band13
10/11/2023 09:53:43 INFO Novas imagens para o dia band14
10/11/2023 09:53:43 INFO Novas imagens para o dia band15
10/11/2023 09:53:43 INFO Novas imagens para o dia band16
10/11/2023 09:53:43 INFO Novas imagens TRUECOLOR
10/11/2023 09:53:44 INFO Novas imagens RRQPEF
10/11/2023 09:53:44 INFO Sem novas imagens GLM
10/11/2023 09:53:44 INFO Sem novas imagens NDVI
10/11/2023 09:53:45 INFO Novas imagens FDCF
10/11/2023 09:53:45 INFO Novas imagens AIRMASS
10/11/2023 09:53:45 INFO Novas imagens para Land Surface Temperature
10/11/2023 09:53:45 INFO 
10/11/2023 09:53:45 INFO PROCESSANDO IMAGENS FDCF "BR"...
10/11/2023 09:53:45 INFO fdcf_diario: True
10/11/2023 09:54:20 INFO tamanho control withopen: 0
10/11/2023 09:54:20 INFO Len matriz_pixels_fogo:35  int control:  0
10/11/2023 09:54:26 INFO Atmosphere chosen: us-standard
10/11/2023 09:54:28 WARNING Clipping input data to the valid range for imshow with RGB data ([0..1] for floats or [0..255] for integers).
10/11/2023 09:54:29 INFO save_txt: matriz_diaria
10/11/2023 09:54:29 INFO fdcf_20231108_br vazia
10/11/2023 09:54:33 INFO Removendo os arquivos fdcf do dia do diretório
10/11/2023 09:54:33 INFO /home/guimoura/processamento/goes/fdcf/OR_ABI-L2-FDCF-M6_G16_s20233141140211_e20233141149519_c20233141150028.nc - br - 48.1746 segundos
10/11/2023 09:54:33 INFO 
10/11/2023 09:54:33 INFO PROCESSAMENTO ENCERRADO
10/11/2023 09:54:33 INFO 
10/11/2023 09:54:33 INFO Tempo gasto 49.5489 segundos
10/11/2023 09:54:33 INFO 
10/11/2023 09:54:33 INFO =========================================================================================================
10/11/2023 09:54:33 INFO =                         PROCESSAMENTO ENCERRADO GOES AS 10/11/2023-09:54:33                           =
10/11/2023 09:54:33 INFO =========================================================================================================
10/11/2023 09:54:33 INFO 
10/11/2023 09:54:33 INFO 
10/11/2023 09:59:11 INFO 
10/11/2023 09:59:11 INFO 
10/11/2023 09:59:11 INFO =========================================================================================================
10/11/2023 09:59:11 INFO =                             PROCESSANDO IMAGENS GOES AS 10/11/2023-09:59:11                           =
10/11/2023 09:59:11 INFO =========================================================================================================
10/11/2023 09:59:11 INFO 
10/11/2023 09:59:11 INFO VERIFICANDO NOVAS IMAGENS
10/11/2023 09:59:11 INFO Novas imagens para o dia band01
10/11/2023 09:59:11 INFO Novas imagens para o dia band02
10/11/2023 09:59:11 INFO Novas imagens para o dia band03
10/11/2023 09:59:11 INFO Novas imagens para o dia band04
10/11/2023 09:59:11 INFO Novas imagens para o dia band05
10/11/2023 09:59:11 INFO Novas imagens para o dia band06
10/11/2023 09:59:11 INFO Novas imagens para o dia band07
10/11/2023 09:59:11 INFO Novas imagens para o dia band08
10/11/2023 09:59:11 INFO Novas imagens para o dia band09
10/11/2023 09:59:11 INFO Novas imagens para o dia band10
10/11/2023 09:59:11 INFO Novas imagens para o dia band11
10/11/2023 09:59:11 INFO Novas imagens para o dia band12
10/11/2023 09:59:11 INFO Novas imagens para o dia band13
10/11/2023 09:59:11 INFO Novas imagens para o dia band14
10/11/2023 09:59:11 INFO Novas imagens para o dia band15
10/11/2023 09:59:11 INFO Novas imagens para o dia band16
10/11/2023 09:59:11 INFO Novas imagens TRUECOLOR
10/11/2023 09:59:12 INFO Novas imagens RRQPEF
10/11/2023 09:59:12 INFO Sem novas imagens GLM
10/11/2023 09:59:12 INFO Sem novas imagens NDVI
10/11/2023 09:59:13 INFO Novas imagens FDCF
10/11/2023 09:59:13 INFO Novas imagens AIRMASS
10/11/2023 09:59:13 INFO Novas imagens para Land Surface Temperature
10/11/2023 09:59:13 INFO 
10/11/2023 09:59:13 INFO PROCESSANDO IMAGENS FDCF "BR"...
10/11/2023 09:59:13 INFO fdcf_diario: True
10/11/2023 09:59:48 INFO tamanho control withopen: 0
10/11/2023 09:59:48 INFO Len matriz_pixels_fogo:35  int control:  0
10/11/2023 09:59:55 INFO Atmosphere chosen: us-standard
10/11/2023 09:59:57 WARNING Clipping input data to the valid range for imshow with RGB data ([0..1] for floats or [0..255] for integers).
10/11/2023 09:59:58 INFO save_txt: matriz_diaria
10/11/2023 09:59:58 INFO fdcf_20231108_br vazia
10/11/2023 10:00:02 INFO Removendo os arquivos fdcf do dia do diretório
10/11/2023 10:00:02 INFO /home/guimoura/processamento/goes/fdcf/OR_ABI-L2-FDCF-M6_G16_s20233141140211_e20233141149519_c20233141150028.nc - br - 41.2018 segundos
10/11/2023 10:00:02 INFO 
10/11/2023 10:00:02 INFO PROCESSAMENTO ENCERRADO
10/11/2023 10:00:02 INFO 
10/11/2023 10:00:02 INFO Tempo gasto 50.9971 segundos
10/11/2023 10:00:02 INFO 
10/11/2023 10:00:02 INFO =========================================================================================================
10/11/2023 10:00:02 INFO =                         PROCESSAMENTO ENCERRADO GOES AS 10/11/2023-10:00:02                           =
10/11/2023 10:00:02 INFO =========================================================================================================
10/11/2023 10:00:02 INFO 
10/11/2023 10:00:02 INFO 
10/11/2023 11:48:36 INFO 
10/11/2023 11:48:36 INFO 
10/11/2023 11:48:36 INFO ==================================================================================================================
10/11/2023 11:48:36 INFO =                                  DOWNLOAD IMAGENS GOES AS 10/11/2023-11:48:36                                  =
10/11/2023 11:48:36 INFO ==================================================================================================================
10/11/2023 11:48:36 INFO 
10/11/2023 11:48:36 INFO 
10/11/2023 11:48:36 INFO Tentando download Band01...
10/11/2023 11:48:37 INFO Downloading file /home/guimoura/processamento/goes/band01/OR_ABI-L2-CMIPF-M6C01_G16_s20233141430211_e20233141439519_c20233141439593.nc
10/11/2023 11:48:50 INFO 
10/11/2023 11:48:50 INFO Tentando download Band02...
10/11/2023 11:48:51 INFO Downloading file /home/guimoura/processamento/goes/band02/OR_ABI-L2-CMIPF-M6C02_G16_s20233141430211_e20233141439519_c20233141439572.nc
10/11/2023 11:49:39 INFO 
10/11/2023 11:49:39 INFO Tentando download Band03...
10/11/2023 11:49:39 INFO Downloading file /home/guimoura/processamento/goes/band03/OR_ABI-L2-CMIPF-M6C03_G16_s20233141430211_e20233141439519_c20233141439593.nc
10/11/2023 11:49:49 INFO 
10/11/2023 11:49:49 INFO Tentando download Band04...
10/11/2023 11:49:50 INFO Downloading file /home/guimoura/processamento/goes/band04/OR_ABI-L2-CMIPF-M6C04_G16_s20233141430211_e20233141439519_c20233141439564.nc
10/11/2023 11:49:54 INFO 
10/11/2023 11:49:54 INFO Tentando download Band05...
10/11/2023 11:49:55 INFO Downloading file /home/guimoura/processamento/goes/band05/OR_ABI-L2-CMIPF-M6C05_G16_s20233141430211_e20233141439519_c20233141439573.nc
10/11/2023 11:50:08 INFO 
10/11/2023 11:50:08 INFO Tentando download Band06...
10/11/2023 11:50:08 INFO Downloading file /home/guimoura/processamento/goes/band06/OR_ABI-L2-CMIPF-M6C06_G16_s20233141430211_e20233141439525_c20233141439573.nc
10/11/2023 11:50:13 INFO 
10/11/2023 11:50:13 INFO Tentando download Band07...
10/11/2023 11:50:13 INFO Downloading file /home/guimoura/processamento/goes/band07/OR_ABI-L2-CMIPF-M6C07_G16_s20233141430211_e20233141439530_c20233141439590.nc
10/11/2023 11:50:26 INFO 
10/11/2023 11:50:26 INFO Tentando download Band08...
10/11/2023 11:50:27 INFO Downloading file /home/guimoura/processamento/goes/band08/OR_ABI-L2-CMIPF-M6C08_G16_s20233141430211_e20233141439519_c20233141439582.nc
10/11/2023 11:50:34 INFO 
10/11/2023 11:50:34 INFO Tentando download Band09...
10/11/2023 11:50:34 INFO Downloading file /home/guimoura/processamento/goes/band09/OR_ABI-L2-CMIPF-M6C09_G16_s20233141430211_e20233141439525_c20233141439593.nc
10/11/2023 11:50:41 INFO 
10/11/2023 11:50:41 INFO Tentando download Band10...
10/11/2023 11:50:41 INFO Downloading file /home/guimoura/processamento/goes/band10/OR_ABI-L2-CMIPF-M6C10_G16_s20233141430211_e20233141439531_c20233141439572.nc
10/11/2023 11:50:50 INFO 
10/11/2023 11:50:50 INFO Tentando download Band11...
10/11/2023 11:50:50 INFO Downloading file /home/guimoura/processamento/goes/band11/OR_ABI-L2-CMIPF-M6C11_G16_s20233141430211_e20233141439519_c20233141439594.nc
10/11/2023 11:50:57 INFO 
10/11/2023 11:50:57 INFO Tentando download Band12...
10/11/2023 11:50:58 INFO Downloading file /home/guimoura/processamento/goes/band12/OR_ABI-L2-CMIPF-M6C12_G16_s20233141430211_e20233141439525_c20233141439594.nc
10/11/2023 11:51:08 INFO 
10/11/2023 11:51:08 INFO Tentando download Band13...
10/11/2023 11:51:09 INFO Downloading file /home/guimoura/processamento/goes/band13/OR_ABI-L2-CMIPF-M6C13_G16_s20233141430211_e20233141439530_c20233141440003.nc
10/11/2023 11:51:18 INFO 
10/11/2023 11:51:18 INFO Tentando download Band14...
10/11/2023 11:51:18 INFO Downloading file /home/guimoura/processamento/goes/band14/OR_ABI-L2-CMIPF-M6C14_G16_s20233141430211_e20233141439519_c20233141439582.nc
10/11/2023 11:51:30 INFO 
10/11/2023 11:51:30 INFO Tentando download Band15...
10/11/2023 11:51:30 INFO Downloading file /home/guimoura/processamento/goes/band15/OR_ABI-L2-CMIPF-M6C15_G16_s20233141430211_e20233141439525_c20233141439592.nc
10/11/2023 11:51:36 INFO 
10/11/2023 11:51:36 INFO Tentando download Band16...
10/11/2023 11:51:36 INFO Downloading file /home/guimoura/processamento/goes/band16/OR_ABI-L2-CMIPF-M6C16_G16_s20233141430211_e20233141439530_c20233141439582.nc
