22/03/2024 08:12:26 INFO 
22/03/2024 08:12:26 INFO 
22/03/2024 08:12:26 INFO ==============================================================================================
22/03/2024 08:12:26 INFO =                         PROCESSANDO IMAGENS GOES AS 22/03/2024-08:12:26                         =
22/03/2024 08:12:26 INFO ==============================================================================================
22/03/2024 08:12:26 INFO 
22/03/2024 08:12:26 INFO VERIFICANDO NOVAS IMAGENS
22/03/2024 08:12:26 INFO Sem imagens para Sea Surface Temperature
22/03/2024 08:12:26 INFO Sem arquivos para processamento. 

22/03/2024 08:12:26 INFO 
22/03/2024 08:12:26 INFO Tempo gasto 0.0005 segundos
22/03/2024 08:12:26 INFO 
22/03/2024 08:12:26 INFO ===============================================================================================
22/03/2024 08:12:26 INFO =                         PROCESSAMENTO ENCERRADO GOES AS 22/03/2024-08:12:26                         =
22/03/2024 08:12:26 INFO ===============================================================================================
22/03/2024 08:12:26 INFO 
22/03/2024 08:12:26 INFO 
22/03/2024 08:12:37 INFO 
22/03/2024 08:12:37 INFO 
22/03/2024 08:12:37 INFO ===========================================================================================
22/03/2024 08:12:37 INFO =                         DOWNLOAD IMAGENS GOES AS 22/03/2024-08:12:37                         =
22/03/2024 08:12:37 INFO ===========================================================================================
22/03/2024 08:12:37 INFO 
22/03/2024 08:13:22 INFO 
22/03/2024 08:13:22 INFO 
22/03/2024 08:13:22 INFO ===========================================================================================
22/03/2024 08:13:22 INFO =                         DOWNLOAD IMAGENS GOES AS 22/03/2024-08:13:22                         =
22/03/2024 08:13:22 INFO ===========================================================================================
22/03/2024 08:13:22 INFO 
22/03/2024 08:13:22 INFO 
22/03/2024 08:13:22 INFO Downloading file UTC dmw_202403221000.nc
22/03/2024 08:13:36 INFO 
22/03/2024 08:13:36 INFO Tempo gasto 13.9019 segundos
22/03/2024 08:13:36 INFO 
22/03/2024 08:13:36 INFO ==========================================================================================
22/03/2024 08:13:36 INFO =                         DOWNLOAD ENCERRADO GOES AS 22/03/2024-08:13:36                         =
22/03/2024 08:13:36 INFO ==========================================================================================
22/03/2024 08:13:36 INFO 
22/03/2024 08:13:36 INFO 
22/03/2024 08:13:56 INFO 
22/03/2024 08:13:56 INFO 
22/03/2024 08:13:56 INFO ==============================================================================================
22/03/2024 08:13:56 INFO =                         PROCESSANDO IMAGENS GOES AS 22/03/2024-08:13:56                         =
22/03/2024 08:13:56 INFO ==============================================================================================
22/03/2024 08:13:56 INFO 
22/03/2024 08:13:56 INFO VERIFICANDO NOVAS IMAGENS
22/03/2024 08:13:56 INFO Novas imagens para Sea Surface Temperature
22/03/2024 08:13:56 INFO 
22/03/2024 08:13:56 INFO PROCESSANDO IMAGENS "BR"...
22/03/2024 08:13:56 INFO 
22/03/2024 08:13:56 INFO PROCESSANDO IMAGENS "SP"...
22/03/2024 08:13:56 INFO 
22/03/2024 08:13:56 INFO Sem imagens correspondentes a data para glm 
22/03/2024 08:13:56 INFO 
22/03/2024 08:13:56 INFO 
22/03/2024 08:13:56 INFO PROCESSANDO IMAGENS SEA SURFACE TEMPERATURE "BR"...
22/03/2024 08:14:08 INFO Total processing time: 11.35 seconds.
22/03/2024 08:14:08 INFO 
22/03/2024 08:14:08 INFO PROCESSANDO IMAGENS SEA SURFACE TEMPERATURE "SP"...
22/03/2024 08:14:13 INFO Total processing time: 4.91 seconds.
22/03/2024 08:14:13 INFO 
22/03/2024 08:14:13 INFO PROCESSAMENTO ENCERRADO
22/03/2024 08:14:13 INFO 
22/03/2024 08:14:13 INFO REMOVENDO IMAGENS PROCESSADAS
22/03/2024 08:14:13 INFO Removendo imagens DMW
22/03/2024 08:14:13 INFO 
22/03/2024 08:14:13 INFO VERIFICANDO NUMERO DE PRODUTOS...
22/03/2024 08:14:13 INFO Quantidade de produtos dentro do limite
22/03/2024 08:14:13 INFO 
22/03/2024 08:14:13 INFO CRIANDO GIF ANIMADO "BR"...
22/03/2024 08:14:13 INFO 
22/03/2024 08:14:13 INFO CRIANDO GIF ANIMADO "SP"...
22/03/2024 08:14:13 INFO 
22/03/2024 08:14:13 INFO CRIANDO GIF ANIMADO sst "BR"...
22/03/2024 08:14:13 INFO 
22/03/2024 08:14:13 INFO CRIANDO GIF ANIMADO sst "SP"...
22/03/2024 08:14:13 INFO Tempo de Processamento Gifs: 0.66 segundos.
22/03/2024 08:14:13 INFO 
22/03/2024 08:14:13 INFO Tempo gasto 16.9628 segundos
22/03/2024 08:14:13 INFO 
22/03/2024 08:14:13 INFO ===============================================================================================
22/03/2024 08:14:13 INFO =                         PROCESSAMENTO ENCERRADO GOES AS 22/03/2024-08:14:13                         =
22/03/2024 08:14:13 INFO ===============================================================================================
22/03/2024 08:14:13 INFO 
22/03/2024 08:14:13 INFO 
22/03/2024 08:16:23 INFO 
22/03/2024 08:16:23 INFO 
22/03/2024 08:16:23 INFO ==============================================================================================
22/03/2024 08:16:23 INFO =                         PROCESSANDO IMAGENS GOES AS 22/03/2024-08:16:23                         =
22/03/2024 08:16:23 INFO ==============================================================================================
22/03/2024 08:16:23 INFO 
22/03/2024 08:16:23 INFO VERIFICANDO NOVAS IMAGENS
22/03/2024 08:16:23 INFO Sem imagens para Sea Surface Temperature
22/03/2024 08:16:23 INFO Sem arquivos para processamento. 

22/03/2024 08:16:23 INFO 
22/03/2024 08:16:23 INFO Tempo gasto 0.0004 segundos
22/03/2024 08:16:23 INFO 
22/03/2024 08:16:23 INFO ===============================================================================================
22/03/2024 08:16:23 INFO =                         PROCESSAMENTO ENCERRADO GOES AS 22/03/2024-08:16:23                         =
22/03/2024 08:16:23 INFO ===============================================================================================
22/03/2024 08:16:23 INFO 
22/03/2024 08:16:23 INFO 
22/03/2024 08:16:31 INFO 
22/03/2024 08:16:31 INFO 
22/03/2024 08:16:31 INFO ==============================================================================================
22/03/2024 08:16:31 INFO =                         PROCESSANDO IMAGENS GOES AS 22/03/2024-08:16:31                         =
22/03/2024 08:16:31 INFO ==============================================================================================
22/03/2024 08:16:31 INFO 
22/03/2024 08:16:31 INFO VERIFICANDO NOVAS IMAGENS
22/03/2024 08:16:31 INFO Sem imagens para Sea Surface Temperature
22/03/2024 08:16:31 INFO Sem arquivos para processamento. 

22/03/2024 08:16:31 INFO 
22/03/2024 08:16:31 INFO Tempo gasto 0.0036 segundos
22/03/2024 08:16:31 INFO 
22/03/2024 08:16:31 INFO ===============================================================================================
22/03/2024 08:16:31 INFO =                         PROCESSAMENTO ENCERRADO GOES AS 22/03/2024-08:16:31                         =
22/03/2024 08:16:31 INFO ===============================================================================================
22/03/2024 08:16:31 INFO 
22/03/2024 08:16:31 INFO 
22/03/2024 08:16:37 INFO 
22/03/2024 08:16:37 INFO 
22/03/2024 08:16:37 INFO ==============================================================================================
22/03/2024 08:16:37 INFO =                         PROCESSANDO IMAGENS GOES AS 22/03/2024-08:16:37                         =
22/03/2024 08:16:37 INFO ==============================================================================================
22/03/2024 08:16:37 INFO 
22/03/2024 08:16:37 INFO VERIFICANDO NOVAS IMAGENS
22/03/2024 08:16:37 INFO Sem imagens para Sea Surface Temperature
22/03/2024 08:16:37 INFO Sem arquivos para processamento. 

22/03/2024 08:16:37 INFO 
22/03/2024 08:16:37 INFO Tempo gasto 0.0004 segundos
22/03/2024 08:16:37 INFO 
22/03/2024 08:16:37 INFO ===============================================================================================
22/03/2024 08:16:37 INFO =                         PROCESSAMENTO ENCERRADO GOES AS 22/03/2024-08:16:37                         =
22/03/2024 08:16:37 INFO ===============================================================================================
22/03/2024 08:16:37 INFO 
22/03/2024 08:16:37 INFO 
22/03/2024 08:16:40 INFO 
22/03/2024 08:16:40 INFO 
22/03/2024 08:16:40 INFO ===========================================================================================
22/03/2024 08:16:40 INFO =                         DOWNLOAD IMAGENS GOES AS 22/03/2024-08:16:40                         =
22/03/2024 08:16:40 INFO ===========================================================================================
22/03/2024 08:16:40 INFO 
22/03/2024 08:16:40 INFO 
22/03/2024 08:16:40 INFO Downloading file UTC dmw_202403221000.nc
22/03/2024 08:16:49 INFO 
22/03/2024 08:16:49 INFO Tempo gasto 8.7784 segundos
22/03/2024 08:16:49 INFO 
22/03/2024 08:16:49 INFO ==========================================================================================
22/03/2024 08:16:49 INFO =                         DOWNLOAD ENCERRADO GOES AS 22/03/2024-08:16:49                         =
22/03/2024 08:16:49 INFO ==========================================================================================
22/03/2024 08:16:49 INFO 
22/03/2024 08:16:49 INFO 
22/03/2024 08:16:53 INFO 
22/03/2024 08:16:53 INFO 
22/03/2024 08:16:53 INFO ==============================================================================================
22/03/2024 08:16:53 INFO =                         PROCESSANDO IMAGENS GOES AS 22/03/2024-08:16:53                         =
22/03/2024 08:16:53 INFO ==============================================================================================
22/03/2024 08:16:53 INFO 
22/03/2024 08:16:53 INFO VERIFICANDO NOVAS IMAGENS
22/03/2024 08:16:53 INFO Novas imagens para Sea Surface Temperature
22/03/2024 08:16:53 INFO 
22/03/2024 08:16:53 INFO PROCESSANDO IMAGENS "BR"...
22/03/2024 08:16:53 INFO 
22/03/2024 08:16:53 INFO PROCESSANDO IMAGENS "SP"...
22/03/2024 08:16:53 INFO 
22/03/2024 08:16:53 INFO Sem imagens correspondentes a data para glm 
22/03/2024 08:16:53 INFO 
22/03/2024 08:16:53 INFO 
22/03/2024 08:16:53 INFO PROCESSANDO IMAGENS SEA SURFACE TEMPERATURE "BR"...
22/03/2024 08:17:03 INFO Total processing time: 9.87 seconds.
22/03/2024 08:17:03 INFO 
22/03/2024 08:17:03 INFO PROCESSANDO IMAGENS SEA SURFACE TEMPERATURE "SP"...
22/03/2024 08:17:07 INFO Total processing time: 4.53 seconds.
22/03/2024 08:17:07 INFO 
22/03/2024 08:17:07 INFO PROCESSAMENTO ENCERRADO
22/03/2024 08:17:07 INFO 
22/03/2024 08:17:07 INFO REMOVENDO IMAGENS PROCESSADAS
22/03/2024 08:17:07 INFO Removendo imagens DMW
22/03/2024 08:17:07 INFO 
22/03/2024 08:17:07 INFO VERIFICANDO NUMERO DE PRODUTOS...
22/03/2024 08:17:07 INFO Quantidade de produtos dentro do limite
22/03/2024 08:17:07 INFO 
22/03/2024 08:17:07 INFO CRIANDO GIF ANIMADO "BR"...
22/03/2024 08:17:07 INFO 
22/03/2024 08:17:07 INFO CRIANDO GIF ANIMADO "SP"...
22/03/2024 08:17:07 INFO 
22/03/2024 08:17:07 INFO CRIANDO GIF ANIMADO sst "BR"...
22/03/2024 08:17:07 INFO 
22/03/2024 08:17:07 INFO CRIANDO GIF ANIMADO sst "SP"...
22/03/2024 08:17:08 INFO Tempo de Processamento Gifs: 0.58 segundos.
22/03/2024 08:17:08 INFO 
22/03/2024 08:17:08 INFO Tempo gasto 15.0108 segundos
22/03/2024 08:17:08 INFO 
22/03/2024 08:17:08 INFO ===============================================================================================
22/03/2024 08:17:08 INFO =                         PROCESSAMENTO ENCERRADO GOES AS 22/03/2024-08:17:08                         =
22/03/2024 08:17:08 INFO ===============================================================================================
22/03/2024 08:17:08 INFO 
22/03/2024 08:17:08 INFO 
