15/08/2023 11:12:03 INFO 
15/08/2023 11:12:03 INFO 
15/08/2023 11:12:03 INFO =========================================================================================================
15/08/2023 11:12:03 INFO =                             PROCESSANDO IMAGENS GOES AS 15/08/2023-11:12:03                           =
15/08/2023 11:12:03 INFO =========================================================================================================
15/08/2023 11:12:03 INFO 
15/08/2023 11:12:03 INFO VERIFICANDO NOVAS IMAGENS
15/08/2023 11:12:03 INFO Novas imagens Banda 01
15/08/2023 11:12:03 INFO Sem novas imagens Banda 02
15/08/2023 11:12:03 INFO Sem novas imagens Banda 03
15/08/2023 11:12:03 INFO Sem novas imagens Banda 04
15/08/2023 11:12:03 INFO Sem novas imagens Banda 05
15/08/2023 11:12:03 INFO Sem novas imagens Banda 06
15/08/2023 11:12:03 INFO Sem novas imagens Banda 07
15/08/2023 11:12:03 INFO Sem novas imagens Banda 08
15/08/2023 11:12:03 INFO Sem novas imagens Banda 09
15/08/2023 11:12:03 INFO Sem novas imagens Banda 10
15/08/2023 11:12:03 INFO Sem novas imagens Banda 11
15/08/2023 11:12:03 INFO Sem novas imagens Banda 12
15/08/2023 11:12:03 INFO Sem novas imagens Banda 13
15/08/2023 11:12:03 INFO Sem novas imagens Banda 14
15/08/2023 11:12:03 INFO Sem novas imagens Banda 15
15/08/2023 11:12:03 INFO Sem novas imagens Banda 16
15/08/2023 11:12:03 INFO Sem novas imagens TRUECOLOR
15/08/2023 11:12:03 INFO Sem novas imagens RRQPEF
15/08/2023 11:12:03 INFO Sem novas imagens GLM
15/08/2023 11:12:03 INFO Sem novas imagens NDVI
15/08/2023 11:12:03 INFO Sem novas imagens FDCF
15/08/2023 11:12:03 INFO 
15/08/2023 11:12:03 INFO PROCESSANDO IMAGENS "BR"...
15/08/2023 11:12:12 INFO /home/guimoura/download_amazon/goes/band01/CG_ABI-L2-CMIPF-M6C01_G16_s20230451250209_e20230451259517_c20230451259595.nc - br - 8.7298 segundos
15/08/2023 11:12:12 INFO 
15/08/2023 11:12:12 INFO PROCESSANDO IMAGENS "SP"...
15/08/2023 11:12:18 INFO /home/guimoura/download_amazon/goes/band01/CG_ABI-L2-CMIPF-M6C01_G16_s20230451250209_e20230451259517_c20230451259595.nc - sp - 5.9232 segundos
15/08/2023 11:12:18 INFO 
15/08/2023 11:12:18 INFO PROCESSAMENTO ENCERRADO
15/08/2023 11:12:18 INFO 
15/08/2023 11:12:18 INFO REMOVENDO IMAGENS PROCESSADAS
15/08/2023 11:12:18 INFO Removendo imagens banda 01
15/08/2023 11:12:18 INFO Removendo arquivo de processamento da banda 01
15/08/2023 11:12:18 INFO 
15/08/2023 11:12:18 INFO VERIFICANDO NUMERO DE PRODUTOS...
15/08/2023 11:12:18 INFO Quantidade de produtos dentro do limite
15/08/2023 11:12:18 INFO 
15/08/2023 11:12:18 INFO CRIANDO GIF ANIMADO "BR"...
15/08/2023 11:12:18 INFO Gif BR banda 01
15/08/2023 11:12:18 INFO 
15/08/2023 11:12:18 INFO CRIANDO GIF ANIMADO "SP"...
15/08/2023 11:12:18 INFO Gif SP banda 01
15/08/2023 11:12:18 INFO 
15/08/2023 11:12:18 INFO Tempo gasto 15.0539 segundos
15/08/2023 11:12:18 INFO 
15/08/2023 11:12:18 INFO =========================================================================================================
15/08/2023 11:12:18 INFO =                         PROCESSAMENTO ENCERRADO GOES AS 15/08/2023-11:12:18                           =
15/08/2023 11:12:18 INFO =========================================================================================================
15/08/2023 11:12:18 INFO 
15/08/2023 11:12:18 INFO 
