30/01/2024 07:49:07 INFO 
30/01/2024 07:49:07 INFO 
30/01/2024 07:49:07 INFO ===========================================================================================
30/01/2024 07:49:07 INFO =                         DOWNLOAD IMAGENS GOES AS 30/01/2024-07:49:07                         =
30/01/2024 07:49:07 INFO ===========================================================================================
30/01/2024 07:49:07 INFO 
30/01/2024 07:49:07 INFO 
30/01/2024 07:49:07 INFO Tentando download Band01...
30/01/2024 07:49:08 INFO Downloading file /home/guimoura/processamento/goes/band01/OR_ABI-L2-CMIPF-M6C01_G16_s20240301030208_e20240301039516_c20240301039568.nc
30/01/2024 07:49:15 INFO 
30/01/2024 07:49:15 INFO Tentando download Band02...
30/01/2024 07:49:16 INFO Downloading file /home/guimoura/processamento/goes/band02/OR_ABI-L2-CMIPF-M6C02_G16_s20240301030208_e20240301039516_c20240301039578.nc
30/01/2024 07:49:46 INFO 
30/01/2024 07:49:46 INFO Tentando download Band03...
30/01/2024 07:49:47 INFO Downloading file /home/guimoura/processamento/goes/band03/OR_ABI-L2-CMIPF-M6C03_G16_s20240301030208_e20240301039516_c20240301039588.nc
30/01/2024 07:49:59 INFO 
30/01/2024 07:49:59 INFO Tentando download Band04...
30/01/2024 07:49:59 INFO Downloading file /home/guimoura/processamento/goes/band04/OR_ABI-L2-CMIPF-M6C04_G16_s20240301030208_e20240301039516_c20240301039558.nc
30/01/2024 07:50:05 INFO 
30/01/2024 07:50:05 INFO Tentando download Band05...
30/01/2024 07:50:06 INFO Downloading file /home/guimoura/processamento/goes/band05/OR_ABI-L2-CMIPF-M6C05_G16_s20240301030208_e20240301039516_c20240301039588.nc
30/01/2024 07:50:18 INFO 
30/01/2024 07:50:18 INFO Tentando download Band06...
30/01/2024 07:50:18 INFO Downloading file /home/guimoura/processamento/goes/band06/OR_ABI-L2-CMIPF-M6C06_G16_s20240301030208_e20240301039522_c20240301039588.nc
30/01/2024 07:50:25 INFO 
30/01/2024 07:50:25 INFO Tentando download Band07...
30/01/2024 07:50:25 INFO Downloading file /home/guimoura/processamento/goes/band07/OR_ABI-L2-CMIPF-M6C07_G16_s20240301030208_e20240301039528_c20240301039578.nc
30/01/2024 07:50:35 INFO 
30/01/2024 07:50:35 INFO Tentando download Band08...
30/01/2024 07:50:36 INFO Downloading file /home/guimoura/processamento/goes/band08/OR_ABI-L2-CMIPF-M6C08_G16_s20240301030208_e20240301039516_c20240301039588.nc
30/01/2024 07:50:42 INFO 
30/01/2024 07:50:42 INFO Tentando download Band09...
30/01/2024 07:50:43 INFO Downloading file /home/guimoura/processamento/goes/band09/OR_ABI-L2-CMIPF-M6C09_G16_s20240301030208_e20240301039522_c20240301039589.nc
30/01/2024 07:50:48 INFO 
30/01/2024 07:50:48 INFO Tentando download Band10...
30/01/2024 07:50:49 INFO Downloading file /home/guimoura/processamento/goes/band10/OR_ABI-L2-CMIPF-M6C10_G16_s20240301030208_e20240301039528_c20240301039578.nc
30/01/2024 07:50:54 INFO 
30/01/2024 07:50:54 INFO Tentando download Band11...
30/01/2024 07:50:55 INFO Downloading file /home/guimoura/processamento/goes/band11/OR_ABI-L2-CMIPF-M6C11_G16_s20240301030208_e20240301039516_c20240301039598.nc
30/01/2024 07:51:02 INFO 
30/01/2024 07:51:02 INFO Tentando download Band12...
30/01/2024 07:51:02 INFO Downloading file /home/guimoura/processamento/goes/band12/OR_ABI-L2-CMIPF-M6C12_G16_s20240301030208_e20240301039523_c20240301039589.nc
30/01/2024 07:51:09 INFO 
30/01/2024 07:51:09 INFO Tentando download Band13...
30/01/2024 07:51:10 INFO Downloading file /home/guimoura/processamento/goes/band13/OR_ABI-L2-CMIPF-M6C13_G16_s20240301030208_e20240301039529_c20240301039598.nc
30/01/2024 07:51:15 INFO 
30/01/2024 07:51:15 INFO Tentando download Band14...
30/01/2024 07:51:16 INFO Downloading file /home/guimoura/processamento/goes/band14/OR_ABI-L2-CMIPF-M6C14_G16_s20240301030208_e20240301039516_c20240301039588.nc
30/01/2024 07:51:24 INFO 
30/01/2024 07:51:24 INFO Tentando download Band15...
30/01/2024 07:51:25 INFO Downloading file /home/guimoura/processamento/goes/band15/OR_ABI-L2-CMIPF-M6C15_G16_s20240301030208_e20240301039522_c20240301039588.nc
30/01/2024 07:51:32 INFO 
30/01/2024 07:51:32 INFO Tentando download Band16...
30/01/2024 07:51:33 INFO Downloading file /home/guimoura/processamento/goes/band16/OR_ABI-L2-CMIPF-M6C16_G16_s20240301030208_e20240301039528_c20240301039578.nc
30/01/2024 07:51:44 INFO 
30/01/2024 07:51:44 INFO Downloading file UTC lst_202401300900.nc
30/01/2024 07:51:50 INFO 
30/01/2024 07:51:50 INFO Downloading file UTC dmw_202401300900.nc
30/01/2024 07:51:53 INFO 
30/01/2024 07:51:53 INFO Tempo gasto 166.3932 segundos
30/01/2024 07:51:53 INFO 
30/01/2024 07:51:53 INFO ==========================================================================================
30/01/2024 07:51:53 INFO =                         DOWNLOAD ENCERRADO GOES AS 30/01/2024-07:51:53                         =
30/01/2024 07:51:53 INFO ==========================================================================================
30/01/2024 07:51:53 INFO 
30/01/2024 07:51:53 INFO 
30/01/2024 07:53:35 INFO 
30/01/2024 07:53:35 INFO 
30/01/2024 07:53:35 INFO ==============================================================================================
30/01/2024 07:53:35 INFO =                         PROCESSANDO IMAGENS GOES AS 30/01/2024-07:53:35                         =
30/01/2024 07:53:35 INFO ==============================================================================================
30/01/2024 07:53:35 INFO 
30/01/2024 07:53:35 INFO VERIFICANDO NOVAS IMAGENS
30/01/2024 07:53:35 INFO Novas imagens para o dia band01
30/01/2024 07:53:35 INFO Novas imagens para o dia band02
30/01/2024 07:53:35 INFO Novas imagens para o dia band03
30/01/2024 07:53:35 INFO Novas imagens para o dia band04
30/01/2024 07:53:35 INFO Novas imagens para o dia band05
30/01/2024 07:53:35 INFO Novas imagens para o dia band06
30/01/2024 07:53:35 INFO Novas imagens para o dia band07
30/01/2024 07:53:35 INFO Novas imagens para o dia band08
30/01/2024 07:53:35 INFO Novas imagens para o dia band09
30/01/2024 07:53:35 INFO Novas imagens para o dia band10
30/01/2024 07:53:35 INFO Novas imagens para o dia band11
30/01/2024 07:53:35 INFO Novas imagens para o dia band12
30/01/2024 07:53:35 INFO Novas imagens para o dia band13
30/01/2024 07:53:35 INFO Novas imagens para o dia band14
30/01/2024 07:53:35 INFO Novas imagens para o dia band15
30/01/2024 07:53:35 INFO Novas imagens para o dia band16
30/01/2024 07:53:35 INFO Novas imagens TRUECOLOR
30/01/2024 07:53:37 INFO Novas imagens RRQPEF
30/01/2024 07:53:37 INFO Sem novas imagens GLM
30/01/2024 07:53:37 INFO Sem novas imagens NDVI
30/01/2024 07:53:40 INFO Novas imagens FDCF
30/01/2024 07:53:40 INFO Novas imagens AIRMASS
30/01/2024 07:53:40 INFO Novas imagens para Land Surface Temperature
30/01/2024 07:53:40 INFO Novas imagens DMW
30/01/2024 07:53:40 INFO 
30/01/2024 07:53:40 INFO PROCESSANDO IMAGENS "BR"...
30/01/2024 07:54:12 INFO /home/guimoura/processamento/goes/band08/CG_ABI-L2-CMIPF-M6C08_G16_s20240301030208_e20240301039516_c20240301039588.nc - br - 31.9522 segundos
30/01/2024 07:54:12 INFO /home/guimoura/processamento/goes/band09/CG_ABI-L2-CMIPF-M6C09_G16_s20240301030208_e20240301039522_c20240301039589.nc - br - 32.0054 segundos
30/01/2024 07:54:12 INFO /home/guimoura/processamento/goes/band10/CG_ABI-L2-CMIPF-M6C10_G16_s20240301030208_e20240301039528_c20240301039578.nc - br - 32.0374 segundos
30/01/2024 07:54:12 INFO /home/guimoura/processamento/goes/band04/CG_ABI-L2-CMIPF-M6C04_G16_s20240301030208_e20240301039516_c20240301039558.nc - br - 32.1654 segundos
30/01/2024 07:54:13 INFO /home/guimoura/processamento/goes/band07/CG_ABI-L2-CMIPF-M6C07_G16_s20240301030208_e20240301039528_c20240301039578.nc - br - 32.1768 segundos
30/01/2024 07:54:13 INFO /home/guimoura/processamento/goes/band14/CG_ABI-L2-CMIPF-M6C14_G16_s20240301030208_e20240301039516_c20240301039588.nc - br - 32.1098 segundos
30/01/2024 07:54:13 INFO /home/guimoura/processamento/goes/band12/CG_ABI-L2-CMIPF-M6C12_G16_s20240301030208_e20240301039523_c20240301039589.nc - br - 32.4062 segundos
30/01/2024 07:54:13 INFO /home/guimoura/processamento/goes/band06/CG_ABI-L2-CMIPF-M6C06_G16_s20240301030208_e20240301039522_c20240301039588.nc - br - 32.5308 segundos
30/01/2024 07:54:13 INFO /home/guimoura/processamento/goes/band11/CG_ABI-L2-CMIPF-M6C11_G16_s20240301030208_e20240301039516_c20240301039598.nc - br - 32.4413 segundos
30/01/2024 07:54:13 INFO /home/guimoura/processamento/goes/band15/CG_ABI-L2-CMIPF-M6C15_G16_s20240301030208_e20240301039522_c20240301039588.nc - br - 32.3375 segundos
30/01/2024 07:54:13 INFO /home/guimoura/processamento/goes/band16/CG_ABI-L2-CMIPF-M6C16_G16_s20240301030208_e20240301039528_c20240301039578.nc - br - 32.3308 segundos
30/01/2024 07:54:13 INFO /home/guimoura/processamento/goes/band13/CG_ABI-L2-CMIPF-M6C13_G16_s20240301030208_e20240301039529_c20240301039598.nc - br - 32.4281 segundos
30/01/2024 07:54:13 INFO /home/guimoura/processamento/goes/band05/CG_ABI-L2-CMIPF-M6C05_G16_s20240301030208_e20240301039516_c20240301039588.nc - br - 32.6614 segundos
30/01/2024 07:54:13 INFO /home/guimoura/processamento/goes/band01/CG_ABI-L2-CMIPF-M6C01_G16_s20240301030208_e20240301039516_c20240301039568.nc - br - 32.7919 segundos
30/01/2024 07:54:13 INFO /home/guimoura/processamento/goes/band03/CG_ABI-L2-CMIPF-M6C03_G16_s20240301030208_e20240301039516_c20240301039588.nc - br - 32.82 segundos
30/01/2024 07:54:16 INFO /home/guimoura/processamento/goes/band02/CG_ABI-L2-CMIPF-M6C02_G16_s20240301030208_e20240301039516_c20240301039578.nc - br - 35.2088 segundos
30/01/2024 07:54:16 INFO 
30/01/2024 07:54:16 INFO PROCESSANDO IMAGENS "SP"...
30/01/2024 07:54:35 INFO /home/guimoura/processamento/goes/band04/CG_ABI-L2-CMIPF-M6C04_G16_s20240301030208_e20240301039516_c20240301039558.nc - sp - 19.2842 segundos
30/01/2024 07:54:35 INFO /home/guimoura/processamento/goes/band01/CG_ABI-L2-CMIPF-M6C01_G16_s20240301030208_e20240301039516_c20240301039568.nc - sp - 19.3113 segundos
30/01/2024 07:54:35 INFO /home/guimoura/processamento/goes/band06/CG_ABI-L2-CMIPF-M6C06_G16_s20240301030208_e20240301039522_c20240301039588.nc - sp - 19.6172 segundos
30/01/2024 07:54:35 INFO /home/guimoura/processamento/goes/band10/CG_ABI-L2-CMIPF-M6C10_G16_s20240301030208_e20240301039528_c20240301039578.nc - sp - 19.8146 segundos
30/01/2024 07:54:36 INFO /home/guimoura/processamento/goes/band07/CG_ABI-L2-CMIPF-M6C07_G16_s20240301030208_e20240301039528_c20240301039578.nc - sp - 19.9555 segundos
30/01/2024 07:54:36 INFO /home/guimoura/processamento/goes/band05/CG_ABI-L2-CMIPF-M6C05_G16_s20240301030208_e20240301039516_c20240301039588.nc - sp - 20.0983 segundos
30/01/2024 07:54:36 INFO /home/guimoura/processamento/goes/band14/CG_ABI-L2-CMIPF-M6C14_G16_s20240301030208_e20240301039516_c20240301039588.nc - sp - 20.0472 segundos
30/01/2024 07:54:36 INFO /home/guimoura/processamento/goes/band09/CG_ABI-L2-CMIPF-M6C09_G16_s20240301030208_e20240301039522_c20240301039589.nc - sp - 20.153 segundos
30/01/2024 07:54:36 INFO /home/guimoura/processamento/goes/band13/CG_ABI-L2-CMIPF-M6C13_G16_s20240301030208_e20240301039529_c20240301039598.nc - sp - 20.1467 segundos
30/01/2024 07:54:36 INFO /home/guimoura/processamento/goes/band03/CG_ABI-L2-CMIPF-M6C03_G16_s20240301030208_e20240301039516_c20240301039588.nc - sp - 20.3765 segundos
30/01/2024 07:54:36 INFO /home/guimoura/processamento/goes/band08/CG_ABI-L2-CMIPF-M6C08_G16_s20240301030208_e20240301039516_c20240301039588.nc - sp - 20.3375 segundos
30/01/2024 07:54:36 INFO /home/guimoura/processamento/goes/band12/CG_ABI-L2-CMIPF-M6C12_G16_s20240301030208_e20240301039523_c20240301039589.nc - sp - 20.3495 segundos
30/01/2024 07:54:36 INFO /home/guimoura/processamento/goes/band16/CG_ABI-L2-CMIPF-M6C16_G16_s20240301030208_e20240301039528_c20240301039578.nc - sp - 20.3107 segundos
30/01/2024 07:54:36 INFO /home/guimoura/processamento/goes/band15/CG_ABI-L2-CMIPF-M6C15_G16_s20240301030208_e20240301039522_c20240301039588.nc - sp - 20.2954 segundos
30/01/2024 07:54:36 INFO /home/guimoura/processamento/goes/band11/CG_ABI-L2-CMIPF-M6C11_G16_s20240301030208_e20240301039516_c20240301039598.nc - sp - 20.4329 segundos
30/01/2024 07:54:36 INFO /home/guimoura/processamento/goes/band02/CG_ABI-L2-CMIPF-M6C02_G16_s20240301030208_e20240301039516_c20240301039578.nc - sp - 20.7971 segundos
30/01/2024 07:54:36 INFO 
30/01/2024 07:54:36 INFO PROCESSANDO IMAGENS TRUECOLOR WITH NIGHT "BR"...
30/01/2024 07:54:44 INFO Atmosphere chosen: us-standard
30/01/2024 07:54:47 WARNING Clipping input data to the valid range for imshow with RGB data ([0..1] for floats or [0..255] for integers).
30/01/2024 07:54:59 INFO True Color - Tempo de Processamento: 23.0 segundos.
30/01/2024 07:54:59 INFO 
30/01/2024 07:54:59 INFO PROCESSANDO IMAGENS TRUECOLOR WITH NIGHT "BR"...
30/01/2024 07:55:00 INFO Atmosphere chosen: us-standard
30/01/2024 07:55:01 WARNING Clipping input data to the valid range for imshow with RGB data ([0..1] for floats or [0..255] for integers).
30/01/2024 07:55:10 INFO True Color - Tempo de Processamento: 10.67 segundos.
30/01/2024 07:55:10 INFO 
30/01/2024 07:55:10 INFO PROCESSANDO IMAGENS RRQPEF "BR"...
30/01/2024 07:55:16 INFO /home/guimoura/processamento/goes/rrqpef/OR_ABI-L2-RRQPEF-M6_G16_s20240301030208_e20240301039516_c20240301039599.nc - br - 5.9663 segundos
30/01/2024 07:55:16 INFO 
30/01/2024 07:55:16 INFO PROCESSANDO IMAGENS RRQPEF "SP"...
30/01/2024 07:55:19 INFO /home/guimoura/processamento/goes/rrqpef/OR_ABI-L2-RRQPEF-M6_G16_s20240301030208_e20240301039516_c20240301039599.nc - sp - 3.3743 segundos
30/01/2024 07:55:19 INFO 
30/01/2024 07:55:19 INFO Sem imagens correspondentes a data para glm 
30/01/2024 07:55:19 INFO 
30/01/2024 07:55:19 INFO 
30/01/2024 07:55:19 INFO PROCESSANDO IMAGENS FDCF "BR"...
30/01/2024 07:55:19 INFO fdcf_diario: False
30/01/2024 07:55:30 INFO Len matriz_pixels_fogo: 1
30/01/2024 07:55:30 INFO /home/guimoura/processamento/goes/fdcf/OR_ABI-L2-FDCF-M6_G16_s20240301030208_e20240301039516_c20240301040054.nc - br - 10.7051 segundos
30/01/2024 07:55:30 INFO 
30/01/2024 07:55:30 INFO PROCESSANDO IMAGENS AIR MASS "BR"...
30/01/2024 07:55:33 WARNING Clipping input data to the valid range for imshow with RGB data ([0..1] for floats or [0..255] for integers).
30/01/2024 07:55:38 INFO Total processing time Airmass: 7.6 seconds.
30/01/2024 07:55:38 INFO 
30/01/2024 07:55:38 INFO PROCESSANDO IMAGENS AIRMASS "SP"...
30/01/2024 07:55:41 INFO Total processing time Airmass: 3.38 seconds.
30/01/2024 07:55:41 INFO 
30/01/2024 07:55:41 INFO PROCESSANDO IMAGENS LAND SURFACE TEMPERATURE "BR"...
30/01/2024 07:55:51 INFO Total processing time: 9.68 seconds.
30/01/2024 07:55:51 INFO 
30/01/2024 07:55:51 INFO PROCESSANDO IMAGENS LAND SURFACE TEMPERATURE "SP"...
30/01/2024 07:55:54 INFO Total processing time: 3.6 seconds.
30/01/2024 07:55:54 INFO 
30/01/2024 07:55:54 INFO PROCESSANDO IMAGENS DMW "BR"...
30/01/2024 07:56:02 INFO DMW - Tempo de Processamento: 7.84 segundos.
30/01/2024 07:56:09 INFO DMW - Tempo de Processamento: 6.28 segundos.
30/01/2024 07:56:09 INFO 
30/01/2024 07:56:09 INFO PROCESSAMENTO ENCERRADO
30/01/2024 07:56:09 INFO 
30/01/2024 07:56:09 INFO REMOVENDO IMAGENS PROCESSADAS
30/01/2024 07:56:09 INFO Arquivo CG_ABI-L2-CMIPF-M6C01_G16_s20240301030208_e20240301039516_c20240301039568.nc removido com sucesso!
30/01/2024 07:56:09 INFO Arquivo CG_ABI-L2-CMIPF-M6C02_G16_s20240301030208_e20240301039516_c20240301039578.nc removido com sucesso!
30/01/2024 07:56:09 INFO Arquivo CG_ABI-L2-CMIPF-M6C03_G16_s20240301030208_e20240301039516_c20240301039588.nc removido com sucesso!
30/01/2024 07:56:09 INFO Arquivo CG_ABI-L2-CMIPF-M6C04_G16_s20240301030208_e20240301039516_c20240301039558.nc removido com sucesso!
30/01/2024 07:56:09 INFO Arquivo CG_ABI-L2-CMIPF-M6C05_G16_s20240301030208_e20240301039516_c20240301039588.nc removido com sucesso!
30/01/2024 07:56:09 INFO Arquivo CG_ABI-L2-CMIPF-M6C06_G16_s20240301030208_e20240301039522_c20240301039588.nc removido com sucesso!
30/01/2024 07:56:09 INFO Arquivo CG_ABI-L2-CMIPF-M6C07_G16_s20240301030208_e20240301039528_c20240301039578.nc removido com sucesso!
30/01/2024 07:56:09 INFO Arquivo CG_ABI-L2-CMIPF-M6C08_G16_s20240301030208_e20240301039516_c20240301039588.nc removido com sucesso!
30/01/2024 07:56:09 INFO Arquivo CG_ABI-L2-CMIPF-M6C09_G16_s20240301030208_e20240301039522_c20240301039589.nc removido com sucesso!
30/01/2024 07:56:09 INFO Arquivo CG_ABI-L2-CMIPF-M6C10_G16_s20240301030208_e20240301039528_c20240301039578.nc removido com sucesso!
30/01/2024 07:56:09 INFO Arquivo CG_ABI-L2-CMIPF-M6C11_G16_s20240301030208_e20240301039516_c20240301039598.nc removido com sucesso!
30/01/2024 07:56:09 INFO Arquivo CG_ABI-L2-CMIPF-M6C12_G16_s20240301030208_e20240301039523_c20240301039589.nc removido com sucesso!
30/01/2024 07:56:09 INFO Arquivo CG_ABI-L2-CMIPF-M6C13_G16_s20240301030208_e20240301039529_c20240301039598.nc removido com sucesso!
30/01/2024 07:56:09 INFO Arquivo CG_ABI-L2-CMIPF-M6C14_G16_s20240301030208_e20240301039516_c20240301039588.nc removido com sucesso!
30/01/2024 07:56:09 INFO Arquivo CG_ABI-L2-CMIPF-M6C15_G16_s20240301030208_e20240301039522_c20240301039588.nc removido com sucesso!
30/01/2024 07:56:09 INFO Arquivo CG_ABI-L2-CMIPF-M6C16_G16_s20240301030208_e20240301039528_c20240301039578.nc removido com sucesso!
30/01/2024 07:56:09 INFO Removendo imagens rrqpef
30/01/2024 07:56:09 INFO Removendo imagens GLM
30/01/2024 07:56:09 INFO Quantidade de produtos glm dentro do limite
30/01/2024 07:56:09 INFO Removendo imagens FDCF
30/01/2024 07:56:09 INFO Removendo imagens LST
30/01/2024 07:56:09 INFO Removendo imagens DMW
30/01/2024 07:56:09 INFO 
30/01/2024 07:56:09 INFO VERIFICANDO NUMERO DE PRODUTOS...
30/01/2024 07:56:09 INFO Quantidade de produtos dentro do limite
30/01/2024 07:56:09 INFO 
30/01/2024 07:56:09 INFO CRIANDO GIF ANIMADO "BR"...
30/01/2024 07:56:09 INFO Gif BR banda 01
30/01/2024 07:56:09 INFO Gif BR banda 02
30/01/2024 07:56:09 INFO Gif BR banda 03
30/01/2024 07:56:09 INFO Gif BR banda 04
30/01/2024 07:56:09 INFO Gif BR banda 05
30/01/2024 07:56:09 INFO Gif BR banda 06
30/01/2024 07:56:09 INFO Gif BR banda 07
30/01/2024 07:56:09 INFO Gif BR banda 08
30/01/2024 07:56:09 INFO Gif BR banda 09
30/01/2024 07:56:09 INFO Gif BR banda 10
30/01/2024 07:56:09 INFO Gif BR banda 11
30/01/2024 07:56:09 INFO Gif BR banda 12
30/01/2024 07:56:09 INFO Gif BR banda 13
30/01/2024 07:56:09 INFO Gif BR banda 14
30/01/2024 07:56:09 INFO Gif BR banda 15
30/01/2024 07:56:09 INFO Gif BR banda 16
30/01/2024 07:56:32 INFO 
30/01/2024 07:56:32 INFO CRIANDO GIF ANIMADO "SP"...
30/01/2024 07:56:32 INFO Gif SP banda 01
30/01/2024 07:56:32 INFO Gif SP banda 02
30/01/2024 07:56:32 INFO Gif SP banda 03
30/01/2024 07:56:32 INFO Gif SP banda 04
30/01/2024 07:56:32 INFO Gif SP banda 05
30/01/2024 07:56:32 INFO Gif SP banda 06
30/01/2024 07:56:32 INFO Gif SP banda 07
30/01/2024 07:56:32 INFO Gif SP banda 08
30/01/2024 07:56:32 INFO Gif SP banda 09
30/01/2024 07:56:32 INFO Gif SP banda 10
30/01/2024 07:56:32 INFO Gif SP banda 11
30/01/2024 07:56:32 INFO Gif SP banda 12
30/01/2024 07:56:32 INFO Gif SP banda 13
30/01/2024 07:56:32 INFO Gif SP banda 14
30/01/2024 07:56:32 INFO Gif SP banda 15
30/01/2024 07:56:32 INFO Gif SP banda 16
30/01/2024 07:56:49 INFO 
30/01/2024 07:56:49 INFO CRIANDO GIF ANIMADO TRUECOLOR "BR"...
30/01/2024 07:56:52 INFO 
30/01/2024 07:56:52 INFO CRIANDO GIF ANIMADO TRUECOLOR "SP"...
30/01/2024 07:56:54 INFO 
30/01/2024 07:56:54 INFO CRIANDO GIF ANIMADO RRQPEF "BR"...
30/01/2024 07:56:58 INFO 
30/01/2024 07:56:58 INFO CRIANDO GIF ANIMADO RRQPEF "SP"...
30/01/2024 07:57:00 INFO 
30/01/2024 07:57:00 INFO CRIANDO GIF ANIMADO FDCF "BR"...
30/01/2024 07:57:01 INFO 
30/01/2024 07:57:01 INFO CRIANDO GIF ANIMADO Airmass "BR"...
30/01/2024 07:57:03 INFO 
30/01/2024 07:57:03 INFO CRIANDO GIF ANIMADO Airmass "SP"...
30/01/2024 07:57:05 INFO 
30/01/2024 07:57:05 INFO CRIANDO GIF ANIMADO lst "BR"...
30/01/2024 07:57:05 INFO 
30/01/2024 07:57:05 INFO CRIANDO GIF ANIMADO lst "SP"...
30/01/2024 07:57:06 INFO 
30/01/2024 07:57:06 INFO CRIANDO GIF ANIMADO dmw "BR"...
30/01/2024 07:57:06 INFO 
30/01/2024 07:57:06 INFO CRIANDO GIF ANIMADO dmw "SP"...
30/01/2024 07:57:07 INFO 
30/01/2024 07:57:07 INFO CRIANDO GIF ANIMADO LOW QUALITY TRUECOLOR "BR"...
30/01/2024 07:57:08 ERROR Error creating GIF: [Errno 2] No such file or directory: '/home/guimoura/processamento/output/index_gif/truecolor_br.gif'
30/01/2024 07:57:08 INFO 
30/01/2024 07:57:08 INFO CRIANDO GIF ANIMADO LOW QUALITY Airmass "BR"...
30/01/2024 07:57:09 ERROR Error creating GIF: [Errno 2] No such file or directory: '/home/guimoura/processamento/output/index_gif/airmass_br.gif'
30/01/2024 07:57:09 INFO 
30/01/2024 07:57:09 INFO CRIANDO GIF ANIMADO LOW QUALITY lst "BR"...
30/01/2024 07:57:10 ERROR Error creating GIF: [Errno 2] No such file or directory: '/home/guimoura/processamento/output/index_gif/lst_br.gif'
30/01/2024 07:57:10 INFO Tempo de Processamento Gifs: 60.97 segundos.
30/01/2024 07:57:10 INFO 
30/01/2024 07:57:10 INFO Tempo gasto 214.7225 segundos
30/01/2024 07:57:10 INFO 
30/01/2024 07:57:10 INFO ===============================================================================================
30/01/2024 07:57:10 INFO =                         PROCESSAMENTO ENCERRADO GOES AS 30/01/2024-07:57:10                         =
30/01/2024 07:57:10 INFO ===============================================================================================
30/01/2024 07:57:10 INFO 
30/01/2024 07:57:10 INFO 
