23/10/2023 08:50:56 INFO 
23/10/2023 08:50:56 INFO 
23/10/2023 08:50:56 INFO ==================================================================================================================
23/10/2023 08:50:56 INFO =                                  DOWNLOAD IMAGENS GOES AS 23/10/2023-08:50:56                                  =
23/10/2023 08:50:56 INFO ==================================================================================================================
23/10/2023 08:50:56 INFO 
23/10/2023 08:50:56 INFO 
23/10/2023 08:50:56 INFO Tentando download Band01...
23/10/2023 08:50:56 INFO Downloading file /home/guimoura/processamento/goes/band01/OR_ABI-L2-CMIPF-M6C01_G16_s20232961140208_e20232961149516_c20232961149580.nc
23/10/2023 08:51:05 INFO 
23/10/2023 08:51:05 INFO Tentando download Band02...
23/10/2023 08:51:06 INFO Downloading file /home/guimoura/processamento/goes/band02/OR_ABI-L2-CMIPF-M6C02_G16_s20232961140208_e20232961149517_c20232961149565.nc
23/10/2023 08:51:39 INFO 
23/10/2023 08:51:39 INFO Tentando download Band03...
23/10/2023 08:51:39 INFO Downloading file /home/guimoura/processamento/goes/band03/OR_ABI-L2-CMIPF-M6C03_G16_s20232961140208_e20232961149517_c20232961149574.nc
23/10/2023 08:51:52 INFO 
23/10/2023 08:51:52 INFO Tentando download Band04...
23/10/2023 08:51:53 INFO Downloading file /home/guimoura/processamento/goes/band04/OR_ABI-L2-CMIPF-M6C04_G16_s20232961140208_e20232961149516_c20232961149554.nc
23/10/2023 08:51:58 INFO 
23/10/2023 08:51:58 INFO Tentando download Band05...
23/10/2023 08:51:58 INFO Downloading file /home/guimoura/processamento/goes/band05/OR_ABI-L2-CMIPF-M6C05_G16_s20232961140208_e20232961149517_c20232961149580.nc
23/10/2023 08:52:10 INFO 
23/10/2023 08:52:10 INFO Tentando download Band06...
23/10/2023 08:52:11 INFO Downloading file /home/guimoura/processamento/goes/band06/OR_ABI-L2-CMIPF-M6C06_G16_s20232961140208_e20232961149522_c20232961149584.nc
23/10/2023 08:52:19 INFO 
23/10/2023 08:52:19 INFO Tentando download Band07...
23/10/2023 08:52:19 INFO Downloading file /home/guimoura/processamento/goes/band07/OR_ABI-L2-CMIPF-M6C07_G16_s20232961140208_e20232961149528_c20232961149585.nc
23/10/2023 08:52:27 INFO 
23/10/2023 08:52:27 INFO Tentando download Band08...
23/10/2023 08:52:28 INFO Downloading file /home/guimoura/processamento/goes/band08/OR_ABI-L2-CMIPF-M6C08_G16_s20232961140208_e20232961149517_c20232961149586.nc
23/10/2023 08:52:34 INFO 
23/10/2023 08:52:34 INFO Tentando download Band09...
23/10/2023 08:52:35 INFO Downloading file /home/guimoura/processamento/goes/band09/OR_ABI-L2-CMIPF-M6C09_G16_s20232961140208_e20232961149522_c20232961149594.nc
23/10/2023 08:52:43 INFO 
23/10/2023 08:52:43 INFO Tentando download Band10...
23/10/2023 08:52:43 INFO Downloading file /home/guimoura/processamento/goes/band10/OR_ABI-L2-CMIPF-M6C10_G16_s20232961140208_e20232961149528_c20232961149586.nc
23/10/2023 08:52:51 INFO 
23/10/2023 08:52:51 INFO Tentando download Band11...
23/10/2023 08:52:51 INFO Downloading file /home/guimoura/processamento/goes/band11/OR_ABI-L2-CMIPF-M6C11_G16_s20232961140208_e20232961149517_c20232961149580.nc
23/10/2023 08:53:01 INFO 
23/10/2023 08:53:01 INFO Tentando download Band12...
23/10/2023 08:53:01 INFO Downloading file /home/guimoura/processamento/goes/band12/OR_ABI-L2-CMIPF-M6C12_G16_s20232961140208_e20232961149522_c20232961149594.nc
23/10/2023 08:53:08 INFO 
23/10/2023 08:53:08 INFO Tentando download Band13...
23/10/2023 08:53:09 INFO Downloading file /home/guimoura/processamento/goes/band13/OR_ABI-L2-CMIPF-M6C13_G16_s20232961140208_e20232961149529_c20232961149584.nc
23/10/2023 08:53:19 INFO 
23/10/2023 08:53:19 INFO Tentando download Band14...
23/10/2023 08:53:20 INFO Downloading file /home/guimoura/processamento/goes/band14/OR_ABI-L2-CMIPF-M6C14_G16_s20232961140208_e20232961149517_c20232961149596.nc
23/10/2023 08:53:27 INFO 
23/10/2023 08:53:27 INFO Tentando download Band15...
23/10/2023 08:53:27 INFO Downloading file /home/guimoura/processamento/goes/band15/OR_ABI-L2-CMIPF-M6C15_G16_s20232961140208_e20232961149522_c20232961149586.nc
23/10/2023 08:53:33 INFO 
23/10/2023 08:53:33 INFO Tentando download Band16...
23/10/2023 08:53:34 INFO Downloading file /home/guimoura/processamento/goes/band16/OR_ABI-L2-CMIPF-M6C16_G16_s20232961140208_e20232961149528_c20232961149586.nc
23/10/2023 08:55:21 INFO 
23/10/2023 08:55:21 INFO 
23/10/2023 08:55:21 INFO =========================================================================================================
23/10/2023 08:55:21 INFO =                             PROCESSANDO IMAGENS GOES AS 23/10/2023-08:55:21                           =
23/10/2023 08:55:21 INFO =========================================================================================================
23/10/2023 08:55:21 INFO 
23/10/2023 08:55:21 INFO VERIFICANDO NOVAS IMAGENS
23/10/2023 08:55:21 INFO Novas imagens para o dia band01
23/10/2023 08:55:21 INFO Novas imagens para o dia band02
23/10/2023 08:55:21 INFO Novas imagens para o dia band03
23/10/2023 08:55:21 INFO Novas imagens para o dia band04
23/10/2023 08:55:21 INFO Novas imagens para o dia band05
23/10/2023 08:55:21 INFO Novas imagens para o dia band06
23/10/2023 08:55:21 INFO Novas imagens para o dia band07
23/10/2023 08:55:21 INFO Novas imagens para o dia band08
23/10/2023 08:55:21 INFO Novas imagens para o dia band09
23/10/2023 08:55:21 INFO Novas imagens para o dia band10
23/10/2023 08:55:21 INFO Novas imagens para o dia band11
23/10/2023 08:55:21 INFO Novas imagens para o dia band12
23/10/2023 08:55:21 INFO Novas imagens para o dia band13
23/10/2023 08:55:21 INFO Novas imagens para o dia band14
23/10/2023 08:55:21 INFO Novas imagens para o dia band15
23/10/2023 08:55:21 INFO Novas imagens para o dia band16
23/10/2023 08:55:21 INFO Novas imagens TRUECOLOR
23/10/2023 08:55:23 INFO Novas imagens RRQPEF
23/10/2023 08:55:23 INFO Sem novas imagens GLM
23/10/2023 08:55:23 INFO Sem novas imagens NDVI
23/10/2023 08:55:26 INFO Novas imagens FDCF
23/10/2023 08:55:26 INFO Novas imagens AirMass
23/10/2023 08:55:26 INFO 
23/10/2023 08:55:26 INFO PROCESSANDO IMAGENS "BR"...
23/10/2023 08:56:14 INFO /home/guimoura/processamento/goes/band04/CG_ABI-L2-CMIPF-M6C04_G16_s20232961140208_e20232961149516_c20232961149554.nc - br - 47.6382 segundos
23/10/2023 08:56:14 INFO /home/guimoura/processamento/goes/band08/CG_ABI-L2-CMIPF-M6C08_G16_s20232961140208_e20232961149517_c20232961149586.nc - br - 48.151 segundos
23/10/2023 08:56:15 INFO /home/guimoura/processamento/goes/band15/CG_ABI-L2-CMIPF-M6C15_G16_s20232961140208_e20232961149522_c20232961149586.nc - br - 48.371 segundos
23/10/2023 08:56:15 INFO /home/guimoura/processamento/goes/band09/CG_ABI-L2-CMIPF-M6C09_G16_s20232961140208_e20232961149522_c20232961149594.nc - br - 48.5753 segundos
23/10/2023 08:56:15 INFO /home/guimoura/processamento/goes/band10/CG_ABI-L2-CMIPF-M6C10_G16_s20232961140208_e20232961149528_c20232961149586.nc - br - 48.8295 segundos
23/10/2023 08:56:15 INFO /home/guimoura/processamento/goes/band11/CG_ABI-L2-CMIPF-M6C11_G16_s20232961140208_e20232961149517_c20232961149580.nc - br - 48.7905 segundos
23/10/2023 08:56:15 INFO /home/guimoura/processamento/goes/band13/CG_ABI-L2-CMIPF-M6C13_G16_s20232961140208_e20232961149529_c20232961149584.nc - br - 48.8605 segundos
23/10/2023 08:56:16 INFO /home/guimoura/processamento/goes/band14/CG_ABI-L2-CMIPF-M6C14_G16_s20232961140208_e20232961149517_c20232961149596.nc - br - 49.0147 segundos
23/10/2023 08:56:16 INFO /home/guimoura/processamento/goes/band06/CG_ABI-L2-CMIPF-M6C06_G16_s20232961140208_e20232961149522_c20232961149584.nc - br - 49.3335 segundos
23/10/2023 08:56:16 INFO /home/guimoura/processamento/goes/band12/CG_ABI-L2-CMIPF-M6C12_G16_s20232961140208_e20232961149522_c20232961149594.nc - br - 49.2599 segundos
23/10/2023 08:56:16 INFO /home/guimoura/processamento/goes/band07/CG_ABI-L2-CMIPF-M6C07_G16_s20232961140208_e20232961149528_c20232961149585.nc - br - 49.485 segundos
23/10/2023 08:56:16 INFO /home/guimoura/processamento/goes/band16/CG_ABI-L2-CMIPF-M6C16_G16_s20232961140208_e20232961149528_c20232961149586.nc - br - 49.2548 segundos
23/10/2023 08:56:16 INFO /home/guimoura/processamento/goes/band05/CG_ABI-L2-CMIPF-M6C05_G16_s20232961140208_e20232961149517_c20232961149580.nc - br - 50.1677 segundos
23/10/2023 08:56:17 INFO /home/guimoura/processamento/goes/band01/CG_ABI-L2-CMIPF-M6C01_G16_s20232961140208_e20232961149516_c20232961149580.nc - br - 50.3589 segundos
23/10/2023 08:56:17 INFO /home/guimoura/processamento/goes/band03/CG_ABI-L2-CMIPF-M6C03_G16_s20232961140208_e20232961149517_c20232961149574.nc - br - 50.3721 segundos
23/10/2023 08:56:19 INFO /home/guimoura/processamento/goes/band02/CG_ABI-L2-CMIPF-M6C02_G16_s20232961140208_e20232961149517_c20232961149565.nc - br - 52.6989 segundos
23/10/2023 08:56:19 INFO 
23/10/2023 08:56:19 INFO PROCESSANDO IMAGENS "SP"...
23/10/2023 08:56:59 INFO /home/guimoura/processamento/goes/band04/CG_ABI-L2-CMIPF-M6C04_G16_s20232961140208_e20232961149516_c20232961149554.nc - sp - 39.7201 segundos
23/10/2023 08:56:59 INFO /home/guimoura/processamento/goes/band12/CG_ABI-L2-CMIPF-M6C12_G16_s20232961140208_e20232961149522_c20232961149594.nc - sp - 39.8744 segundos
23/10/2023 08:56:59 INFO /home/guimoura/processamento/goes/band16/CG_ABI-L2-CMIPF-M6C16_G16_s20232961140208_e20232961149528_c20232961149586.nc - sp - 39.9095 segundos
23/10/2023 08:56:59 INFO /home/guimoura/processamento/goes/band11/CG_ABI-L2-CMIPF-M6C11_G16_s20232961140208_e20232961149517_c20232961149580.nc - sp - 40.1421 segundos
23/10/2023 08:56:59 INFO /home/guimoura/processamento/goes/band15/CG_ABI-L2-CMIPF-M6C15_G16_s20232961140208_e20232961149522_c20232961149586.nc - sp - 40.1721 segundos
23/10/2023 08:56:59 INFO /home/guimoura/processamento/goes/band13/CG_ABI-L2-CMIPF-M6C13_G16_s20232961140208_e20232961149529_c20232961149584.nc - sp - 40.2317 segundos
23/10/2023 08:56:59 INFO /home/guimoura/processamento/goes/band14/CG_ABI-L2-CMIPF-M6C14_G16_s20232961140208_e20232961149517_c20232961149596.nc - sp - 40.2301 segundos
23/10/2023 08:56:59 INFO /home/guimoura/processamento/goes/band09/CG_ABI-L2-CMIPF-M6C09_G16_s20232961140208_e20232961149522_c20232961149594.nc - sp - 40.4134 segundos
23/10/2023 08:57:00 INFO /home/guimoura/processamento/goes/band06/CG_ABI-L2-CMIPF-M6C06_G16_s20232961140208_e20232961149522_c20232961149584.nc - sp - 40.5208 segundos
23/10/2023 08:57:00 INFO /home/guimoura/processamento/goes/band07/CG_ABI-L2-CMIPF-M6C07_G16_s20232961140208_e20232961149528_c20232961149585.nc - sp - 40.695 segundos
23/10/2023 08:57:00 INFO /home/guimoura/processamento/goes/band03/CG_ABI-L2-CMIPF-M6C03_G16_s20232961140208_e20232961149517_c20232961149574.nc - sp - 40.7577 segundos
23/10/2023 08:57:00 INFO /home/guimoura/processamento/goes/band08/CG_ABI-L2-CMIPF-M6C08_G16_s20232961140208_e20232961149517_c20232961149586.nc - sp - 40.8188 segundos
23/10/2023 08:57:00 INFO /home/guimoura/processamento/goes/band10/CG_ABI-L2-CMIPF-M6C10_G16_s20232961140208_e20232961149528_c20232961149586.nc - sp - 40.8072 segundos
23/10/2023 08:57:00 INFO /home/guimoura/processamento/goes/band01/CG_ABI-L2-CMIPF-M6C01_G16_s20232961140208_e20232961149516_c20232961149580.nc - sp - 40.9517 segundos
23/10/2023 08:57:00 INFO /home/guimoura/processamento/goes/band05/CG_ABI-L2-CMIPF-M6C05_G16_s20232961140208_e20232961149517_c20232961149580.nc - sp - 41.1062 segundos
23/10/2023 08:57:00 INFO /home/guimoura/processamento/goes/band02/CG_ABI-L2-CMIPF-M6C02_G16_s20232961140208_e20232961149517_c20232961149565.nc - sp - 41.2765 segundos
23/10/2023 08:57:00 INFO 
23/10/2023 08:57:00 INFO PROCESSANDO IMAGENS TRUECOLOR WITH NIGHT "BR"...
23/10/2023 08:57:11 INFO Atmosphere chosen: us-standard
23/10/2023 08:57:14 WARNING Clipping input data to the valid range for imshow with RGB data ([0..1] for floats or [0..255] for integers).
23/10/2023 08:57:24 INFO True Color - Tempo de Processamento: 23.21 segundos.
23/10/2023 08:57:24 INFO 
23/10/2023 08:57:24 INFO PROCESSANDO IMAGENS TRUECOLOR WITH NIGHT "SP"...
23/10/2023 08:57:25 INFO Atmosphere chosen: us-standard
23/10/2023 08:57:26 WARNING Clipping input data to the valid range for imshow with RGB data ([0..1] for floats or [0..255] for integers).
23/10/2023 08:57:34 INFO True Color - Tempo de Processamento: 10.74 segundos.
23/10/2023 08:57:34 INFO 
23/10/2023 08:57:34 INFO PROCESSANDO IMAGENS RRQPEF "BR"...
23/10/2023 08:57:43 INFO /home/guimoura/processamento/goes/rrqpef/OR_ABI-L2-RRQPEF-M6_G16_s20232961140208_e20232961149517_c20232961150003.nc - br - 8.8948 segundos
23/10/2023 08:57:43 INFO 
23/10/2023 08:57:43 INFO PROCESSANDO IMAGENS RRQPEF "SP"...
23/10/2023 08:57:50 INFO /home/guimoura/processamento/goes/rrqpef/OR_ABI-L2-RRQPEF-M6_G16_s20232961140208_e20232961149517_c20232961150003.nc - sp - 6.901 segundos
23/10/2023 08:57:50 INFO 
23/10/2023 08:57:50 INFO Sem imagens correspondentes a data para glm 
23/10/2023 08:57:50 INFO 
23/10/2023 08:57:50 INFO 
23/10/2023 08:57:50 INFO PROCESSANDO IMAGENS FDCF "BR"...
23/10/2023 08:57:50 INFO fdcf_diario: False
23/10/2023 08:58:38 INFO tamanho control withopen: 63
23/10/2023 08:58:38 INFO Len matriz_pixels_fogo:36  int control:  63
23/10/2023 08:58:38 INFO /home/guimoura/processamento/goes/fdcf/OR_ABI-L2-FDCF-M6_G16_s20232961140208_e20232961149517_c20232961150486.nc - br - 47.4025 segundos
23/10/2023 08:58:38 INFO 
23/10/2023 08:58:38 INFO PROCESSANDO IMAGENS AIR MASS "BR"...
23/10/2023 08:58:43 WARNING Clipping input data to the valid range for imshow with RGB data ([0..1] for floats or [0..255] for integers).
23/10/2023 08:58:48 INFO Total processing time Airmass: 10.3 seconds.
23/10/2023 08:58:48 INFO 
23/10/2023 08:58:48 INFO PROCESSANDO IMAGENS AIRMASS "SP"...
23/10/2023 08:58:55 INFO Total processing time Airmass: 6.6 seconds.
23/10/2023 08:58:55 INFO 
23/10/2023 08:58:55 INFO PROCESSAMENTO ENCERRADO
23/10/2023 08:58:55 INFO 
23/10/2023 08:58:55 INFO REMOVENDO IMAGENS PROCESSADAS
23/10/2023 08:58:55 INFO Arquivo CG_ABI-L2-CMIPF-M6C01_G16_s20232961140208_e20232961149516_c20232961149580.nc removido com sucesso!
23/10/2023 08:58:55 INFO Arquivo CG_ABI-L2-CMIPF-M6C02_G16_s20232961140208_e20232961149517_c20232961149565.nc removido com sucesso!
23/10/2023 08:58:55 INFO Arquivo CG_ABI-L2-CMIPF-M6C03_G16_s20232961140208_e20232961149517_c20232961149574.nc removido com sucesso!
23/10/2023 08:58:55 INFO Arquivo CG_ABI-L2-CMIPF-M6C04_G16_s20232961140208_e20232961149516_c20232961149554.nc removido com sucesso!
23/10/2023 08:58:55 INFO Arquivo CG_ABI-L2-CMIPF-M6C05_G16_s20232961140208_e20232961149517_c20232961149580.nc removido com sucesso!
23/10/2023 08:58:55 INFO Arquivo CG_ABI-L2-CMIPF-M6C06_G16_s20232961140208_e20232961149522_c20232961149584.nc removido com sucesso!
23/10/2023 08:58:55 INFO Arquivo CG_ABI-L2-CMIPF-M6C07_G16_s20232961140208_e20232961149528_c20232961149585.nc removido com sucesso!
23/10/2023 08:58:55 INFO Arquivo CG_ABI-L2-CMIPF-M6C08_G16_s20232961140208_e20232961149517_c20232961149586.nc removido com sucesso!
23/10/2023 08:58:55 INFO Arquivo CG_ABI-L2-CMIPF-M6C09_G16_s20232961140208_e20232961149522_c20232961149594.nc removido com sucesso!
23/10/2023 08:58:55 INFO Arquivo CG_ABI-L2-CMIPF-M6C10_G16_s20232961140208_e20232961149528_c20232961149586.nc removido com sucesso!
23/10/2023 08:58:55 INFO Arquivo CG_ABI-L2-CMIPF-M6C11_G16_s20232961140208_e20232961149517_c20232961149580.nc removido com sucesso!
23/10/2023 08:58:55 INFO Arquivo CG_ABI-L2-CMIPF-M6C12_G16_s20232961140208_e20232961149522_c20232961149594.nc removido com sucesso!
23/10/2023 08:58:55 INFO Arquivo CG_ABI-L2-CMIPF-M6C13_G16_s20232961140208_e20232961149529_c20232961149584.nc removido com sucesso!
23/10/2023 08:58:55 INFO Arquivo CG_ABI-L2-CMIPF-M6C14_G16_s20232961140208_e20232961149517_c20232961149596.nc removido com sucesso!
23/10/2023 08:58:55 INFO Arquivo CG_ABI-L2-CMIPF-M6C15_G16_s20232961140208_e20232961149522_c20232961149586.nc removido com sucesso!
23/10/2023 08:58:55 INFO Arquivo CG_ABI-L2-CMIPF-M6C16_G16_s20232961140208_e20232961149528_c20232961149586.nc removido com sucesso!
23/10/2023 08:58:55 INFO Removendo imagens rrqpef
23/10/2023 08:58:55 INFO Removendo imagens GLM
23/10/2023 08:58:55 INFO Quantidade de produtos glm dentro do limite
23/10/2023 08:58:55 INFO Removendo imagens FDCF
23/10/2023 08:58:55 INFO [Errno 2] No such file or directory: '/home/guimoura/processamento/goes/fdcf/OR_ABI-L2-FDCF-M6_G16_s20232961140208_e20232961149517_c20232961150486_reproj_br.nc'
23/10/2023 08:58:55 INFO 
23/10/2023 08:58:55 INFO VERIFICANDO NUMERO DE PRODUTOS...
23/10/2023 08:58:55 INFO Quantidade de produtos dentro do limite
23/10/2023 08:58:55 INFO 
23/10/2023 08:58:55 INFO CRIANDO GIF ANIMADO "BR"...
23/10/2023 08:58:55 INFO Gif BR banda 01
23/10/2023 08:58:55 INFO Gif BR banda 02
23/10/2023 08:58:55 INFO Gif BR banda 03
23/10/2023 08:58:55 INFO Gif BR banda 04
23/10/2023 08:58:55 INFO Gif BR banda 05
23/10/2023 08:58:55 INFO Gif BR banda 06
23/10/2023 08:58:55 INFO Gif BR banda 07
23/10/2023 08:58:55 INFO Gif BR banda 08
23/10/2023 08:58:55 INFO Gif BR banda 09
23/10/2023 08:58:55 INFO Gif BR banda 10
23/10/2023 08:58:55 INFO Gif BR banda 11
23/10/2023 08:58:55 INFO Gif BR banda 12
23/10/2023 08:58:55 INFO Gif BR banda 13
23/10/2023 08:58:55 INFO Gif BR banda 14
23/10/2023 08:58:55 INFO Gif BR banda 15
23/10/2023 08:58:55 INFO Gif BR banda 16
23/10/2023 08:59:01 INFO 
23/10/2023 08:59:01 INFO CRIANDO GIF ANIMADO "SP"...
23/10/2023 08:59:01 INFO Gif SP banda 01
23/10/2023 08:59:01 INFO Gif SP banda 02
23/10/2023 08:59:01 INFO Gif SP banda 03
23/10/2023 08:59:01 INFO Gif SP banda 04
23/10/2023 08:59:01 INFO Gif SP banda 05
23/10/2023 08:59:01 INFO Gif SP banda 06
23/10/2023 08:59:01 INFO Gif SP banda 07
23/10/2023 08:59:01 INFO Gif SP banda 08
23/10/2023 08:59:01 INFO Gif SP banda 09
23/10/2023 08:59:01 INFO Gif SP banda 10
23/10/2023 08:59:01 INFO Gif SP banda 11
23/10/2023 08:59:01 INFO Gif SP banda 12
23/10/2023 08:59:01 INFO Gif SP banda 13
23/10/2023 08:59:01 INFO Gif SP banda 14
23/10/2023 08:59:01 INFO Gif SP banda 15
23/10/2023 08:59:01 INFO Gif SP banda 16
23/10/2023 08:59:01 INFO 
23/10/2023 08:59:01 INFO CRIANDO GIF ANIMADO TRUECOLOR "BR"...
23/10/2023 08:59:04 INFO 
23/10/2023 08:59:04 INFO CRIANDO GIF ANIMADO TRUECOLOR "SP"...
23/10/2023 08:59:06 INFO 
23/10/2023 08:59:06 INFO CRIANDO GIF ANIMADO RRQPEF "BR"...
23/10/2023 08:59:07 INFO 
23/10/2023 08:59:07 INFO CRIANDO GIF ANIMADO RRQPEF "SP"...
23/10/2023 08:59:09 INFO 
23/10/2023 08:59:09 INFO CRIANDO GIF ANIMADO FDCF "BR"...
23/10/2023 08:59:11 INFO 
23/10/2023 08:59:11 INFO CRIANDO GIF ANIMADO Airmass "BR"...
23/10/2023 08:59:11 INFO 
23/10/2023 08:59:11 INFO CRIANDO GIF ANIMADO Airmass "BR"...
23/10/2023 08:59:12 INFO 
23/10/2023 08:59:12 INFO Tempo gasto 230.9538 segundos
23/10/2023 08:59:12 INFO 
23/10/2023 08:59:12 INFO =========================================================================================================
23/10/2023 08:59:12 INFO =                         PROCESSAMENTO ENCERRADO GOES AS 23/10/2023-08:59:12                           =
23/10/2023 08:59:12 INFO =========================================================================================================
23/10/2023 08:59:12 INFO 
23/10/2023 08:59:12 INFO 
23/10/2023 09:01:59 INFO 
23/10/2023 09:01:59 INFO 
23/10/2023 09:01:59 INFO ==================================================================================================================
23/10/2023 09:01:59 INFO =                                  DOWNLOAD IMAGENS GOES AS 23/10/2023-09:01:59                                  =
23/10/2023 09:01:59 INFO ==================================================================================================================
23/10/2023 09:01:59 INFO 
23/10/2023 09:01:59 INFO 
23/10/2023 09:01:59 INFO Tentando download Band01...
23/10/2023 09:02:00 INFO Downloading file /home/guimoura/processamento/goes/band01/OR_ABI-L2-CMIPF-M6C01_G16_s20232961150208_e20232961159517_c20232961159568.nc
23/10/2023 09:02:11 INFO 
23/10/2023 09:02:11 INFO Tentando download Band02...
23/10/2023 09:02:12 INFO Downloading file /home/guimoura/processamento/goes/band02/OR_ABI-L2-CMIPF-M6C02_G16_s20232961150208_e20232961159517_c20232961159575.nc
23/10/2023 09:02:53 INFO 
23/10/2023 09:02:53 INFO Tentando download Band03...
23/10/2023 09:02:54 INFO Downloading file /home/guimoura/processamento/goes/band03/OR_ABI-L2-CMIPF-M6C03_G16_s20232961150208_e20232961159517_c20232961159568.nc
23/10/2023 09:03:11 INFO 
23/10/2023 09:03:11 INFO Tentando download Band04...
23/10/2023 09:03:12 INFO Downloading file /home/guimoura/processamento/goes/band04/OR_ABI-L2-CMIPF-M6C04_G16_s20232961150208_e20232961159516_c20232961159556.nc
23/10/2023 09:03:17 INFO 
23/10/2023 09:03:17 INFO Tentando download Band05...
23/10/2023 09:03:18 INFO Downloading file /home/guimoura/processamento/goes/band05/OR_ABI-L2-CMIPF-M6C05_G16_s20232961150208_e20232961159517_c20232961159577.nc
23/10/2023 09:03:31 INFO 
23/10/2023 09:03:31 INFO Tentando download Band06...
23/10/2023 09:03:31 INFO Downloading file /home/guimoura/processamento/goes/band06/OR_ABI-L2-CMIPF-M6C06_G16_s20232961150208_e20232961159522_c20232961159577.nc
23/10/2023 09:06:50 INFO 
23/10/2023 09:06:50 INFO 
23/10/2023 09:06:50 INFO =========================================================================================================
23/10/2023 09:06:50 INFO =                             PROCESSANDO IMAGENS GOES AS 23/10/2023-09:06:50                           =
23/10/2023 09:06:50 INFO =========================================================================================================
23/10/2023 09:06:50 INFO 
23/10/2023 09:06:50 INFO VERIFICANDO NOVAS IMAGENS
23/10/2023 09:06:50 INFO Novas imagens para o dia band01
23/10/2023 09:06:50 INFO Novas imagens para o dia band02
23/10/2023 09:06:50 INFO Novas imagens para o dia band03
23/10/2023 09:06:50 INFO Novas imagens para o dia band04
23/10/2023 09:06:50 INFO Novas imagens para o dia band05
23/10/2023 09:06:50 INFO Novas imagens para o dia band06
23/10/2023 09:06:50 INFO Novas imagens para o dia band07
23/10/2023 09:06:50 INFO Novas imagens para o dia band08
23/10/2023 09:06:50 INFO Novas imagens para o dia band09
23/10/2023 09:06:50 INFO Novas imagens para o dia band10
23/10/2023 09:06:50 INFO Novas imagens para o dia band11
23/10/2023 09:06:50 INFO Novas imagens para o dia band12
23/10/2023 09:06:50 INFO Novas imagens para o dia band13
23/10/2023 09:06:50 INFO Novas imagens para o dia band14
23/10/2023 09:06:50 INFO Novas imagens para o dia band15
23/10/2023 09:06:50 INFO Novas imagens para o dia band16
23/10/2023 09:06:50 INFO Novas imagens TRUECOLOR
23/10/2023 09:06:53 INFO Novas imagens RRQPEF
23/10/2023 09:06:53 INFO Sem novas imagens GLM
23/10/2023 09:06:53 INFO Sem novas imagens NDVI
23/10/2023 09:06:57 INFO Novas imagens FDCF
23/10/2023 09:06:57 INFO Novas imagens AirMass
23/10/2023 09:06:57 INFO 
23/10/2023 09:06:57 INFO PROCESSANDO IMAGENS "BR"...
23/10/2023 09:07:46 INFO /home/guimoura/processamento/goes/band08/CG_ABI-L2-CMIPF-M6C08_G16_s20232961150208_e20232961159517_c20232961159585.nc - br - 48.5669 segundos
23/10/2023 09:07:47 INFO /home/guimoura/processamento/goes/band04/CG_ABI-L2-CMIPF-M6C04_G16_s20232961150208_e20232961159516_c20232961159556.nc - br - 49.663 segundos
23/10/2023 09:07:48 INFO /home/guimoura/processamento/goes/band09/CG_ABI-L2-CMIPF-M6C09_G16_s20232961150208_e20232961159524_c20232961159587.nc - br - 50.3827 segundos
23/10/2023 09:07:48 INFO /home/guimoura/processamento/goes/band15/CG_ABI-L2-CMIPF-M6C15_G16_s20232961150208_e20232961159522_c20232961159595.nc - br - 50.902 segundos
23/10/2023 09:07:48 INFO /home/guimoura/processamento/goes/band11/CG_ABI-L2-CMIPF-M6C11_G16_s20232961150208_e20232961159516_c20232961159577.nc - br - 51.0182 segundos
23/10/2023 09:07:48 INFO /home/guimoura/processamento/goes/band13/CG_ABI-L2-CMIPF-M6C13_G16_s20232961150208_e20232961159528_c20232961159587.nc - br - 51.1201 segundos
23/10/2023 09:07:49 INFO /home/guimoura/processamento/goes/band07/CG_ABI-L2-CMIPF-M6C07_G16_s20232961150208_e20232961159528_c20232961159585.nc - br - 51.306 segundos
23/10/2023 09:07:49 INFO /home/guimoura/processamento/goes/band12/CG_ABI-L2-CMIPF-M6C12_G16_s20232961150208_e20232961159522_c20232961159577.nc - br - 51.5016 segundos
23/10/2023 09:07:49 INFO /home/guimoura/processamento/goes/band14/CG_ABI-L2-CMIPF-M6C14_G16_s20232961150208_e20232961159516_c20232961159585.nc - br - 51.4608 segundos
23/10/2023 09:07:49 INFO /home/guimoura/processamento/goes/band06/CG_ABI-L2-CMIPF-M6C06_G16_s20232961150208_e20232961159522_c20232961159577.nc - br - 51.7932 segundos
23/10/2023 09:07:49 INFO /home/guimoura/processamento/goes/band10/CG_ABI-L2-CMIPF-M6C10_G16_s20232961150208_e20232961159530_c20232961159586.nc - br - 51.7665 segundos
23/10/2023 09:07:49 INFO /home/guimoura/processamento/goes/band16/CG_ABI-L2-CMIPF-M6C16_G16_s20232961150208_e20232961159528_c20232961159596.nc - br - 51.6754 segundos
23/10/2023 09:07:49 INFO /home/guimoura/processamento/goes/band03/CG_ABI-L2-CMIPF-M6C03_G16_s20232961150208_e20232961159517_c20232961159568.nc - br - 52.0744 segundos
23/10/2023 09:07:50 INFO /home/guimoura/processamento/goes/band01/CG_ABI-L2-CMIPF-M6C01_G16_s20232961150208_e20232961159517_c20232961159568.nc - br - 52.4021 segundos
23/10/2023 09:07:50 INFO /home/guimoura/processamento/goes/band05/CG_ABI-L2-CMIPF-M6C05_G16_s20232961150208_e20232961159517_c20232961159577.nc - br - 52.4207 segundos
23/10/2023 09:07:51 INFO /home/guimoura/processamento/goes/band02/CG_ABI-L2-CMIPF-M6C02_G16_s20232961150208_e20232961159517_c20232961159575.nc - br - 54.2788 segundos
23/10/2023 09:07:51 INFO 
23/10/2023 09:07:51 INFO PROCESSANDO IMAGENS "SP"...
23/10/2023 09:08:26 INFO /home/guimoura/processamento/goes/band12/CG_ABI-L2-CMIPF-M6C12_G16_s20232961150208_e20232961159522_c20232961159577.nc - sp - 34.6477 segundos
23/10/2023 09:08:28 INFO /home/guimoura/processamento/goes/band10/CG_ABI-L2-CMIPF-M6C10_G16_s20232961150208_e20232961159530_c20232961159586.nc - sp - 36.2639 segundos
23/10/2023 09:08:28 INFO /home/guimoura/processamento/goes/band16/CG_ABI-L2-CMIPF-M6C16_G16_s20232961150208_e20232961159528_c20232961159596.nc - sp - 36.5415 segundos
23/10/2023 09:08:29 INFO /home/guimoura/processamento/goes/band04/CG_ABI-L2-CMIPF-M6C04_G16_s20232961150208_e20232961159516_c20232961159556.nc - sp - 37.1315 segundos
23/10/2023 09:08:29 INFO /home/guimoura/processamento/goes/band08/CG_ABI-L2-CMIPF-M6C08_G16_s20232961150208_e20232961159517_c20232961159585.nc - sp - 37.0884 segundos
23/10/2023 09:08:29 INFO /home/guimoura/processamento/goes/band13/CG_ABI-L2-CMIPF-M6C13_G16_s20232961150208_e20232961159528_c20232961159587.nc - sp - 37.2314 segundos
23/10/2023 09:08:29 INFO /home/guimoura/processamento/goes/band05/CG_ABI-L2-CMIPF-M6C05_G16_s20232961150208_e20232961159517_c20232961159577.nc - sp - 37.5345 segundos
23/10/2023 09:08:29 INFO /home/guimoura/processamento/goes/band09/CG_ABI-L2-CMIPF-M6C09_G16_s20232961150208_e20232961159524_c20232961159587.nc - sp - 37.4957 segundos
23/10/2023 09:08:29 INFO /home/guimoura/processamento/goes/band01/CG_ABI-L2-CMIPF-M6C01_G16_s20232961150208_e20232961159517_c20232961159568.nc - sp - 37.6074 segundos
23/10/2023 09:08:29 INFO /home/guimoura/processamento/goes/band07/CG_ABI-L2-CMIPF-M6C07_G16_s20232961150208_e20232961159528_c20232961159585.nc - sp - 37.5303 segundos
23/10/2023 09:08:29 INFO /home/guimoura/processamento/goes/band14/CG_ABI-L2-CMIPF-M6C14_G16_s20232961150208_e20232961159516_c20232961159585.nc - sp - 37.5152 segundos
23/10/2023 09:08:29 INFO /home/guimoura/processamento/goes/band15/CG_ABI-L2-CMIPF-M6C15_G16_s20232961150208_e20232961159522_c20232961159595.nc - sp - 37.5213 segundos
23/10/2023 09:08:29 INFO /home/guimoura/processamento/goes/band11/CG_ABI-L2-CMIPF-M6C11_G16_s20232961150208_e20232961159516_c20232961159577.nc - sp - 37.6982 segundos
23/10/2023 09:08:29 INFO /home/guimoura/processamento/goes/band06/CG_ABI-L2-CMIPF-M6C06_G16_s20232961150208_e20232961159522_c20232961159577.nc - sp - 37.8063 segundos
23/10/2023 09:08:29 INFO /home/guimoura/processamento/goes/band03/CG_ABI-L2-CMIPF-M6C03_G16_s20232961150208_e20232961159517_c20232961159568.nc - sp - 37.9903 segundos
23/10/2023 09:08:30 INFO /home/guimoura/processamento/goes/band02/CG_ABI-L2-CMIPF-M6C02_G16_s20232961150208_e20232961159517_c20232961159575.nc - sp - 38.0387 segundos
23/10/2023 09:08:30 INFO 
23/10/2023 09:08:30 INFO PROCESSANDO IMAGENS TRUECOLOR WITH NIGHT "BR"...
23/10/2023 09:08:39 INFO Atmosphere chosen: us-standard
23/10/2023 09:08:42 WARNING Clipping input data to the valid range for imshow with RGB data ([0..1] for floats or [0..255] for integers).
23/10/2023 09:08:51 INFO True Color - Tempo de Processamento: 21.16 segundos.
23/10/2023 09:08:51 INFO 
23/10/2023 09:08:51 INFO PROCESSANDO IMAGENS TRUECOLOR WITH NIGHT "SP"...
23/10/2023 09:08:52 INFO Atmosphere chosen: us-standard
23/10/2023 09:08:53 WARNING Clipping input data to the valid range for imshow with RGB data ([0..1] for floats or [0..255] for integers).
23/10/2023 09:09:01 INFO True Color - Tempo de Processamento: 10.62 segundos.
23/10/2023 09:09:01 INFO 
23/10/2023 09:09:01 INFO PROCESSANDO IMAGENS RRQPEF "BR"...
23/10/2023 09:09:10 INFO /home/guimoura/processamento/goes/rrqpef/OR_ABI-L2-RRQPEF-M6_G16_s20232961150208_e20232961159517_c20232961200004.nc - br - 8.8629 segundos
23/10/2023 09:09:10 INFO 
23/10/2023 09:09:10 INFO PROCESSANDO IMAGENS RRQPEF "SP"...
23/10/2023 09:09:17 INFO /home/guimoura/processamento/goes/rrqpef/OR_ABI-L2-RRQPEF-M6_G16_s20232961150208_e20232961159517_c20232961200004.nc - sp - 6.5641 segundos
23/10/2023 09:09:17 INFO 
23/10/2023 09:09:17 INFO Sem imagens correspondentes a data para glm 
23/10/2023 09:09:17 INFO 
23/10/2023 09:09:17 INFO 
23/10/2023 09:09:17 INFO PROCESSANDO IMAGENS FDCF "BR"...
23/10/2023 09:09:17 INFO fdcf_diario: False
23/10/2023 09:09:55 INFO tamanho control withopen: 63
23/10/2023 09:09:55 INFO Len matriz_pixels_fogo:31  int control:  63
23/10/2023 09:09:55 INFO /home/guimoura/processamento/goes/fdcf/OR_ABI-L2-FDCF-M6_G16_s20232961150208_e20232961159517_c20232961200023.nc - br - 37.888 segundos
23/10/2023 09:09:55 INFO 
23/10/2023 09:09:55 INFO PROCESSANDO IMAGENS AIR MASS "BR"...
23/10/2023 09:10:00 WARNING Clipping input data to the valid range for imshow with RGB data ([0..1] for floats or [0..255] for integers).
23/10/2023 09:10:05 INFO Total processing time Airmass: 10.34 seconds.
23/10/2023 09:10:05 INFO 
23/10/2023 09:10:05 INFO PROCESSANDO IMAGENS AIRMASS "SP"...
23/10/2023 09:10:12 INFO Total processing time Airmass: 6.56 seconds.
23/10/2023 09:10:12 INFO 
23/10/2023 09:10:12 INFO PROCESSAMENTO ENCERRADO
23/10/2023 09:10:12 INFO 
23/10/2023 09:10:12 INFO REMOVENDO IMAGENS PROCESSADAS
23/10/2023 09:10:12 INFO Arquivo CG_ABI-L2-CMIPF-M6C01_G16_s20232961150208_e20232961159517_c20232961159568.nc removido com sucesso!
23/10/2023 09:10:12 INFO Arquivo CG_ABI-L2-CMIPF-M6C02_G16_s20232961150208_e20232961159517_c20232961159575.nc removido com sucesso!
23/10/2023 09:10:12 INFO Arquivo CG_ABI-L2-CMIPF-M6C03_G16_s20232961150208_e20232961159517_c20232961159568.nc removido com sucesso!
23/10/2023 09:10:12 INFO Arquivo CG_ABI-L2-CMIPF-M6C04_G16_s20232961150208_e20232961159516_c20232961159556.nc removido com sucesso!
23/10/2023 09:10:12 INFO Arquivo CG_ABI-L2-CMIPF-M6C05_G16_s20232961150208_e20232961159517_c20232961159577.nc removido com sucesso!
23/10/2023 09:10:12 INFO Arquivo CG_ABI-L2-CMIPF-M6C06_G16_s20232961150208_e20232961159522_c20232961159577.nc removido com sucesso!
23/10/2023 09:10:12 INFO Arquivo CG_ABI-L2-CMIPF-M6C07_G16_s20232961150208_e20232961159528_c20232961159585.nc removido com sucesso!
23/10/2023 09:10:12 INFO Arquivo CG_ABI-L2-CMIPF-M6C08_G16_s20232961150208_e20232961159517_c20232961159585.nc removido com sucesso!
23/10/2023 09:10:12 INFO Arquivo CG_ABI-L2-CMIPF-M6C09_G16_s20232961150208_e20232961159524_c20232961159587.nc removido com sucesso!
23/10/2023 09:10:12 INFO Arquivo CG_ABI-L2-CMIPF-M6C10_G16_s20232961150208_e20232961159530_c20232961159586.nc removido com sucesso!
23/10/2023 09:10:12 INFO Arquivo CG_ABI-L2-CMIPF-M6C11_G16_s20232961150208_e20232961159516_c20232961159577.nc removido com sucesso!
23/10/2023 09:10:12 INFO Arquivo CG_ABI-L2-CMIPF-M6C12_G16_s20232961150208_e20232961159522_c20232961159577.nc removido com sucesso!
23/10/2023 09:10:12 INFO Arquivo CG_ABI-L2-CMIPF-M6C13_G16_s20232961150208_e20232961159528_c20232961159587.nc removido com sucesso!
23/10/2023 09:10:12 INFO Arquivo CG_ABI-L2-CMIPF-M6C14_G16_s20232961150208_e20232961159516_c20232961159585.nc removido com sucesso!
23/10/2023 09:10:12 INFO Arquivo CG_ABI-L2-CMIPF-M6C15_G16_s20232961150208_e20232961159522_c20232961159595.nc removido com sucesso!
23/10/2023 09:10:12 INFO Arquivo CG_ABI-L2-CMIPF-M6C16_G16_s20232961150208_e20232961159528_c20232961159596.nc removido com sucesso!
23/10/2023 09:10:12 INFO Removendo imagens rrqpef
23/10/2023 09:10:12 INFO Removendo imagens GLM
23/10/2023 09:10:12 INFO Quantidade de produtos glm dentro do limite
23/10/2023 09:10:12 INFO Removendo imagens FDCF
23/10/2023 09:10:12 INFO 
23/10/2023 09:10:12 INFO VERIFICANDO NUMERO DE PRODUTOS...
23/10/2023 09:10:12 INFO Quantidade de produtos dentro do limite
23/10/2023 09:10:12 INFO 
23/10/2023 09:10:12 INFO CRIANDO GIF ANIMADO "BR"...
23/10/2023 09:10:12 INFO Gif BR banda 01
23/10/2023 09:10:12 INFO Gif BR banda 02
23/10/2023 09:10:12 INFO Gif BR banda 03
23/10/2023 09:10:12 INFO Gif BR banda 04
23/10/2023 09:10:12 INFO Gif BR banda 05
23/10/2023 09:10:12 INFO Gif BR banda 06
23/10/2023 09:10:12 INFO Gif BR banda 07
23/10/2023 09:10:12 INFO Gif BR banda 08
23/10/2023 09:10:12 INFO Gif BR banda 09
23/10/2023 09:10:12 INFO Gif BR banda 10
23/10/2023 09:10:12 INFO Gif BR banda 11
23/10/2023 09:10:12 INFO Gif BR banda 12
23/10/2023 09:10:12 INFO Gif BR banda 13
23/10/2023 09:10:12 INFO Gif BR banda 14
23/10/2023 09:10:12 INFO Gif BR banda 15
23/10/2023 09:10:12 INFO Gif BR banda 16
23/10/2023 09:10:17 INFO 
23/10/2023 09:10:17 INFO CRIANDO GIF ANIMADO "SP"...
23/10/2023 09:10:17 INFO Gif SP banda 01
23/10/2023 09:10:17 INFO Gif SP banda 02
23/10/2023 09:10:17 INFO Gif SP banda 03
23/10/2023 09:10:17 INFO Gif SP banda 04
23/10/2023 09:10:17 INFO Gif SP banda 05
23/10/2023 09:10:17 INFO Gif SP banda 06
23/10/2023 09:10:17 INFO Gif SP banda 07
23/10/2023 09:10:17 INFO Gif SP banda 08
23/10/2023 09:10:17 INFO Gif SP banda 09
23/10/2023 09:10:17 INFO Gif SP banda 10
23/10/2023 09:10:17 INFO Gif SP banda 11
23/10/2023 09:10:17 INFO Gif SP banda 12
23/10/2023 09:10:17 INFO Gif SP banda 13
23/10/2023 09:10:17 INFO Gif SP banda 14
23/10/2023 09:10:17 INFO Gif SP banda 15
23/10/2023 09:10:17 INFO Gif SP banda 16
23/10/2023 09:10:17 INFO 
23/10/2023 09:10:17 INFO CRIANDO GIF ANIMADO TRUECOLOR "BR"...
23/10/2023 09:10:20 INFO 
23/10/2023 09:10:20 INFO CRIANDO GIF ANIMADO TRUECOLOR "SP"...
23/10/2023 09:10:21 INFO 
23/10/2023 09:10:21 INFO CRIANDO GIF ANIMADO RRQPEF "BR"...
23/10/2023 09:10:22 INFO 
23/10/2023 09:10:22 INFO CRIANDO GIF ANIMADO RRQPEF "SP"...
23/10/2023 09:10:24 INFO 
23/10/2023 09:10:24 INFO CRIANDO GIF ANIMADO FDCF "BR"...
23/10/2023 09:10:25 INFO 
23/10/2023 09:10:25 INFO CRIANDO GIF ANIMADO Airmass "BR"...
23/10/2023 09:10:26 INFO 
23/10/2023 09:10:26 INFO CRIANDO GIF ANIMADO Airmass "BR"...
23/10/2023 09:10:27 INFO 
23/10/2023 09:10:27 INFO Tempo gasto 216.4932 segundos
23/10/2023 09:10:27 INFO 
23/10/2023 09:10:27 INFO =========================================================================================================
23/10/2023 09:10:27 INFO =                         PROCESSAMENTO ENCERRADO GOES AS 23/10/2023-09:10:27                           =
23/10/2023 09:10:27 INFO =========================================================================================================
23/10/2023 09:10:27 INFO 
23/10/2023 09:10:27 INFO 
23/10/2023 09:34:46 INFO 
23/10/2023 09:34:46 INFO 
23/10/2023 09:34:46 INFO ==================================================================================================================
23/10/2023 09:34:46 INFO =                                  DOWNLOAD IMAGENS GOES AS 23/10/2023-09:34:46                                  =
23/10/2023 09:34:46 INFO ==================================================================================================================
23/10/2023 09:34:46 INFO 
23/10/2023 09:34:46 INFO 
23/10/2023 09:34:46 INFO Tentando download Band01...
23/10/2023 09:34:47 INFO Downloading file /home/guimoura/processamento/goes/band01/OR_ABI-L2-CMIPF-M6C01_G16_s20232961220208_e20232961229517_c20232961229579.nc
23/10/2023 09:35:00 INFO 
23/10/2023 09:35:00 INFO Tentando download Band02...
23/10/2023 09:35:01 INFO Downloading file /home/guimoura/processamento/goes/band02/OR_ABI-L2-CMIPF-M6C02_G16_s20232961220208_e20232961229517_c20232961229562.nc
23/10/2023 09:35:38 INFO 
23/10/2023 09:35:38 INFO Tentando download Band03...
23/10/2023 09:35:39 INFO Downloading file /home/guimoura/processamento/goes/band03/OR_ABI-L2-CMIPF-M6C03_G16_s20232961220208_e20232961229517_c20232961229578.nc
23/10/2023 09:35:49 INFO 
23/10/2023 09:35:49 INFO Tentando download Band04...
23/10/2023 09:35:50 INFO Downloading file /home/guimoura/processamento/goes/band04/OR_ABI-L2-CMIPF-M6C04_G16_s20232961220208_e20232961229516_c20232961229555.nc
23/10/2023 09:35:53 INFO 
23/10/2023 09:35:53 INFO Tentando download Band05...
23/10/2023 09:35:54 INFO Downloading file /home/guimoura/processamento/goes/band05/OR_ABI-L2-CMIPF-M6C05_G16_s20232961220208_e20232961229517_c20232961229568.nc
23/10/2023 09:36:05 INFO 
23/10/2023 09:36:05 INFO Tentando download Band06...
23/10/2023 09:36:06 INFO Downloading file /home/guimoura/processamento/goes/band06/OR_ABI-L2-CMIPF-M6C06_G16_s20232961220208_e20232961229522_c20232961229558.nc
23/10/2023 09:36:11 INFO 
23/10/2023 09:36:11 INFO Tentando download Band07...
23/10/2023 09:36:12 INFO Downloading file /home/guimoura/processamento/goes/band07/OR_ABI-L2-CMIPF-M6C07_G16_s20232961220208_e20232961229528_c20232961229581.nc
23/10/2023 09:36:27 INFO 
23/10/2023 09:36:27 INFO Tentando download Band08...
23/10/2023 09:36:28 INFO Downloading file /home/guimoura/processamento/goes/band08/OR_ABI-L2-CMIPF-M6C08_G16_s20232961220208_e20232961229517_c20232961229582.nc
23/10/2023 09:36:39 INFO 
23/10/2023 09:36:39 INFO Tentando download Band09...
23/10/2023 09:36:39 INFO Downloading file /home/guimoura/processamento/goes/band09/OR_ABI-L2-CMIPF-M6C09_G16_s20232961220208_e20232961229522_c20232961229586.nc
23/10/2023 09:36:49 INFO 
23/10/2023 09:36:49 INFO Tentando download Band10...
23/10/2023 09:36:49 INFO Downloading file /home/guimoura/processamento/goes/band10/OR_ABI-L2-CMIPF-M6C10_G16_s20232961220208_e20232961229528_c20232961229571.nc
23/10/2023 09:37:03 INFO 
23/10/2023 09:37:03 INFO Tentando download Band11...
23/10/2023 09:37:03 INFO Downloading file /home/guimoura/processamento/goes/band11/OR_ABI-L2-CMIPF-M6C11_G16_s20232961220208_e20232961229516_c20232961229579.nc
23/10/2023 09:37:13 INFO 
23/10/2023 09:37:13 INFO Tentando download Band12...
23/10/2023 09:37:14 INFO Downloading file /home/guimoura/processamento/goes/band12/OR_ABI-L2-CMIPF-M6C12_G16_s20232961220208_e20232961229522_c20232961229577.nc
23/10/2023 09:37:24 INFO 
23/10/2023 09:37:24 INFO Tentando download Band13...
23/10/2023 09:37:25 INFO Downloading file /home/guimoura/processamento/goes/band13/OR_ABI-L2-CMIPF-M6C13_G16_s20232961220208_e20232961229528_c20232961229586.nc
23/10/2023 09:37:34 INFO 
23/10/2023 09:37:34 INFO Tentando download Band14...
23/10/2023 09:37:35 INFO Downloading file /home/guimoura/processamento/goes/band14/OR_ABI-L2-CMIPF-M6C14_G16_s20232961220208_e20232961229517_c20232961229592.nc
23/10/2023 09:37:44 INFO 
23/10/2023 09:37:44 INFO Tentando download Band15...
23/10/2023 09:37:44 INFO Downloading file /home/guimoura/processamento/goes/band15/OR_ABI-L2-CMIPF-M6C15_G16_s20232961220208_e20232961229522_c20232961229592.nc
23/10/2023 09:37:51 INFO 
23/10/2023 09:37:51 INFO Tentando download Band16...
23/10/2023 09:37:51 INFO Downloading file /home/guimoura/processamento/goes/band16/OR_ABI-L2-CMIPF-M6C16_G16_s20232961220208_e20232961229528_c20232961230002.nc
23/10/2023 09:43:27 INFO 
23/10/2023 09:43:27 INFO 
23/10/2023 09:43:27 INFO =========================================================================================================
23/10/2023 09:43:27 INFO =                             PROCESSANDO IMAGENS GOES AS 23/10/2023-09:43:27                           =
23/10/2023 09:43:27 INFO =========================================================================================================
23/10/2023 09:43:27 INFO 
23/10/2023 09:43:27 INFO VERIFICANDO NOVAS IMAGENS
23/10/2023 09:43:27 INFO Novas imagens para o dia band01
23/10/2023 09:43:27 INFO Novas imagens para o dia band02
23/10/2023 09:43:27 INFO Novas imagens para o dia band03
23/10/2023 09:43:27 INFO Novas imagens para o dia band04
23/10/2023 09:43:27 INFO Novas imagens para o dia band05
23/10/2023 09:43:27 INFO Novas imagens para o dia band06
23/10/2023 09:43:27 INFO Novas imagens para o dia band07
23/10/2023 09:43:27 INFO Novas imagens para o dia band08
23/10/2023 09:43:27 INFO Novas imagens para o dia band09
23/10/2023 09:43:27 INFO Novas imagens para o dia band10
23/10/2023 09:43:27 INFO Novas imagens para o dia band11
23/10/2023 09:43:27 INFO Novas imagens para o dia band12
23/10/2023 09:43:27 INFO Novas imagens para o dia band13
23/10/2023 09:43:27 INFO Novas imagens para o dia band14
23/10/2023 09:43:27 INFO Novas imagens para o dia band15
23/10/2023 09:43:27 INFO Novas imagens para o dia band16
23/10/2023 09:43:27 INFO Novas imagens TRUECOLOR
23/10/2023 09:43:29 INFO Novas imagens RRQPEF
23/10/2023 09:43:29 INFO Sem novas imagens GLM
23/10/2023 09:43:29 INFO Sem novas imagens NDVI
23/10/2023 09:43:32 INFO Novas imagens FDCF
23/10/2023 09:43:32 INFO Novas imagens AirMass
23/10/2023 09:43:32 INFO 
23/10/2023 09:43:32 INFO PROCESSANDO IMAGENS "BR"...
23/10/2023 09:44:21 INFO /home/guimoura/processamento/goes/band08/CG_ABI-L2-CMIPF-M6C08_G16_s20232961220208_e20232961229517_c20232961229582.nc - br - 49.4445 segundos
23/10/2023 09:44:22 INFO /home/guimoura/processamento/goes/band13/CG_ABI-L2-CMIPF-M6C13_G16_s20232961220208_e20232961229528_c20232961229586.nc - br - 50.0852 segundos
23/10/2023 09:44:22 INFO /home/guimoura/processamento/goes/band04/CG_ABI-L2-CMIPF-M6C04_G16_s20232961220208_e20232961229516_c20232961229555.nc - br - 50.2545 segundos
23/10/2023 09:44:22 INFO /home/guimoura/processamento/goes/band09/CG_ABI-L2-CMIPF-M6C09_G16_s20232961220208_e20232961229522_c20232961229586.nc - br - 50.38 segundos
23/10/2023 09:44:22 INFO /home/guimoura/processamento/goes/band10/CG_ABI-L2-CMIPF-M6C10_G16_s20232961220208_e20232961229528_c20232961229571.nc - br - 50.4579 segundos
23/10/2023 09:44:23 INFO /home/guimoura/processamento/goes/band07/CG_ABI-L2-CMIPF-M6C07_G16_s20232961220208_e20232961229528_c20232961229581.nc - br - 50.7526 segundos
23/10/2023 09:44:23 INFO /home/guimoura/processamento/goes/band16/CG_ABI-L2-CMIPF-M6C16_G16_s20232961220208_e20232961229528_c20232961230002.nc - br - 50.6524 segundos
23/10/2023 09:44:23 INFO /home/guimoura/processamento/goes/band06/CG_ABI-L2-CMIPF-M6C06_G16_s20232961220208_e20232961229522_c20232961229558.nc - br - 50.8665 segundos
23/10/2023 09:44:23 INFO /home/guimoura/processamento/goes/band12/CG_ABI-L2-CMIPF-M6C12_G16_s20232961220208_e20232961229522_c20232961229577.nc - br - 50.8621 segundos
23/10/2023 09:44:23 INFO /home/guimoura/processamento/goes/band14/CG_ABI-L2-CMIPF-M6C14_G16_s20232961220208_e20232961229517_c20232961229592.nc - br - 50.9683 segundos
23/10/2023 09:44:23 INFO /home/guimoura/processamento/goes/band15/CG_ABI-L2-CMIPF-M6C15_G16_s20232961220208_e20232961229522_c20232961229592.nc - br - 51.0116 segundos
23/10/2023 09:44:23 INFO /home/guimoura/processamento/goes/band11/CG_ABI-L2-CMIPF-M6C11_G16_s20232961220208_e20232961229516_c20232961229579.nc - br - 51.2969 segundos
23/10/2023 09:44:23 INFO /home/guimoura/processamento/goes/band01/CG_ABI-L2-CMIPF-M6C01_G16_s20232961220208_e20232961229517_c20232961229579.nc - br - 51.5925 segundos
23/10/2023 09:44:24 INFO /home/guimoura/processamento/goes/band03/CG_ABI-L2-CMIPF-M6C03_G16_s20232961220208_e20232961229517_c20232961229578.nc - br - 51.7386 segundos
23/10/2023 09:44:24 INFO /home/guimoura/processamento/goes/band05/CG_ABI-L2-CMIPF-M6C05_G16_s20232961220208_e20232961229517_c20232961229568.nc - br - 51.8104 segundos
23/10/2023 09:44:25 INFO /home/guimoura/processamento/goes/band02/CG_ABI-L2-CMIPF-M6C02_G16_s20232961220208_e20232961229517_c20232961229562.nc - br - 53.4415 segundos
23/10/2023 09:44:25 INFO 
23/10/2023 09:44:25 INFO PROCESSANDO IMAGENS "SP"...
23/10/2023 09:45:05 INFO /home/guimoura/processamento/goes/band10/CG_ABI-L2-CMIPF-M6C10_G16_s20232961220208_e20232961229528_c20232961229571.nc - sp - 40.1238 segundos
23/10/2023 09:45:05 INFO /home/guimoura/processamento/goes/band09/CG_ABI-L2-CMIPF-M6C09_G16_s20232961220208_e20232961229522_c20232961229586.nc - sp - 40.133 segundos
23/10/2023 09:45:06 INFO /home/guimoura/processamento/goes/band16/CG_ABI-L2-CMIPF-M6C16_G16_s20232961220208_e20232961229528_c20232961230002.nc - sp - 40.1544 segundos
23/10/2023 09:45:06 INFO /home/guimoura/processamento/goes/band02/CG_ABI-L2-CMIPF-M6C02_G16_s20232961220208_e20232961229517_c20232961229562.nc - sp - 40.5253 segundos
23/10/2023 09:45:06 INFO /home/guimoura/processamento/goes/band01/CG_ABI-L2-CMIPF-M6C01_G16_s20232961220208_e20232961229517_c20232961229579.nc - sp - 40.9712 segundos
23/10/2023 09:45:06 INFO /home/guimoura/processamento/goes/band04/CG_ABI-L2-CMIPF-M6C04_G16_s20232961220208_e20232961229516_c20232961229555.nc - sp - 40.9773 segundos
23/10/2023 09:45:06 INFO /home/guimoura/processamento/goes/band15/CG_ABI-L2-CMIPF-M6C15_G16_s20232961220208_e20232961229522_c20232961229592.nc - sp - 40.8333 segundos
23/10/2023 09:45:06 INFO /home/guimoura/processamento/goes/band08/CG_ABI-L2-CMIPF-M6C08_G16_s20232961220208_e20232961229517_c20232961229582.nc - sp - 41.0244 segundos
23/10/2023 09:45:06 INFO /home/guimoura/processamento/goes/band12/CG_ABI-L2-CMIPF-M6C12_G16_s20232961220208_e20232961229522_c20232961229577.nc - sp - 40.9829 segundos
23/10/2023 09:45:06 INFO /home/guimoura/processamento/goes/band14/CG_ABI-L2-CMIPF-M6C14_G16_s20232961220208_e20232961229517_c20232961229592.nc - sp - 40.958 segundos
23/10/2023 09:45:06 INFO /home/guimoura/processamento/goes/band06/CG_ABI-L2-CMIPF-M6C06_G16_s20232961220208_e20232961229522_c20232961229558.nc - sp - 41.099 segundos
23/10/2023 09:45:06 INFO /home/guimoura/processamento/goes/band05/CG_ABI-L2-CMIPF-M6C05_G16_s20232961220208_e20232961229517_c20232961229568.nc - sp - 41.1412 segundos
23/10/2023 09:45:06 INFO /home/guimoura/processamento/goes/band07/CG_ABI-L2-CMIPF-M6C07_G16_s20232961220208_e20232961229528_c20232961229581.nc - sp - 41.1574 segundos
23/10/2023 09:45:07 INFO /home/guimoura/processamento/goes/band03/CG_ABI-L2-CMIPF-M6C03_G16_s20232961220208_e20232961229517_c20232961229578.nc - sp - 41.227 segundos
23/10/2023 09:45:07 INFO /home/guimoura/processamento/goes/band13/CG_ABI-L2-CMIPF-M6C13_G16_s20232961220208_e20232961229528_c20232961229586.nc - sp - 41.1343 segundos
23/10/2023 09:45:07 INFO /home/guimoura/processamento/goes/band11/CG_ABI-L2-CMIPF-M6C11_G16_s20232961220208_e20232961229516_c20232961229579.nc - sp - 41.1882 segundos
23/10/2023 09:45:07 INFO 
23/10/2023 09:45:07 INFO PROCESSANDO IMAGENS TRUECOLOR WITH NIGHT "BR"...
23/10/2023 09:45:19 INFO Atmosphere chosen: us-standard
23/10/2023 09:45:21 WARNING Clipping input data to the valid range for imshow with RGB data ([0..1] for floats or [0..255] for integers).
23/10/2023 09:45:30 INFO True Color - Tempo de Processamento: 23.62 segundos.
23/10/2023 09:45:30 INFO 
23/10/2023 09:45:30 INFO PROCESSANDO IMAGENS TRUECOLOR WITH NIGHT "SP"...
23/10/2023 09:45:31 INFO Atmosphere chosen: us-standard
23/10/2023 09:45:33 WARNING Clipping input data to the valid range for imshow with RGB data ([0..1] for floats or [0..255] for integers).
23/10/2023 09:45:41 INFO True Color - Tempo de Processamento: 11.14 segundos.
23/10/2023 09:45:41 INFO 
23/10/2023 09:45:41 INFO PROCESSANDO IMAGENS RRQPEF "BR"...
23/10/2023 09:45:51 INFO /home/guimoura/processamento/goes/rrqpef/OR_ABI-L2-RRQPEF-M6_G16_s20232931510207_e20232931519515_c20232931520002.nc - br - 9.2305 segundos
23/10/2023 09:45:51 INFO 
23/10/2023 09:45:51 INFO PROCESSANDO IMAGENS RRQPEF "SP"...
23/10/2023 09:45:58 INFO /home/guimoura/processamento/goes/rrqpef/OR_ABI-L2-RRQPEF-M6_G16_s20232931510207_e20232931519515_c20232931520002.nc - sp - 6.9795 segundos
23/10/2023 09:45:58 INFO 
23/10/2023 09:45:58 INFO Sem imagens correspondentes a data para glm 
23/10/2023 09:45:58 INFO 
23/10/2023 09:45:58 INFO 
23/10/2023 09:45:58 INFO PROCESSANDO IMAGENS FDCF "BR"...
23/10/2023 09:45:58 INFO fdcf_diario: False
23/10/2023 09:46:55 INFO tamanho control withopen: 63
23/10/2023 09:46:55 INFO Len matriz_pixels_fogo:36  int control:  63
23/10/2023 09:46:55 INFO /home/guimoura/processamento/goes/fdcf/OR_ABI-L2-FDCF-M6_G16_s20232961220208_e20232961229517_c20232961230019.nc - br - 57.163 segundos
23/10/2023 09:46:55 INFO 
23/10/2023 09:46:55 INFO PROCESSANDO IMAGENS AIR MASS "BR"...
23/10/2023 09:47:01 WARNING Clipping input data to the valid range for imshow with RGB data ([0..1] for floats or [0..255] for integers).
23/10/2023 09:47:07 INFO Total processing time Airmass: 12.34 seconds.
23/10/2023 09:47:07 INFO 
23/10/2023 09:47:07 INFO PROCESSANDO IMAGENS AIRMASS "SP"...
23/10/2023 09:47:14 INFO Total processing time Airmass: 7.19 seconds.
23/10/2023 09:47:14 INFO 
23/10/2023 09:47:14 INFO PROCESSAMENTO ENCERRADO
23/10/2023 09:47:14 INFO 
23/10/2023 09:47:14 INFO REMOVENDO IMAGENS PROCESSADAS
23/10/2023 09:47:14 INFO Arquivo CG_ABI-L2-CMIPF-M6C01_G16_s20232961220208_e20232961229517_c20232961229579.nc removido com sucesso!
23/10/2023 09:47:14 INFO Arquivo CG_ABI-L2-CMIPF-M6C02_G16_s20232961220208_e20232961229517_c20232961229562.nc removido com sucesso!
23/10/2023 09:47:14 INFO Arquivo CG_ABI-L2-CMIPF-M6C03_G16_s20232961220208_e20232961229517_c20232961229578.nc removido com sucesso!
23/10/2023 09:47:14 INFO Arquivo CG_ABI-L2-CMIPF-M6C04_G16_s20232961220208_e20232961229516_c20232961229555.nc removido com sucesso!
23/10/2023 09:47:14 INFO Arquivo CG_ABI-L2-CMIPF-M6C05_G16_s20232961220208_e20232961229517_c20232961229568.nc removido com sucesso!
23/10/2023 09:47:14 INFO Arquivo CG_ABI-L2-CMIPF-M6C06_G16_s20232961220208_e20232961229522_c20232961229558.nc removido com sucesso!
23/10/2023 09:47:14 INFO Arquivo CG_ABI-L2-CMIPF-M6C07_G16_s20232961220208_e20232961229528_c20232961229581.nc removido com sucesso!
23/10/2023 09:47:14 INFO Arquivo CG_ABI-L2-CMIPF-M6C08_G16_s20232961220208_e20232961229517_c20232961229582.nc removido com sucesso!
23/10/2023 09:47:14 INFO Arquivo CG_ABI-L2-CMIPF-M6C09_G16_s20232961220208_e20232961229522_c20232961229586.nc removido com sucesso!
23/10/2023 09:47:14 INFO Arquivo CG_ABI-L2-CMIPF-M6C10_G16_s20232961220208_e20232961229528_c20232961229571.nc removido com sucesso!
23/10/2023 09:47:14 INFO Arquivo CG_ABI-L2-CMIPF-M6C11_G16_s20232961220208_e20232961229516_c20232961229579.nc removido com sucesso!
23/10/2023 09:47:14 INFO Arquivo CG_ABI-L2-CMIPF-M6C12_G16_s20232961220208_e20232961229522_c20232961229577.nc removido com sucesso!
23/10/2023 09:47:14 INFO Arquivo CG_ABI-L2-CMIPF-M6C13_G16_s20232961220208_e20232961229528_c20232961229586.nc removido com sucesso!
23/10/2023 09:47:14 INFO Arquivo CG_ABI-L2-CMIPF-M6C14_G16_s20232961220208_e20232961229517_c20232961229592.nc removido com sucesso!
23/10/2023 09:47:14 INFO Arquivo CG_ABI-L2-CMIPF-M6C15_G16_s20232961220208_e20232961229522_c20232961229592.nc removido com sucesso!
23/10/2023 09:47:14 INFO Arquivo CG_ABI-L2-CMIPF-M6C16_G16_s20232961220208_e20232961229528_c20232961230002.nc removido com sucesso!
23/10/2023 09:47:14 INFO Removendo imagens rrqpef
23/10/2023 09:47:14 INFO [Errno 2] No such file or directory: '/home/guimoura/processamento/goes/rrqpef/OR_ABI-L2-RRQPEF-M6_G16_s20232961220208_e20232961229517_c20232961230002_reproj_br.nc'
23/10/2023 09:47:14 INFO Removendo imagens GLM
23/10/2023 09:47:14 INFO Quantidade de produtos glm dentro do limite
23/10/2023 09:47:14 INFO Removendo imagens FDCF
23/10/2023 09:47:14 INFO 
23/10/2023 09:47:14 INFO VERIFICANDO NUMERO DE PRODUTOS...
23/10/2023 09:47:15 INFO Quantidade de produtos dentro do limite
23/10/2023 09:47:15 INFO 
23/10/2023 09:47:15 INFO CRIANDO GIF ANIMADO "BR"...
23/10/2023 09:47:15 INFO Gif BR banda 01
23/10/2023 09:47:15 INFO Gif BR banda 02
23/10/2023 09:47:15 INFO Gif BR banda 03
23/10/2023 09:47:15 INFO Gif BR banda 04
23/10/2023 09:47:15 INFO Gif BR banda 05
23/10/2023 09:47:15 INFO Gif BR banda 06
23/10/2023 09:47:15 INFO Gif BR banda 07
23/10/2023 09:47:15 INFO Gif BR banda 08
23/10/2023 09:47:15 INFO Gif BR banda 09
23/10/2023 09:47:15 INFO Gif BR banda 10
23/10/2023 09:47:15 INFO Gif BR banda 11
23/10/2023 09:47:15 INFO Gif BR banda 12
23/10/2023 09:47:15 INFO Gif BR banda 13
23/10/2023 09:47:15 INFO Gif BR banda 14
23/10/2023 09:47:15 INFO Gif BR banda 15
23/10/2023 09:47:15 INFO Gif BR banda 16
23/10/2023 09:47:21 INFO 
23/10/2023 09:47:21 INFO CRIANDO GIF ANIMADO "SP"...
23/10/2023 09:47:21 INFO Gif SP banda 01
23/10/2023 09:47:21 INFO Gif SP banda 02
23/10/2023 09:47:21 INFO Gif SP banda 03
23/10/2023 09:47:21 INFO Gif SP banda 04
23/10/2023 09:47:21 INFO Gif SP banda 05
23/10/2023 09:47:21 INFO Gif SP banda 06
23/10/2023 09:47:21 INFO Gif SP banda 07
23/10/2023 09:47:21 INFO Gif SP banda 08
23/10/2023 09:47:21 INFO Gif SP banda 09
23/10/2023 09:47:21 INFO Gif SP banda 10
23/10/2023 09:47:21 INFO Gif SP banda 11
23/10/2023 09:47:21 INFO Gif SP banda 12
23/10/2023 09:47:21 INFO Gif SP banda 13
23/10/2023 09:47:21 INFO Gif SP banda 14
23/10/2023 09:47:21 INFO Gif SP banda 15
23/10/2023 09:47:21 INFO Gif SP banda 16
23/10/2023 09:47:21 INFO 
23/10/2023 09:47:21 INFO CRIANDO GIF ANIMADO TRUECOLOR "BR"...
23/10/2023 09:47:24 INFO 
23/10/2023 09:47:24 INFO CRIANDO GIF ANIMADO TRUECOLOR "SP"...
23/10/2023 09:47:26 INFO 
23/10/2023 09:47:26 INFO CRIANDO GIF ANIMADO RRQPEF "BR"...
23/10/2023 09:47:27 INFO 
23/10/2023 09:47:27 INFO CRIANDO GIF ANIMADO RRQPEF "SP"...
23/10/2023 09:47:28 INFO 
23/10/2023 09:47:28 INFO CRIANDO GIF ANIMADO FDCF "BR"...
23/10/2023 09:47:30 INFO 
23/10/2023 09:47:30 INFO CRIANDO GIF ANIMADO Airmass "BR"...
23/10/2023 09:47:30 INFO 
23/10/2023 09:47:30 INFO CRIANDO GIF ANIMADO Airmass "BR"...
23/10/2023 09:47:31 INFO 
23/10/2023 09:47:31 INFO ENVIANDO PRODUTOS PARA O SITE
23/10/2023 09:49:41 INFO 
23/10/2023 09:49:41 INFO FALHA AO ENVIAR PRODUTOS PARA O SITE - [Errno 110] Connection timed out
23/10/2023 09:49:41 INFO 
23/10/2023 09:49:41 INFO Tempo gasto 373.9952 segundos
23/10/2023 09:49:41 INFO 
23/10/2023 09:49:41 INFO =========================================================================================================
23/10/2023 09:49:41 INFO =                         PROCESSAMENTO ENCERRADO GOES AS 23/10/2023-09:49:41                           =
23/10/2023 09:49:41 INFO =========================================================================================================
23/10/2023 09:49:41 INFO 
23/10/2023 09:49:41 INFO 
23/10/2023 12:16:25 INFO 
23/10/2023 12:16:25 INFO 
23/10/2023 12:16:25 INFO ==================================================================================================================
23/10/2023 12:16:25 INFO =                                  DOWNLOAD IMAGENS GOES AS 23/10/2023-12:16:25                                  =
23/10/2023 12:16:25 INFO ==================================================================================================================
23/10/2023 12:16:25 INFO 
23/10/2023 12:16:25 INFO 
23/10/2023 12:16:25 INFO Tentando download Band01...
23/10/2023 12:16:26 INFO Downloading file /home/guimoura/processamento/goes/band01/OR_ABI-L2-CMIPF-M6C01_G16_s20232961500208_e20232961509517_c20232961509571.nc
23/10/2023 12:16:36 INFO 
23/10/2023 12:16:36 INFO Tentando download Band02...
23/10/2023 12:16:37 INFO Downloading file /home/guimoura/processamento/goes/band02/OR_ABI-L2-CMIPF-M6C02_G16_s20232961500208_e20232961509517_c20232961509568.nc
23/10/2023 12:17:22 INFO 
23/10/2023 12:17:22 INFO Tentando download Band03...
23/10/2023 12:17:22 INFO Downloading file /home/guimoura/processamento/goes/band03/OR_ABI-L2-CMIPF-M6C03_G16_s20232961500208_e20232961509517_c20232961509571.nc
23/10/2023 12:17:38 INFO 
23/10/2023 12:17:38 INFO Tentando download Band04...
23/10/2023 12:17:39 INFO Downloading file /home/guimoura/processamento/goes/band04/OR_ABI-L2-CMIPF-M6C04_G16_s20232961500208_e20232961509517_c20232961509558.nc
23/10/2023 12:17:43 INFO 
23/10/2023 12:17:43 INFO Tentando download Band05...
23/10/2023 12:17:44 INFO Downloading file /home/guimoura/processamento/goes/band05/OR_ABI-L2-CMIPF-M6C05_G16_s20232961500208_e20232961509517_c20232961509570.nc
23/10/2023 12:17:58 INFO 
23/10/2023 12:17:58 INFO Tentando download Band06...
23/10/2023 12:17:59 INFO Downloading file /home/guimoura/processamento/goes/band06/OR_ABI-L2-CMIPF-M6C06_G16_s20232961500208_e20232961509522_c20232961509561.nc
23/10/2023 12:18:05 INFO 
23/10/2023 12:18:05 INFO Tentando download Band07...
23/10/2023 12:18:06 INFO Downloading file /home/guimoura/processamento/goes/band07/OR_ABI-L2-CMIPF-M6C07_G16_s20232961500208_e20232961509528_c20232961509579.nc
23/10/2023 12:18:11 INFO 
23/10/2023 12:18:11 INFO Tentando download Band08...
23/10/2023 12:18:12 INFO Downloading file /home/guimoura/processamento/goes/band08/OR_ABI-L2-CMIPF-M6C08_G16_s20232961500208_e20232961509517_c20232961509580.nc
23/10/2023 12:18:18 INFO 
23/10/2023 12:18:18 INFO Tentando download Band09...
23/10/2023 12:18:18 INFO Downloading file /home/guimoura/processamento/goes/band09/OR_ABI-L2-CMIPF-M6C09_G16_s20232961500208_e20232961509522_c20232961509590.nc
23/10/2023 12:18:24 INFO 
23/10/2023 12:18:24 INFO Tentando download Band10...
23/10/2023 12:18:25 INFO Downloading file /home/guimoura/processamento/goes/band10/OR_ABI-L2-CMIPF-M6C10_G16_s20232961500208_e20232961509528_c20232961509590.nc
23/10/2023 12:18:30 INFO 
23/10/2023 12:18:30 INFO Tentando download Band11...
23/10/2023 12:18:31 INFO Downloading file /home/guimoura/processamento/goes/band11/OR_ABI-L2-CMIPF-M6C11_G16_s20232961500208_e20232961509517_c20232961509581.nc
23/10/2023 12:18:37 INFO 
23/10/2023 12:18:37 INFO Tentando download Band12...
23/10/2023 12:18:37 INFO Downloading file /home/guimoura/processamento/goes/band12/OR_ABI-L2-CMIPF-M6C12_G16_s20232961500208_e20232961509522_c20232961509581.nc
23/10/2023 12:18:43 INFO 
23/10/2023 12:18:43 INFO Tentando download Band13...
23/10/2023 12:18:44 INFO Downloading file /home/guimoura/processamento/goes/band13/OR_ABI-L2-CMIPF-M6C13_G16_s20232961500208_e20232961509528_c20232961509581.nc
23/10/2023 12:18:51 INFO 
23/10/2023 12:18:51 INFO Tentando download Band14...
23/10/2023 12:18:52 INFO Downloading file /home/guimoura/processamento/goes/band14/OR_ABI-L2-CMIPF-M6C14_G16_s20232961500208_e20232961509517_c20232961509580.nc
23/10/2023 12:18:57 INFO 
23/10/2023 12:18:57 INFO Tentando download Band15...
23/10/2023 12:18:57 INFO Downloading file /home/guimoura/processamento/goes/band15/OR_ABI-L2-CMIPF-M6C15_G16_s20232961500208_e20232961509523_c20232961509589.nc
23/10/2023 12:19:06 INFO 
23/10/2023 12:19:06 INFO Tentando download Band16...
23/10/2023 12:19:07 INFO Downloading file /home/guimoura/processamento/goes/band16/OR_ABI-L2-CMIPF-M6C16_G16_s20232961500208_e20232961509529_c20232961509599.nc
23/10/2023 12:48:29 INFO 
23/10/2023 12:48:29 INFO 
23/10/2023 12:48:29 INFO =========================================================================================================
23/10/2023 12:48:29 INFO =                             PROCESSANDO IMAGENS GOES AS 23/10/2023-12:48:29                           =
23/10/2023 12:48:29 INFO =========================================================================================================
23/10/2023 12:48:29 INFO 
23/10/2023 12:48:29 INFO VERIFICANDO NOVAS IMAGENS
23/10/2023 12:48:29 INFO Novas imagens para o dia band01
23/10/2023 12:48:29 INFO Novas imagens para o dia band02
23/10/2023 12:48:29 INFO Novas imagens para o dia band03
23/10/2023 12:48:29 INFO Novas imagens para o dia band04
23/10/2023 12:48:29 INFO Novas imagens para o dia band05
23/10/2023 12:48:29 INFO Novas imagens para o dia band06
23/10/2023 12:48:29 INFO Novas imagens para o dia band07
23/10/2023 12:48:29 INFO Novas imagens para o dia band08
23/10/2023 12:48:29 INFO Novas imagens para o dia band09
23/10/2023 12:48:29 INFO Novas imagens para o dia band10
23/10/2023 12:48:29 INFO Novas imagens para o dia band11
23/10/2023 12:48:29 INFO Novas imagens para o dia band12
23/10/2023 12:48:29 INFO Novas imagens para o dia band13
23/10/2023 12:48:29 INFO Novas imagens para o dia band14
23/10/2023 12:48:29 INFO Novas imagens para o dia band15
23/10/2023 12:48:29 INFO Novas imagens para o dia band16
23/10/2023 12:48:29 INFO Novas imagens TRUECOLOR
23/10/2023 12:48:32 INFO Novas imagens RRQPEF
23/10/2023 12:48:32 INFO Novas imagens GLM
23/10/2023 12:48:32 INFO Novas imagens NDVI
23/10/2023 12:48:35 INFO Novas imagens FDCF
23/10/2023 12:48:35 INFO Novas imagens AirMass
23/10/2023 12:48:35 INFO 
23/10/2023 12:48:35 INFO PROCESSANDO IMAGENS "BR"...
23/10/2023 12:49:23 INFO /home/guimoura/processamento/goes/band08/CG_ABI-L2-CMIPF-M6C08_G16_s20232961500208_e20232961509517_c20232961509580.nc - br - 47.5517 segundos
23/10/2023 12:49:23 INFO /home/guimoura/processamento/goes/band09/CG_ABI-L2-CMIPF-M6C09_G16_s20232961500208_e20232961509522_c20232961509590.nc - br - 47.6688 segundos
23/10/2023 12:49:23 INFO /home/guimoura/processamento/goes/band12/CG_ABI-L2-CMIPF-M6C12_G16_s20232961500208_e20232961509522_c20232961509581.nc - br - 48.3189 segundos
23/10/2023 12:49:24 INFO /home/guimoura/processamento/goes/band10/CG_ABI-L2-CMIPF-M6C10_G16_s20232961500208_e20232961509528_c20232961509590.nc - br - 48.4487 segundos
23/10/2023 12:49:24 INFO /home/guimoura/processamento/goes/band06/CG_ABI-L2-CMIPF-M6C06_G16_s20232961500208_e20232961509522_c20232961509561.nc - br - 48.8372 segundos
23/10/2023 12:49:24 INFO /home/guimoura/processamento/goes/band07/CG_ABI-L2-CMIPF-M6C07_G16_s20232961500208_e20232961509528_c20232961509579.nc - br - 48.8544 segundos
23/10/2023 12:49:24 INFO /home/guimoura/processamento/goes/band04/CG_ABI-L2-CMIPF-M6C04_G16_s20232961500208_e20232961509517_c20232961509558.nc - br - 49.0073 segundos
23/10/2023 12:49:24 INFO /home/guimoura/processamento/goes/band11/CG_ABI-L2-CMIPF-M6C11_G16_s20232961500208_e20232961509517_c20232961509581.nc - br - 49.0419 segundos
23/10/2023 12:49:25 INFO /home/guimoura/processamento/goes/band16/CG_ABI-L2-CMIPF-M6C16_G16_s20232961500208_e20232961509529_c20232961509599.nc - br - 49.3882 segundos
23/10/2023 12:49:25 INFO /home/guimoura/processamento/goes/band13/CG_ABI-L2-CMIPF-M6C13_G16_s20232961500208_e20232961509528_c20232961509581.nc - br - 49.4122 segundos
23/10/2023 12:49:25 INFO /home/guimoura/processamento/goes/band15/CG_ABI-L2-CMIPF-M6C15_G16_s20232961500208_e20232961509523_c20232961509589.nc - br - 49.6966 segundos
23/10/2023 12:49:25 INFO /home/guimoura/processamento/goes/band14/CG_ABI-L2-CMIPF-M6C14_G16_s20232961500208_e20232961509517_c20232961509580.nc - br - 49.7739 segundos
23/10/2023 12:49:26 INFO /home/guimoura/processamento/goes/band03/CG_ABI-L2-CMIPF-M6C03_G16_s20232961500208_e20232961509517_c20232961509571.nc - br - 50.8092 segundos
23/10/2023 12:49:26 INFO /home/guimoura/processamento/goes/band05/CG_ABI-L2-CMIPF-M6C05_G16_s20232961500208_e20232961509517_c20232961509570.nc - br - 50.8218 segundos
23/10/2023 12:49:26 INFO /home/guimoura/processamento/goes/band01/CG_ABI-L2-CMIPF-M6C01_G16_s20232961500208_e20232961509517_c20232961509571.nc - br - 50.9019 segundos
23/10/2023 12:49:28 INFO /home/guimoura/processamento/goes/band02/CG_ABI-L2-CMIPF-M6C02_G16_s20232961500208_e20232961509517_c20232961509568.nc - br - 52.6833 segundos
23/10/2023 12:49:28 INFO 
23/10/2023 12:49:28 INFO PROCESSANDO IMAGENS "SP"...
23/10/2023 12:50:04 INFO /home/guimoura/processamento/goes/band16/CG_ABI-L2-CMIPF-M6C16_G16_s20232961500208_e20232961509529_c20232961509599.nc - sp - 36.1539 segundos
23/10/2023 12:50:04 INFO /home/guimoura/processamento/goes/band09/CG_ABI-L2-CMIPF-M6C09_G16_s20232961500208_e20232961509522_c20232961509590.nc - sp - 36.3292 segundos
23/10/2023 12:50:05 INFO /home/guimoura/processamento/goes/band04/CG_ABI-L2-CMIPF-M6C04_G16_s20232961500208_e20232961509517_c20232961509558.nc - sp - 36.9172 segundos
23/10/2023 12:50:05 INFO /home/guimoura/processamento/goes/band08/CG_ABI-L2-CMIPF-M6C08_G16_s20232961500208_e20232961509517_c20232961509580.nc - sp - 37.2927 segundos
23/10/2023 12:50:05 INFO /home/guimoura/processamento/goes/band12/CG_ABI-L2-CMIPF-M6C12_G16_s20232961500208_e20232961509522_c20232961509581.nc - sp - 37.2497 segundos
23/10/2023 12:50:05 INFO /home/guimoura/processamento/goes/band10/CG_ABI-L2-CMIPF-M6C10_G16_s20232961500208_e20232961509528_c20232961509590.nc - sp - 37.2934 segundos
23/10/2023 12:50:05 INFO /home/guimoura/processamento/goes/band15/CG_ABI-L2-CMIPF-M6C15_G16_s20232961500208_e20232961509523_c20232961509589.nc - sp - 37.3653 segundos
23/10/2023 12:50:05 INFO /home/guimoura/processamento/goes/band01/CG_ABI-L2-CMIPF-M6C01_G16_s20232961500208_e20232961509517_c20232961509571.nc - sp - 37.5283 segundos
23/10/2023 12:50:05 INFO /home/guimoura/processamento/goes/band07/CG_ABI-L2-CMIPF-M6C07_G16_s20232961500208_e20232961509528_c20232961509579.nc - sp - 37.5131 segundos
23/10/2023 12:50:05 INFO /home/guimoura/processamento/goes/band13/CG_ABI-L2-CMIPF-M6C13_G16_s20232961500208_e20232961509528_c20232961509581.nc - sp - 37.498 segundos
23/10/2023 12:50:06 INFO /home/guimoura/processamento/goes/band06/CG_ABI-L2-CMIPF-M6C06_G16_s20232961500208_e20232961509522_c20232961509561.nc - sp - 37.7126 segundos
23/10/2023 12:50:06 INFO /home/guimoura/processamento/goes/band11/CG_ABI-L2-CMIPF-M6C11_G16_s20232961500208_e20232961509517_c20232961509581.nc - sp - 37.7628 segundos
23/10/2023 12:50:06 INFO /home/guimoura/processamento/goes/band05/CG_ABI-L2-CMIPF-M6C05_G16_s20232961500208_e20232961509517_c20232961509570.nc - sp - 37.8726 segundos
23/10/2023 12:50:06 INFO /home/guimoura/processamento/goes/band14/CG_ABI-L2-CMIPF-M6C14_G16_s20232961500208_e20232961509517_c20232961509580.nc - sp - 37.7704 segundos
23/10/2023 12:50:06 INFO /home/guimoura/processamento/goes/band03/CG_ABI-L2-CMIPF-M6C03_G16_s20232961500208_e20232961509517_c20232961509571.nc - sp - 37.9389 segundos
23/10/2023 12:50:06 INFO /home/guimoura/processamento/goes/band02/CG_ABI-L2-CMIPF-M6C02_G16_s20232961500208_e20232961509517_c20232961509568.nc - sp - 37.9758 segundos
23/10/2023 12:50:06 INFO 
23/10/2023 12:50:06 INFO PROCESSANDO IMAGENS TRUECOLOR WITH NIGHT "BR"...
23/10/2023 12:50:18 INFO Atmosphere chosen: us-standard
23/10/2023 12:50:21 WARNING Clipping input data to the valid range for imshow with RGB data ([0..1] for floats or [0..255] for integers).
23/10/2023 12:50:29 INFO True Color - Tempo de Processamento: 23.25 segundos.
23/10/2023 12:50:29 INFO 
23/10/2023 12:50:29 INFO PROCESSANDO IMAGENS TRUECOLOR WITH NIGHT "SP"...
23/10/2023 12:50:30 INFO Atmosphere chosen: us-standard
23/10/2023 12:50:32 WARNING Clipping input data to the valid range for imshow with RGB data ([0..1] for floats or [0..255] for integers).
23/10/2023 12:50:39 INFO True Color - Tempo de Processamento: 10.02 segundos.
23/10/2023 12:50:39 INFO 
23/10/2023 12:50:39 INFO PROCESSANDO IMAGENS RRQPEF "BR"...
23/10/2023 12:50:48 INFO /home/guimoura/processamento/goes/rrqpef/OR_ABI-L2-RRQPEF-M6_G16_s20232931510207_e20232931519515_c20232931520002.nc - br - 8.9683 segundos
23/10/2023 12:50:48 INFO 
23/10/2023 12:50:48 INFO PROCESSANDO IMAGENS RRQPEF "SP"...
23/10/2023 12:50:55 INFO /home/guimoura/processamento/goes/rrqpef/OR_ABI-L2-RRQPEF-M6_G16_s20232931510207_e20232931519515_c20232931520002.nc - sp - 6.5328 segundos
23/10/2023 12:50:55 INFO 
23/10/2023 12:50:55 INFO PROCESSANDO IMAGENS GLM "BR"...
23/10/2023 12:51:02 INFO /home/guimoura/processamento/goes/glm/OR_GLM-L2-LCFA_G16_s20232961500*.nc - br - 7.69 segundos
23/10/2023 12:51:02 INFO 
23/10/2023 12:51:02 INFO PROCESSANDO IMAGENS NDVI...
23/10/2023 12:51:02 INFO Download File Mask NDVI
23/10/2023 12:51:10 INFO Salvando - NDVI
23/10/2023 12:51:10 INFO Removendo arquivo filemask do diretrio
23/10/2023 12:51:10 INFO /home/guimoura/processamento/goes/band02/CG_ABI-L2-CMIPF-M6 - br - 7.8376 segundos
23/10/2023 12:51:10 INFO 
23/10/2023 12:51:10 INFO PROCESSANDO IMAGENS FDCF "BR"...
23/10/2023 12:51:10 INFO fdcf_diario: False
