17/08/2023 08:16:01 INFO 
17/08/2023 08:16:01 INFO 
17/08/2023 08:16:01 INFO =========================================================================================================
17/08/2023 08:16:01 INFO =                             PROCESSANDO IMAGENS GOES AS 17/08/2023-08:16:01                           =
17/08/2023 08:16:01 INFO =========================================================================================================
17/08/2023 08:16:01 INFO 
17/08/2023 08:16:01 INFO VERIFICANDO NOVAS IMAGENS
17/08/2023 08:16:01 INFO Novas imagens Banda 01
17/08/2023 08:16:01 INFO Sem novas imagens Banda 02
17/08/2023 08:16:01 INFO Sem novas imagens Banda 03
17/08/2023 08:16:01 INFO Sem novas imagens Banda 04
17/08/2023 08:16:01 INFO Sem novas imagens Banda 05
17/08/2023 08:16:01 INFO Sem novas imagens Banda 06
17/08/2023 08:16:01 INFO Sem novas imagens Banda 07
17/08/2023 08:16:01 INFO Sem novas imagens Banda 08
17/08/2023 08:16:01 INFO Sem novas imagens Banda 09
17/08/2023 08:16:01 INFO Sem novas imagens Banda 10
17/08/2023 08:16:01 INFO Sem novas imagens Banda 11
17/08/2023 08:16:01 INFO Sem novas imagens Banda 12
17/08/2023 08:16:01 INFO Sem novas imagens Banda 13
17/08/2023 08:16:01 INFO Sem novas imagens Banda 14
17/08/2023 08:16:01 INFO Sem novas imagens Banda 15
17/08/2023 08:16:01 INFO Sem novas imagens Banda 16
17/08/2023 08:16:01 INFO Sem novas imagens TRUECOLOR
17/08/2023 08:16:01 INFO Sem novas imagens RRQPEF
17/08/2023 08:16:01 INFO Sem novas imagens GLM
17/08/2023 08:16:01 INFO Sem novas imagens NDVI
17/08/2023 08:16:01 INFO Sem novas imagens FDCF
17/08/2023 08:16:01 INFO 
17/08/2023 08:16:01 INFO PROCESSANDO IMAGENS "BR"...
17/08/2023 08:16:08 INFO /home/guimoura/download_amazon/goes/band01/CG_ABI-L2-CMIPF-M6C01_G16_s20232271009512_e20232240009512_c20232240009584.nc - br - 6.9517 segundos
17/08/2023 08:16:08 INFO 
17/08/2023 08:16:08 INFO PROCESSANDO IMAGENS "SP"...
17/08/2023 08:16:13 INFO /home/guimoura/download_amazon/goes/band01/CG_ABI-L2-CMIPF-M6C01_G16_s20232271009512_e20232240009512_c20232240009584.nc - sp - 4.9445 segundos
17/08/2023 08:16:13 INFO 
17/08/2023 08:16:13 INFO PROCESSAMENTO ENCERRADO
17/08/2023 08:16:13 INFO 
17/08/2023 08:16:13 INFO REMOVENDO IMAGENS PROCESSADAS
17/08/2023 08:16:13 INFO Removendo imagens banda 01
17/08/2023 08:16:13 INFO Removendo arquivo de processamento da banda 01
17/08/2023 08:16:13 INFO 
17/08/2023 08:16:13 INFO VERIFICANDO NUMERO DE PRODUTOS...
17/08/2023 08:16:13 INFO Quantidade de produtos dentro do limite
17/08/2023 08:16:13 INFO 
17/08/2023 08:16:13 INFO CRIANDO GIF ANIMADO "BR"...
17/08/2023 08:16:13 INFO Gif BR banda 01
17/08/2023 08:16:13 INFO 
17/08/2023 08:16:13 INFO CRIANDO GIF ANIMADO "SP"...
17/08/2023 08:16:13 INFO Gif SP banda 01
17/08/2023 08:16:13 INFO 
17/08/2023 08:16:13 INFO Tempo gasto 12.139 segundos
17/08/2023 08:16:13 INFO 
17/08/2023 08:16:13 INFO =========================================================================================================
17/08/2023 08:16:13 INFO =                         PROCESSAMENTO ENCERRADO GOES AS 17/08/2023-08:16:13                           =
17/08/2023 08:16:13 INFO =========================================================================================================
17/08/2023 08:16:13 INFO 
17/08/2023 08:16:13 INFO 
17/08/2023 08:19:01 INFO 
17/08/2023 08:19:01 INFO 
17/08/2023 08:19:01 INFO =========================================================================================================
17/08/2023 08:19:01 INFO =                             PROCESSANDO IMAGENS GOES AS 17/08/2023-08:19:01                           =
17/08/2023 08:19:01 INFO =========================================================================================================
17/08/2023 08:19:01 INFO 
17/08/2023 08:19:01 INFO VERIFICANDO NOVAS IMAGENS
17/08/2023 08:19:01 INFO Novas imagens Banda 01
17/08/2023 08:19:01 INFO Sem novas imagens Banda 02
17/08/2023 08:19:01 INFO Sem novas imagens Banda 03
17/08/2023 08:19:01 INFO Sem novas imagens Banda 04
17/08/2023 08:19:01 INFO Sem novas imagens Banda 05
17/08/2023 08:19:01 INFO Sem novas imagens Banda 06
17/08/2023 08:19:01 INFO Sem novas imagens Banda 07
17/08/2023 08:19:01 INFO Sem novas imagens Banda 08
17/08/2023 08:19:01 INFO Sem novas imagens Banda 09
17/08/2023 08:19:01 INFO Sem novas imagens Banda 10
17/08/2023 08:19:01 INFO Sem novas imagens Banda 11
17/08/2023 08:19:01 INFO Sem novas imagens Banda 12
17/08/2023 08:19:01 INFO Sem novas imagens Banda 13
17/08/2023 08:19:01 INFO Sem novas imagens Banda 14
17/08/2023 08:19:01 INFO Sem novas imagens Banda 15
17/08/2023 08:19:01 INFO Sem novas imagens Banda 16
17/08/2023 08:19:01 INFO Sem novas imagens TRUECOLOR
17/08/2023 08:19:01 INFO Sem novas imagens RRQPEF
17/08/2023 08:19:01 INFO Sem novas imagens GLM
17/08/2023 08:19:01 INFO Sem novas imagens NDVI
17/08/2023 08:19:01 INFO Sem novas imagens FDCF
17/08/2023 08:19:01 INFO 
17/08/2023 08:19:01 INFO PROCESSANDO IMAGENS "BR"...
17/08/2023 08:19:09 INFO /home/guimoura/download_amazon/goes/band01/CG_ABI-L2-CMIPF-M6C01_G16_s20232281500208_e20232281509516_c20232281509590.nc - br - 7.994 segundos
17/08/2023 08:19:09 INFO 
17/08/2023 08:19:09 INFO PROCESSANDO IMAGENS "SP"...
17/08/2023 08:19:15 INFO /home/guimoura/download_amazon/goes/band01/CG_ABI-L2-CMIPF-M6C01_G16_s20232281500208_e20232281509516_c20232281509590.nc - sp - 5.3181 segundos
17/08/2023 08:19:15 INFO 
17/08/2023 08:19:15 INFO PROCESSAMENTO ENCERRADO
17/08/2023 08:19:15 INFO 
17/08/2023 08:19:15 INFO REMOVENDO IMAGENS PROCESSADAS
17/08/2023 08:19:15 INFO Removendo imagens banda 01
17/08/2023 08:19:15 INFO Removendo arquivo de processamento da banda 01
17/08/2023 08:19:15 INFO 
17/08/2023 08:19:15 INFO VERIFICANDO NUMERO DE PRODUTOS...
17/08/2023 08:19:15 INFO Quantidade de produtos dentro do limite
17/08/2023 08:19:15 INFO 
17/08/2023 08:19:15 INFO CRIANDO GIF ANIMADO "BR"...
17/08/2023 08:19:15 INFO Gif BR banda 01
17/08/2023 08:19:15 INFO 
17/08/2023 08:19:15 INFO CRIANDO GIF ANIMADO "SP"...
17/08/2023 08:19:15 INFO Gif SP banda 01
17/08/2023 08:19:15 INFO 
17/08/2023 08:19:15 INFO Tempo gasto 13.6098 segundos
17/08/2023 08:19:15 INFO 
17/08/2023 08:19:15 INFO =========================================================================================================
17/08/2023 08:19:15 INFO =                         PROCESSAMENTO ENCERRADO GOES AS 17/08/2023-08:19:15                           =
17/08/2023 08:19:15 INFO =========================================================================================================
17/08/2023 08:19:15 INFO 
17/08/2023 08:19:15 INFO 
17/08/2023 08:31:58 INFO 
17/08/2023 08:31:58 INFO 
17/08/2023 08:31:58 INFO =========================================================================================================
17/08/2023 08:31:58 INFO =                             PROCESSANDO IMAGENS GOES AS 17/08/2023-08:31:58                           =
17/08/2023 08:31:58 INFO =========================================================================================================
17/08/2023 08:31:58 INFO 
17/08/2023 08:31:58 INFO VERIFICANDO NOVAS IMAGENS
17/08/2023 08:31:58 INFO Sem novas imagens Banda 01
17/08/2023 08:31:58 INFO Sem novas imagens Banda 02
17/08/2023 08:31:58 INFO Sem novas imagens Banda 03
17/08/2023 08:31:58 INFO Sem novas imagens Banda 04
17/08/2023 08:31:58 INFO Sem novas imagens Banda 05
17/08/2023 08:31:58 INFO Sem novas imagens Banda 06
17/08/2023 08:31:58 INFO Sem novas imagens Banda 07
17/08/2023 08:31:58 INFO Sem novas imagens Banda 08
17/08/2023 08:31:58 INFO Sem novas imagens Banda 09
17/08/2023 08:31:58 INFO Sem novas imagens Banda 10
17/08/2023 08:31:58 INFO Sem novas imagens Banda 11
17/08/2023 08:31:58 INFO Sem novas imagens Banda 12
17/08/2023 08:31:58 INFO Sem novas imagens Banda 13
17/08/2023 08:31:58 INFO Sem novas imagens Banda 14
17/08/2023 08:31:58 INFO Sem novas imagens Banda 15
17/08/2023 08:31:58 INFO Sem novas imagens Banda 16
17/08/2023 08:31:58 INFO Sem novas imagens TRUECOLOR
17/08/2023 08:31:58 INFO Sem novas imagens RRQPEF
17/08/2023 08:31:58 INFO Sem novas imagens GLM
17/08/2023 08:31:58 INFO Sem novas imagens NDVI
17/08/2023 08:31:58 INFO Sem novas imagens FDCF
17/08/2023 08:31:58 INFO 
17/08/2023 08:31:58 INFO SEM NOVAS IMAGENS PARA PROCESSAMENTO
17/08/2023 08:31:58 INFO 
17/08/2023 08:31:58 INFO Tempo gasto 0.0015 segundos
17/08/2023 08:31:58 INFO 
17/08/2023 08:31:58 INFO =========================================================================================================
17/08/2023 08:31:58 INFO =                         PROCESSAMENTO ENCERRADO GOES AS 17/08/2023-08:31:58                           =
17/08/2023 08:31:58 INFO =========================================================================================================
17/08/2023 08:31:58 INFO 
17/08/2023 08:31:58 INFO 
17/08/2023 08:32:24 INFO 
17/08/2023 08:32:24 INFO 
17/08/2023 08:32:24 INFO =========================================================================================================
17/08/2023 08:32:24 INFO =                             PROCESSANDO IMAGENS GOES AS 17/08/2023-08:32:24                           =
17/08/2023 08:32:24 INFO =========================================================================================================
17/08/2023 08:32:24 INFO 
17/08/2023 08:32:24 INFO VERIFICANDO NOVAS IMAGENS
17/08/2023 08:32:24 INFO Novas imagens Banda 01
17/08/2023 08:32:24 INFO Sem novas imagens Banda 02
17/08/2023 08:32:24 INFO Sem novas imagens Banda 03
17/08/2023 08:32:24 INFO Sem novas imagens Banda 04
17/08/2023 08:32:24 INFO Sem novas imagens Banda 05
17/08/2023 08:32:24 INFO Sem novas imagens Banda 06
17/08/2023 08:32:24 INFO Sem novas imagens Banda 07
17/08/2023 08:32:24 INFO Sem novas imagens Banda 08
17/08/2023 08:32:24 INFO Sem novas imagens Banda 09
17/08/2023 08:32:24 INFO Sem novas imagens Banda 10
17/08/2023 08:32:24 INFO Sem novas imagens Banda 11
17/08/2023 08:32:24 INFO Sem novas imagens Banda 12
17/08/2023 08:32:24 INFO Sem novas imagens Banda 13
17/08/2023 08:32:24 INFO Sem novas imagens Banda 14
17/08/2023 08:32:24 INFO Sem novas imagens Banda 15
17/08/2023 08:32:24 INFO Sem novas imagens Banda 16
17/08/2023 08:32:24 INFO Sem novas imagens TRUECOLOR
17/08/2023 08:32:24 INFO Sem novas imagens RRQPEF
17/08/2023 08:32:24 INFO Sem novas imagens GLM
17/08/2023 08:32:24 INFO Sem novas imagens NDVI
17/08/2023 08:32:24 INFO Sem novas imagens FDCF
17/08/2023 08:32:24 INFO 
17/08/2023 08:32:24 INFO PROCESSANDO IMAGENS "BR"...
17/08/2023 08:32:32 INFO /home/guimoura/download_amazon/goes/band01/CG_ABI-L2-CMIPF-M6C01_G16_s20232281510208_e20232281519516_c20232281519587.nc - br - 7.7112 segundos
17/08/2023 08:32:32 INFO 
17/08/2023 08:32:32 INFO PROCESSANDO IMAGENS "SP"...
17/08/2023 08:32:37 INFO /home/guimoura/download_amazon/goes/band01/CG_ABI-L2-CMIPF-M6C01_G16_s20232281510208_e20232281519516_c20232281519587.nc - sp - 5.3127 segundos
17/08/2023 08:32:37 INFO 
17/08/2023 08:32:37 INFO PROCESSAMENTO ENCERRADO
17/08/2023 08:32:37 INFO 
17/08/2023 08:32:37 INFO REMOVENDO IMAGENS PROCESSADAS
17/08/2023 08:32:37 INFO Removendo imagens banda 01
17/08/2023 08:32:38 INFO Removendo arquivo de processamento da banda 01
17/08/2023 08:32:38 INFO 
17/08/2023 08:32:38 INFO VERIFICANDO NUMERO DE PRODUTOS...
17/08/2023 08:32:38 INFO Quantidade de produtos dentro do limite
17/08/2023 08:32:38 INFO 
17/08/2023 08:32:38 INFO CRIANDO GIF ANIMADO "BR"...
17/08/2023 08:32:38 INFO Gif BR banda 01
17/08/2023 08:32:38 INFO 
17/08/2023 08:32:38 INFO CRIANDO GIF ANIMADO "SP"...
17/08/2023 08:32:38 INFO Gif SP banda 01
17/08/2023 08:32:38 INFO 
17/08/2023 08:32:38 INFO Tempo gasto 13.3948 segundos
17/08/2023 08:32:38 INFO 
17/08/2023 08:32:38 INFO =========================================================================================================
17/08/2023 08:32:38 INFO =                         PROCESSAMENTO ENCERRADO GOES AS 17/08/2023-08:32:38                           =
17/08/2023 08:32:38 INFO =========================================================================================================
17/08/2023 08:32:38 INFO 
17/08/2023 08:32:38 INFO 
